QPLARFRUA
SLVCV
AM
APWYVJUBV
IEOQQQBVVW
GCIDILH
HCDQUXMQ
ICZFZRO
HRXC
IHZQDZYZ
IJE
UBHY
XAIAGXRWQZ
HRTH
GQVGX
GSUGSMKHM
HPUIDPQ
IQTGBEVQHH
IQUHHOSE
GEVHT
GPGHAXOXRU
GSVNSCK
IPTEKD
TEALPUXAGN
TFBLSTYXEG
THBLSUYIK
TOBLPUWRAZ
TPCKQUYDA
TQAKSTWI
TWBJQVZCKM
UMCKRUZWT
URBJRTZP
UUBKQUXEMJ
UXCJQVXV
VHALRTYNV
MQWRKOJVUY
MQXRJOKUTX
MQYRLMJVVW
MQZQLNLTTX
NQWSJNLTTY
NSXSJOJTUZ
OPWRKMJUVX
OPXPKMLUUY
OPXRLOKVVX
OSXSKNLTVY
MPXRKMKTVB
MPZGKMLTTY
MQYELOJUTY
MSYRKKKTVW
MSYRMNJUUZ
NPWQKOKVKX
NPXPLLLUUY
NQXPKOJVOZ
NWYQJOLUVX
OSYQKOJUTN
SRYQJNLUUZ
WMBPDVYMHW
WMBQFUENGZ
WMBRDUEMGD
WNBPDVWNGN
WNBQEVCNGX
XMCQETWOGI
XMCQFUXOHT
XNAPFUCNII
XNBRDVYNIX
XOASEVOMIA
XOBQEVNMHH
XOBSETPNIT
YMBPDTUOIU
YMBREUHOHM
YNAQETONIC
YNARETXMIK
YNBPDUYNHO
YNCRFTPMIP
YOAPFTUNIX
YOARETENGG
YOCQETCOHM
ZNAQDVNMGF
ZNBQFUFNGN
ZNBQFVZOGF
ZNBRFUNOIB
ZNBRFVDOGB
ZOBPDVUNHG
ZOBQETYNIS
ZOCQETPOGW
WAUEMCADM
WCTDMBCFO
YAVDNCBFN
ZCVDMACEO
WCTDMBCDMZ
XATEMBBDNU
XATFOBBDMP
XBTEMBAFOW
XBUEOCADMN
XBVFMCCDNW
XCUEMBCDOJ
YATEMCAEOQ
YBVENAADOD
ZBUEOAADMV
ZBUFNABDOU
ZBVDMAAFOE
ZBVFMACDNK
ZCTFMBBEMO
ZCUDOCCFMU
ZCVDMCAENA
ZCVENACFNX
ZCVFOABFNJ
XAUFMICDO
YAEFMCCFO
ZBUDNCCQM
GCVENBCENF
WATFOATDMI
WBPENAAENZ
XAVENCIEMY
XAVLOAADOB
XBKFOCAFOR
XCUDMCADYJ
YAVEOAADUM
ZAUFMCAGNP
ZAUFOFADMM
ZBTFMACELV
ZCUFOTAFNB
ZRTEMABFNF
UKQFMVRZ
ULQEOUQX
ULSDNTQY
VKQDOVQW
TJPDOVQXUH
TJQDOUPYMS
TJSDNTPYJH
TKQENTQXI
TKREMTQZG
TLPDOTPZII
TLSFNVRXI
UJQEOUPZQG
UJSEMUSWJF
ULREMUSXV
VJRDMVQZZO
VJRFOVQXZT
VKQENTQYGL
VKSENTPXK
VLPDMVSYI
VLPFOUSYRO
VLRDNVPWT
PLQFNTQW
TKRJOTRX
VKPLMUSW
GLRDMUQYN
LKRFNURZE
TJPDMUSEQD
TJRFOFRXHF
TKQEVTSYZF
TKQLOVQXZ
TKRFMVRFZ
TKZDNTPZY
UAQFMTRYN
UJPEOKSXQ
UKEEMTQZO
ULCEOTPZYW
ULPFOAPZN
ULQCOUPZY
UXPDNVRXQ
VBQENUSWV
VJNEMUQXEU
VJQDMMSWP
VJSDNJQYN
VKPEMCPYJQ
VLOEOTSXN
VLPDMVCZI
WKREOVSZUL
ZLQFOVSYY
EIKOMMFP
FGKONMFP
FGLNONFQ
DGJNONDRB
DGJOMNDPPL
DGKMMNESW
DGKMONERXC
DGKOONDPI
DHKMMMDPN
DHKNNNFSC
DHKOOMEPO
DHKOOOERTE
DIKNNNFRFR
DIKONNDSP
DILMMMFPT
DILNONDRRK
EGJMMOERT
EGJNMNDQSS
EGJONMEQL
EGKNNNDSDS
EGLMOOFQV
EHJOMOEQW
EHJOOMFROS
EHKMOMERR
EHLMMMFRSZ
EHLMNNFPW
EHLMONDSKQ
EHLOOMDSF
EHLOONFRVY
EHLOOOFRCQ
EIJMNMFRR
EIJNNMFSP
EIJNOMFPT
EIJONODPT
EIKMOOFPQ
FGJNONESNU
FGJOMNFRRV
FGKMNMFSQD
FGLMNOFPBB
FGLNOMDRUD
FGLOONFRKH
FHKNONDPW
FHLONMEQJB
FHLONMEQV
FIJNNNDRJW
FIJONMDRK
FIKONNFQYI
FILNNNDRFD
FILNNOEQU
DHKNMEDQ
DHLMOMEU
DIKZMOES
ECKNNOFQ
EHJNOHDQ
FHJAMOFQ
FHJNEOEQ
FHKMOVDS
DGJNINFQOG
DGKNJODQA
DGKOKNFQMA
DIKMNNDOV
DILOMMFKS
DNLMMNFQSN
DQKMMODRA
EGLNMOYPDK
EHKMOMCQQ
EHKOHNDSC
EHLMAOFPF
EHLONBEST
EIJJOMFPRC
EIKMNFFQYS
EIVMNNEPKQ
EOJNMMFSKG
FGCNOODSXK
FGJONOUQQG
FGKOMKEQX
FGLHMNDSZ
FGLMEMESXM
FGLMINDSEN
FHLONXDQF
FIKOCNESGE
FILMONASL
FKLNMMFRB
QHLOOOEPOJ
DGTVEVEK
DHTUFUDJ
FHUUFTDK
FHUUFUEK
DGUTEUEJO
DGUTEVEJK
DGVTDTEJAJ
DGVTFUEJHZ
DGVUEVDJRR
DGVUFTFLE
DGVUFUELQR
DHTVFUDKGS
DHUUEVFLX
DHVVFUDJB
DIUTDUFKBE
DIUUDUDJE
DIUUFTDJAR
DIUUFTFJV
DIVTETEJG
DIVVDVDJO
EGUUDUELZB
EHTTDUDJMU
EHUUDTELR
EHVUDUDKM
EIUUDTELFN
EIUUDUFKZ
EIVTDVEJNT
EIVVETFLIO
FGTVDTFLUY
FGUTETFKHU
FGUTFTELH
FGUVETFLI
FGVTFVEJWB
FHUVFVDJJ
FHVUEUELB
FHVUEVDJYG
FHVVDUELM
FIVTEVELF
FIVTFUFKAA
FIVUFTEJZT
EIVTCVDK
EIVVAUEJ
DGTVFKDJK
DGVGFUDKCQ
DGVTPVEJR
DGVVDSFLJB
DGYUEVDKJ
DGYVEVFLA
DHTTDXFKOX
DHVUFNFKDR
DIUUEVHLII
DIVJETEJFA
DIVPDVFLLA
EGTTUUFKI
EGUTETEWCH
EHHVFTDLQ
EITUFUXJG
EIVTDTEGW
EIVTETEVV
EPUTDUDJI
FEUVFVFJIB
FGUZDVELM
FHOVDTEJI
FIVUDUCKZG
FIVVNUFKVE
FQVVEUDJW
FXVTDTEKDG
FZUVEUEJFD
GHUTDVDJA
PHTTEVDJYP
PHUTEUDJW
XGVUFVDKM
XHTUDUFLLA
