49
119
290
153
260
125
168
194
161
79
242
3
146
270
256
67
153
146
269
178
0
209
268
289
123
293
172
143
67
54
173
249
148
3
13
245
238
110
269
131
249
248
18
169
56
135
221
62
257
231
169
243
112
90
75
157
153
109
48
102
113
38
225
11
83
49
139
236
252
9
278
23
51
36
19
219
208
31
251
93
95
178
202
144
240
14
93
47
263
24
112
14
74
185
252
36
168
44
151
173
0
250
129
37
253
192
80
256
127
26
7
218
103
247
250
109
74
273
50
131
74
70
51
153
85
192
241
11
167
236
30
7
151
15
139
93
270
225
270
259
288
108
47
229
26
275
41
86
8
266
102
88
134
38
155
240
248
232
173
259
179
77
207
18
290
1
129
2
249
266
223
169
192
172
36
161
235
55
34
181
233
228
128
221
15
132
100
291
99
138
286
27
226
15
78
91
64
54
270
24
142
180
54
63
168
277
114
20
111
244
53
103
198
13
18
50
91
68
132
22
3
155
74
122
63
276
136
252
38
273
290
239
110
195
50
93
54
284
18
162
196
135
62
202
256
185
291
282
199
120
176
178
189
56
98
55
3
219
88
261
208
13
22
11
77
128
288
218
284
191
266
3
151
117
124
151
185
212
268
154
7
187
183
66
243
171
51
163
6
293
199
293
111
157
216
92
255
110
195
120
126
13
217
48
287
35
202
235
59
14
4
191
54
29
181
60
127
56
215
40
88
34
287
246
244
261
242
213
71
269
266
92
104
203
161
222
221
34
178
194
189
28
145
59
5
205
151
277
242
134
287
139
92
160
141
23
70
133
189
128
242
24
84
286
99
285
228
244
188
204
284
5
78
11
244
212
80
224
272
247
271
7
2
179
72
278
127
262
43
56
12
229
3
278
30
244
271
36
272
247
218
127
103
8
22
28
281
183
117
176
46
228
225
55
36
79
71
247
234
254
227
87
110
212
230
168
215
112
169
161
136
69
108
231
218
152
69
15
203
97
31
129
283
282
134
187
257
232
41
290
256
250
26
142
158
292
36
122
210
231
74
226
70
90
32
88
120
274
93
115
39
176
235
156
140
46
241
7
240
260
217
162
16
291
163
31
242
145
206
206
132
243
17
75
283
263
259
215
60
33
290
153
42
84
149
232
210
284
59
7
227
288
181
97
59
203
91
52
215
221
21
235
44
138
193
254
53
120
266
47
144
285
233
101
58
68
157
11
268
194
26
79
267
78
156
16
28
125
137
48
120
162
37
117
56
88
28
268
97
69
23
93
13
26
243
268
89
148
105
179
287
125
263
199
249
242
69
253
115
141
161
121
161
291
88
149
5
59
168
224
253
141
65
16
178
56
250
37
88
271
254
71
0
72
117
27
147
283
119
277
197
68
119
87
13
130
50
278
86
198
217
174
200
95
290
167
182
108
101
66
74
203
209
287
214
45
192
101
205
15
133
290
121
230
99
1
280
100
192
220
150
225
82
263
281
141
291
154
52
19
167
165
155
289
143
176
105
126
286
263
219
211
254
59
224
94
24
217
214
271
232
7
79
61
22
82
20
105
263
40
119
69
104
233
194
133
286
109
11
278
58
258
170
37
188
163
229
254
188
49
201
94
75
52
282
76
237
151
