27360
10956
16945
14386
788
10973
31985
11779
18895
21819
8004
3096
29054
20803
20911
10803
26990
4241
7311
31768
24464
24488
32120
5396
10657
31220
28413
716
6134
8711
3981
6637
1489
27983
5911
3352
17802
7481
3340
14420
20129
7827
22949
1846
12528
23651
4771
11414
32157
21707
6667
7171
15598
28452
20259
10461
23637
2871
1338
24276
12996
9474
21787
26709
24391
4592
21860
7849
29347
4538
30848
20683
17418
16467
19353
24554
20789
19145
1529
30605
19910
3243
19947
1312
22360
20830
1591
13533
31120
4594
32322
813
29005
23620
11476
32521
21642
156
2653
22749
825
16684
10273
21585
9047
3396
25334
15225
6393
584
29840
5119
5676
22870
28353
25413
12854
19859
4037
15267
28914
14035
23385
31466
11302
7257
15608
22233
27058
15277
31975
26552
8749
3940
14732
20568
25998
4016
19349
642
6886
32713
16413
31257
20757
27040
19129
4650
20873
13568
4541
29266
20729
14278
17982
23691
10287
11427
10876
30256
14435
23999
23360
31715
13693
18522
30038
3971
22442
32075
18788
13257
21808
16560
24399
4577
24626
20893
3963
19235
19884
2696
31605
30349
21139
22733
23243
3984
18646
24345
18604
11496
22440
18179
22407
14789
6685
5901
32708
21413
14448
30680
25248
6851
22981
11378
10570
6374
15931
6943
31774
31702
30214
23013
15333
1512
16984
15210
23547
30012
14646
12262
20775
32561
7359
9264
32742
18859
20435
14678
1131
14942
55
30911
23324
15014
8149
8479
27247
24209
30091
6898
26706
14775
2614
15296
28908
6996
29628
11293
22066
14354
20194
2558
28241
16978
24392
2752
21380
28871
8028
25259
7605
2916
28087
6933
7179
7299
2432
2537
25354
24006
25455
6010
13491
19292
27100
7170
15514
21862
14955
18920
30905
15545
25081
30701
24128
12017
2149
19395
4090
12
5307
11189
28099
30531
7434
767
20571
9532
18195
18635
18873
16076
16899
31006
19003
9217
19579
5070
10077
25331
22318
16223
5324
23854
24771
2561
7565
28455
30847
23692
26736
15542
26419
5253
27431
10384
10449
14551
30039
27316
13141
13577
9636
9481
26295
18545
3607
324
13973
18318
12925
631
925
998
308
24628
26413
15526
22068
5124
16649
31126
24621
11194
913
30683
9462
10062
21497
23941
32579
8366
13966
32599
4775
23469
18238
7507
15146
6649
12685
17322
29718
582
27733
29470
27686
1535
5306
24926
19706
26806
25360
14823
22649
30723
25115
24651
229
4038
4047
1120
20401
55
19328
498
17139
30334
5510
1800
17494
25206
8327
486
16842
7383
26886
27957
21833
26468
7972
19578
768
25011
1321
29340
2018
23643
24972
26444
5677
26743
20002
4098
31889
17392
30155
24964
10224
26259
20350
4129
5375
9318
30408
22427
5441
17387
29619
29457
15063
22817
20983
175
3273
22877
3231
14599
16646
20720
1551
19679
6263
21604
29771
23704
23221
26897
20331
1742
2153
23192
20088
11493
17341
8099
32372
26326
1886
18421
24549
12803
7475
17371
13517
32618
32518
14384
20889
15485
23348
2382
18603
14912
4898
28768
5035
19746
4336
12963
29608
1814
16795
9542
25343
23128
18580
25668
27674
16324
12548
28358
19500
615
30096
7518
16189
23648
8203
24029
30673
11448
945
28530
1970
7309
3736
32338
7992
27439
3823
7302
26744
24608
25626
5435
16047
19369
23107
8406
19815
9738
22768
19487
31250
12165
27956
3252
16524
28569
5475
25439
771
5699
19889
23698
25701
2381
27989
23050
26071
8930
17837
12805
29010
5662
28829
32097
6896
820
6482
9643
26859
9123
220
11923
16748
1227
32380
8928
6789
21330
22539
22787
10751
19861
26219
6838
18038
15199
16089
23635
6001
13286
14820
3158
29667
22195
6725
8052
20176
28213
2145
16533
14225
11351
31907
26574
3376
12244
32051
1658
14394
13756
28499
23363
29954
25643
20620
7888
31748
2336
7461
26328
3218
4649
4170
28790
13551
19409
11131
5506
32561
303
1721
882
18723
21972
17500
10462
20467
7455
25116
31207
28241
11954
4938
5482
10265
24732
169
3444
810
27252
13666
17826
27578
31943
8387
21199
32161
17014
8771
6429
25243
16949
26004
16233
18383
16505
27259
8279
23867
29914
4466
16556
12583
8383
30357
13771
11495
8307
30589
14865
4124
29186
21275
23758
232
19880
4964
55
13300
12931
13826
16059
29558
20340
17448
30886
8720
6486
9563
13898
2663
9319
29727
5673
7842
8481
28810
17186
20740
32428
25556
29108
31353
20071
15162
23170
3441
8688
8925
7005
26132
14784
19060
29783
1249
26770
795
23726
26672
16583
1389
942
4909
16974
22390
12093
20344
4875
11456
10319
29639
16647
13834
5928
30658
18645
7160
23506
32311
31037
1519
23277
14400
32219
20843
2752
25148
22575
20254
25486
6251
2867
13561
4043
25095
3450
3069
29812
12288
10510
1921
2609
6180
20503
22940
9006
4819
32016
16060
24807
25491
21903
14792
28741
5737
13496
7666
21283
1132
24773
5224
17334
19418
27658
13458
27915
5302
8261
12041
28220
485
26141
625
29397
19969
10847
27487
5608
31724
2264
20164
2297
12181
16641
31949
31720
25324
18260
31989
26009
13718
13191
25502
21847
18393
1025
23976
25348
22902
31032
30644
30123
5485
13272
29784
8783
4957
22149
11614
7130
25456
8409
10582
28661
31496
6294
12312
7884
13540
13896
16229
29075
8236
8788
8539
28643
3947
28395
4407
20218
18836
27333
16692
11242
964
4964
22695
24193
13721
29175
23416
16090
3223
28446
12165
28841
19053
29001
17179
29456
31562
6377
32626
10138
412
11553
13144
20999
10604
14495
24134
4141
6430
30484
32099
25294
29774
9533
25654
6653
2443
15883
15190
15054
9367
15410
7435
24934
31398
27745
1618
14872
32183
17191
542
29389
12141
31072
12722
27879
10493
32208
30156
31705
29669
16464
2577
3557
16148
1621
29883
9544
16207
11654
11209
5504
1000
14415
20685
5151
6233
22296
27463
19583
2160
13582
30927
32241
18761
14358
5301
4644
6158
20031
26604
131
31052
28093
27370
5500
16788
20394
27050
14254
23465
30769
10357
18860
32003
10550
24393
11567
12660
7134
21920
17873
11629
3655
31692
16796
25493
5231
26875
5553
8886
27326
20891
13046
4916
3026
17404
30301
8944
10433
23365
13552
18499
25383
17065
14641
21910
26048
15292
25812
7762
22603
3286
323
18194
3171
23464
11598
22672
8476
9109
5487
12606
4546
18746
21252
7867
21159
1092
21310
7273
29196
9588
10276
9851
25061
9670
2106
20190
17679
23504
22262
22139
10050
24253
25563
18249
32213
21918
26169
3049
898
21487
12187
13360
20769
20739
6038
4930
13115
30450
32569
31384
20932
1225
31277
1526
8752
6911
14576
7383
29290
3430
13205
2108
32690
799
16306
9054
32645
3198
2478
16517
6826
30603
15169
26250
2969
11939
10326
32000
24921
26132
14205
10803
4336
28032
27964
23442
12161
16087
20787
23227
18761
21173
19661
1265
8898
9919
4767
11849
15267
30407
12195
24015
27171
4401
9781
23397
2615
9596
8762
32094
5687
13345
28854
7294
4144
28000
5565
5829
24580
17609
11614
7271
16044
6884
23997
29001
4224
3456
27895
28394
31531
30135
25850
17375
18491
2124
724
23807
9834
14037
29597
21487
10638
32723
14841
32730
10534
4373
8419
19293
6649
23061
18779
30188
18662
22485
90
31495
17006
11892
31326
21907
12199
18303
24583
5071
23704
2398
13043
2023
6219
26666
26607
11020
3910
21972
16031
26465
9667
32107
27379
12301
12732
31605
2518
28555
11146
16366
6265
23640
26365
25541
31629
31595
19557
32424
6387
14225
26544
26770
20889
20570
4406
17742
11813
8274
19024
4308
12395
663
8327
4494
30177
26654
8153
13343
10562
25913
6713
18836
32675
23892
7026
12064
7727
23679
195
5672
14890
22471
17941
32445
5923
3865
18263
25361
17890
3395
9080
26732
13987
20708
27307
1970
28084
29166
31461
15476
20265
2959
2287
15148
5966
8506
23505
32266
8842
5062
4850
14040
17044
7035
9351
31370
29479
20803
27103
22583
20919
10674
31077
23740
30161
13629
7029
9929
31772
29241
29398
30406
28465
8600
19558
19586
15977
2605
9969
18728
1565
419
31463
15450
3621
7546
18391
22653
8156
14296
32211
9327
2182
12732
21344
28826
21466
219
20103
1888
18337
16368
31378
9625
6397
27458
178
31272
12662
22135
17982
8565
21294
12928
10448
8927
15993
31241
25377
13507
29960
15392
9372
16443
26190
915
30312
18765
22086
8586
14912
17099
25270
29809
6038
14651
8449
1991
20620
28714
17922
11108
19408
6724
15729
9992
25843
11488
16124
21604
997
24778
31859
25211
20092
27455
18374
3759
20805
24226
26257
26925
31625
21970
29312
13920
19684
25822
24770
254
22517
23413
31477
17271
17524
7973
2843
12357
2602
12125
18159
4741
31933
54
25454
6813
14464
24745
32301
5361
10840
10306
30241
10498
7489
21492
9623
29940
16695
23203
7024
4219
27327
32282
23856
2127
64
17247
3165
11472
27230
5357
18575
15213
29064
32058
16368
15939
31392
9332
764
14325
14888
25033
20157
21422
31503
2131
15144
7834
22416
27713
27985
24577
23995
27739
30949
17879
32261
31441
2730
25507
1091
16380
26276
21387
12165
11737
11228
5717
25877
27953
25986
2779
20311
32191
3546
31540
27074
6043
21166
22290
98
14658
4014
25624
31742
19630
20046
2768
26382
9443
26285
3071
9434
26167
31113
14961
26038
22948
12183
27414
6671
25779
12970
4812
190
6542
15052
1233
5041
4108
3826
5290
10982
15396
15601
25173
26412
7965
30729
2505
20784
15522
30155
23848
14254
22771
11693
12886
6159
28665
8210
6410
18636
662
22164
2129
10390
10966
4725
21546
30354
23768
29062
29731
3107
3620
16541
3775
31327
7674
5066
32614
20606
2376
13505
23974
5583
6099
16452
5976
2793
3556
15383
849
19056
3169
14029
7157
19924
6187
25333
21578
8286
2109
9704
19014
28539
29447
24608
18329
26172
30334
1552
9884
24007
2129
20400
28451
30153
2003
1111
2082
10378
853
25883
5409
14105
23274
107
3793
31554
25090
26133
16803
15040
31045
31251
18384
8246
24572
18568
856
3542
26395
7549
15711
16121
1201
25649
5657
21730
10916
23624
1195
22790
13890
1162
18994
26167
12573
16040
24659
26102
1502
104
27888
9047
24116
2659
9155
29832
12930
6924
10060
24815
4276
32106
19107
1992
28071
22525
11490
24106
11833
20526
1887
2914
10172
19959
3628
1880
3387
15251
23015
22609
12678
9090
940
19911
436
9487
647
18980
12247
6917
12588
5674
26811
7558
31955
28659
23582
9487
26608
18447
29570
16848
924
19503
16433
9354
28459
6793
29663
28313
14487
13442
10396
4760
21287
1436
7322
15468
23637
17684
21900
2950
24996
14763
10053
12442
29840
17157
17875
20278
4617
27027
21494
3610
24213
22154
12353
16949
546
27125
20096
26397
3807
11880
28092
31779
23074
30240
18577
16148
10848
7340
13421
3243
30175
14076
22031
28170
4910
32258
24059
16794
26347
27265
20377
15545
2224
27660
30126
27111
260
10061
25835
6686
17390
16473
29177
11969
727
9
17739
13074
7519
16548
3237
26231
29483
24581
29673
16751
16175
17952
13088
19218
31152
23698
24981
10691
13022
24826
26557
1381
6021
4552
5102
2981
14439
11759
10186
7996
2797
556
2469
28458
20101
7418
869
564
20309
8112
25201
8816
32289
23365
19337
17482
24999
30095
325
10694
11983
16359
4834
21524
8860
1368
11993
16046
22218
1675
17272
14975
7487
5858
19443
13305
3620
10435
24888
27555
3782
4553
2637
27493
17331
29440
17158
29203
20670
20458
4462
4299
1834
5379
12428
27599
8859
20371
22130
11121
13361
8131
17028
29478
16747
3082
11718
4670
25269
15870
32582
22429
9825
10561
14494
1
16742
7615
14560
27024
15110
30711
16350
9245
12235
5981
24111
11634
7671
23016
14756
4693
2910
26482
11701
2004
27020
31620
29001
1585
7185
10754
2220
30521
8027
6513
15739
1508
1335
25835
27389
17739
27953
8154
23399
5217
10771
4581
22818
26441
20013
2214
24715
32585
1903
28593
27006
20091
20418
31303
2718
5681
28050
31018
6911
9120
31565
4524
10059
25867
16422
29804
911
21994
17249
1529
17002
11867
4014
4492
28654
24124
31051
6914
5661
9105
19180
29164
25794
11207
28578
27197
28881
2017
26984
28399
23207
6942
21873
10155
28090
7027
29263
16104
16843
18042
21177
13442
6786
19707
4065
20721
6431
6033
11595
2612
21518
21970
30949
14118
11039
5209
12585
16741
26690
12603
25087
19248
7316
30460
13150
30744
3493
7626
1773
3825
5051
27561
7334
26922
28764
7826
19760
18689
28934
20188
26086
30886
6892
20123
5583
19690
8421
22785
22568
8389
30389
10311
16470
26529
12488
6427
24194
24796
21672
29678
27006
22745
8642
17901
23220
12848
8199
29069
30192
24176
25505
32459
13913
4175
11256
22112
14685
16978
18184
31188
6616
26826
5460
10267
31911
27222
8896
8185
6831
13250
9983
2363
13590
21088
27338
23867
6311
17265
21066
28769
26222
10303
25287
32159
5394
20686
23553
12730
17554
10442
22857
19772
6802
17872
7519
12112
16672
31470
23054
24946
13601
31904
13205
27756
28197
22603
13220
27302
24960
11562
7784
3320
9489
15657
9875
27156
17835
25092
30117
7365
2608
955
9005
9289
31638
26500
15433
27138
24439
30161
3425
17441
5339
18777
12763
10274
1485
18897
26363
29312
6079
9206
3158
8388
23794
12247
17413
31659
27986
9542
14087
4599
12998
13303
955
19424
14510
1268
147
2821
28221
26590
14270
6685
3907
19567
14248
9802
30788
13149
68
14275
10635
8283
24147
8416
15893
30
13598
20369
5748
215
26827
22244
11066
31848
19116
26986
5929
2734
24732
18559
6587
12613
1697
21697
19449
12121
11346
28893
21716
32183
15417
7629
7192
25505
6250
32611
29185
7035
585
20296
31547
25934
28053
2588
28105
24530
29290
31946
16240
26452
11817
22772
4971
30518
28182
5819
27557
17353
15938
26080
7219
23891
7899
14501
19209
17783
30860
7312
11090
20522
7210
20056
16317
207
7452
885
2953
4226
20431
20794
8159
10723
28195
7123
4364
19016
6538
20769
4685
24800
3512
4573
11686
26775
29253
20721
19668
5680
14486
10960
10998
10541
11247
29136
19009
1652
16290
6002
23847
19577
18753
8044
15813
5698
18354
13339
26132
15864
5558
18579
26682
26836
18873
5659
11232
16865
8084
23895
18015
3428
22053
11949
20692
13417
31116
16196
32728
130
22651
16120
27829
2944
16344
18350
4484
11871
10227
9044
12862
5153
4517
28583
10174
14165
19523
22768
432
3891
19202
17002
8643
15552
2555
25312
32691
19446
8504
27127
4792
19990
13083
13915
23330
19214
10409
8914
7806
15987
24387
19306
583
143
914
12366
26742
5271
26499
28218
18510
22353
2377
15517
29762
25616
29810
3566
5500
519
29851
5378
1959
29149
126
11712
17444
19086
31512
23454
8503
24645
29920
17230
23965
5304
24979
5464
4368
25852
8094
19223
29687
5632
4932
4044
16511
14416
31238
23950
25611
9615
16322
15175
5596
20895
24441
30463
9132
28661
22495
22996
19341
23367
28632
14196
21942
16533
14931
7205
21861
4854
9762
22452
19909
27271
25075
31700
5422
17754
10353
18944
20043
10915
24000
32134
21427
22632
4098
529
21918
30254
12203
4000
18440
13249
5881
19742
10353
13949
1825
12997
23541
28352
24812
1161
21660
7153
3625
15730
28636
23914
3571
11485
2415
27223
23288
5285
29885
31878
6163
1173
15758
3454
28188
14270
1917
6660
22358
6798
15138
12850
11384
15087
15132
5579
12048
24188
18658
22492
16421
6012
21243
12635
17178
7587
25431
26617
22655
24106
9746
11355
6091
12829
11670
26553
17653
3131
15709
6892
27304
8585
127
1386
3205
22413
12498
14579
32348
27951
16823
13605
77
31704
30865
12023
2386
4787
19567
16292
20106
21676
1110
729
4712
2624
4658
3028
17510
25881
9770
1669
4315
11502
31593
19378
9152
13245
517
24093
21653
5554
9433
24832
21440
11431
6351
31068
3146
32715
11276
24930
502
750
28924
5535
10202
28819
4177
13763
5105
3291
7010
11075
1128
22063
24969
28874
10739
31098
4607
26310
32163
32002
17144
32112
8158
13606
7404
6780
15233
1989
6282
13334
26145
11323
6714
28946
21959
25373
1959
15395
24792
22142
20810
10724
13756
28907
11327
158
18198
12198
18859
17682
6588
15079
15676
16562
6874
27889
14346
17026
16757
19308
28390
6056
18971
24469
10953
20555
13659
8317
8858
23968
17694
8008
4630
22998
13612
19497
979
31516
7765
10839
718
27857
32133
21819
25954
12856
3114
21477
234
9490
20853
12599
17465
8108
13408
5492
29400
31337
12122
14991
27632
31131
26337
32057
21395
30781
12303
27755
14135
21686
9740
30683
15958
13792
999
26634
31888
19427
21511
13681
1595
32102
26690
1954
16390
9325
12031
3540
610
29299
17672
25992
13578
27366
18337
18704
1472
15766
29667
15032
17217
2297
23787
10641
10593
18641
21993
6761
27927
19926
7353
12575
10407
20595
24446
16807
1300
8020
15056
25253
26645
15026
21668
29686
26392
19434
3546
3116
13910
3842
8705
17637
10306
11487
23878
347
24672
10967
22376
27129
14985
1796
6116
24662
1184
1478
13428
29376
7474
28108
8825
32211
10684
9126
29462
12597
15577
32511
19313
24758
6711
16418
12822
1826
22271
27218
15355
11698
9570
21080
12261
31866
16747
21702
12291
9854
31072
14408
14995
31952
3719
15514
6996
8514
17535
3892
23756
23729
30663
19823
2502
32754
961
26609
16415
26258
3345
19079
19080
15525
16118
16380
2513
20081
9267
13841
32380
30867
23598
2701
30972
1696
32050
3728
19126
23369
10547
13662
29047
17862
2913
25042
4993
8201
3712
21730
22990
21069
10317
20024
26708
19266
21208
28284
8004
22681
22406
18023
23377
14465
16911
19220
25986
29578
23967
4111
24201
15366
1753
25262
19503
13945
142
718
28250
29363
13756
30755
12699
26473
17554
20166
4936
14806
15303
8664
29501
30048
30771
29262
12565
17235
6688
23771
2169
29621
1904
22804
16764
2555
4832
32744
19005
7334
4018
10040
24012
14987
14183
20672
7708
7677
1072
1712
1864
10816
10765
19448
32661
19837
11821
31260
9376
16275
24619
2781
29613
5969
10212
13640
10485
4158
17468
17423
22964
6191
19737
14050
23400
23961
19240
31043
30799
12842
20955
31167
21222
17758
14199
22584
15229
7683
26755
6629
27659
17567
548
7348
11892
32433
15414
24551
20625
6327
31846
27243
1427
23866
15228
14700
4651
14751
13253
23661
3653
18681
1902
24110
6698
2142
18411
10827
2808
24229
20988
32672
22128
7703
22717
4907
4220
32639
21236
2989
9613
24912
27343
29097
2753
18783
18380
27894
28040
1889
26756
6064
12689
12607
26559
28
14680
22227
7037
11006
15641
8162
30480
12821
14743
23295
2741
1453
6836
7025
27515
14659
19985
31558
969
32422
14149
6559
16090
15545
29796
28658
18026
9507
32025
13898
5551
21533
29937
26325
26324
25590
24503
31905
9703
3716
14682
13022
29638
8400
14423
2118
3864
16684
23559
17229
31192
10884
30576
24895
31325
8500
12799
25770
16535
26560
18321
24079
3512
15498
21057
28371
25390
24385
13364
4819
29515
3989
29959
14011
28638
6208
21448
18012
26104
2631
7278
23175
32563
9928
5535
112
17105
2263
666
25368
23951
11506
22524
20098
2996
20202
6836
19574
9672
3320
26698
9964
18937
7588
25133
10513
16185
882
25529
19308
8869
10922
30793
17484
5683
13114
9390
11121
22192
3731
2333
11983
30099
16880
4291
23299
22360
28632
4883
32494
14660
3471
32278
12829
20873
17029
31870
29418
15573
16121
5770
27341
19392
2896
14942
18529
26932
21485
6190
17755
29047
2032
16038
29039
13580
6199
4327
17739
1818
31950
23359
29000
13471
12595
1459
14133
1459
24050
23403
3835
5656
5563
24108
14062
7884
24419
26709
19140
8192
20189
26116
15613
9567
1631
14596
31336
32468
31710
12477
25132
2084
4097
2632
9718
8316
19399
22910
8466
14853
432
28877
24269
18726
3085
32045
7203
3420
7290
17264
9794
15930
9744
26706
18592
16186
20365
27956
7438
7632
7189
31473
15428
23030
1891
10298
5314
23521
17057
18752
27747
11841
29517
4670
11950
26608
12805
25150
24658
27909
29841
3457
1805
1877
30615
4559
6637
26929
9280
13746
17818
7606
5295
3088
10937
3392
22729
11972
11824
16536
1561
3198
22911
6276
872
7449
32621
30832
10697
17697
12264
23503
27006
31898
32350
5789
285
32300
10672
8490
11808
9512
15372
20977
11168
3433
24852
3642
4240
16654
16100
17509
14599
16707
32054
15586
2808
9238
11072
11001
9589
10617
31890
11832
358
21672
7811
14724
4375
25617
11372
14860
15502
3900
14536
16681
18166
26608
13591
27436
19533
20111
20790
31989
13236
22120
30532
24830
16752
25524
23220
14021
3459
23045
8570
690
2672
1742
11602
7150
5884
1309
29776
28121
2062
3560
18539
20175
22107
8312
19518
14746
11912
19240
1247
32424
9665
1280
26155
10370
25504
13898
27241
18084
11000
10968
32514
11232
9299
24660
1818
27772
11008
10937
22380
25783
17947
10242
13240
11614
10451
5704
28574
32019
11071
11399
9719
2796
30046
17275
8720
24437
21398
25708
23983
2258
22946
14979
32151
20464
31589
652
507
18308
7165
32055
29928
11771
4316
2461
6895
32468
13815
14477
22846
14021
27943
25952
1935
14766
26563
1669
797
4972
16554
24317
20761
14100
27515
19077
12507
5866
12774
17962
9845
14035
28701
15594
20877
25034
29984
15302
25721
13740
3251
11657
32172
17030
2901
27763
8519
30235
11877
13577
25729
16521
4661
30168
22102
17188
1911
81
16645
2950
17857
29844
19680
668
13785
17775
27572
12304
25200
18749
30985
23949
10687
23579
1870
13740
26874
15023
1301
1754
31824
23354
9721
5078
10998
6037
12768
2799
19980
25670
6364
4987
27137
11750
30489
10798
3418
11088
13218
28240
29132
859
15553
10769
4456
23103
14326
20546
1178
10930
24538
18810
23157
15048
24240
8794
23445
24649
29405
23705
6041
21932
21568
23706
28195
4013
31139
5727
4052
21104
19112
10741
14224
14356
9197
32301
30989
25917
15945
6881
8252
4816
25331
8183
2710
29960
21511
3299
32031
28558
29179
18247
25426
13738
27567
6053
16154
18241
12253
19525
31581
6277
30818
17741
9519
5924
29160
1468
8124
20993
12547
24391
12442
29081
3904
3602
6081
7184
8505
18581
32558
23289
18656
13892
4700
2175
22067
27251
5087
16166
29037
20397
11640
15776
28040
25253
30719
17865
12888
13096
31201
7476
26759
28206
2452
28864
26807
22661
1582
29606
31495
5919
19477
1585
13373
12027
24193
27666
29158
17900
21492
16793
19390
9034
17895
11909
21868
9469
8047
22305
19840
19418
19329
26979
32037
11373
16678
4937
15350
19111
28416
4619
8936
28046
9412
27997
13772
15102
23147
31224
27377
13466
17264
9406
24706
12624
22466
12870
3650
23090
32093
3620
24538
18498
1218
18074
29445
23689
12752
31630
10533
22957
1515
5832
3391
29427
22387
29403
19507
25878
18073
29172
23014
26301
28508
4233
20218
4361
25267
23283
13069
29537
8015
31324
30860
30938
11502
6465
31077
26822
30933
30934
13011
26905
31273
1167
22697
14499
29836
5875
27083
10333
32427
31291
8448
19553
23568
17687
2625
20099
14474
20072
23888
12971
14904
13474
22567
19381
30620
22194
25317
18693
25336
3571
11109
1516
21906
17658
20828
11774
19139
3751
7262
31112
17184
25694
31700
29300
30137
7449
27932
5489
11963
21718
3120
12180
5616
25091
2019
9229
12117
19750
21857
32142
31582
7167
28064
20739
22828
3955
31827
29439
28597
11286
9754
7724
26070
21897
24893
23685
18427
17362
6037
296
14318
26451
27325
12259
12311
25521
18164
18131
23297
1149
28156
4792
25625
10549
25580
29611
12326
25885
15291
31644
13840
17921
24639
18992
19215
3214
17257
20557
18346
20947
8925
13817
2774
26191
32541
9957
16400
19401
2961
20210
1388
24007
26131
14739
411
23446
7227
14215
4997
20596
3395
11004
10715
29661
21142
32687
16536
30805
27138
6077
1755
520
27594
21671
12236
27723
18381
31434
883
13972
12353
4911
5781
18418
1068
26377
24724
16198
5864
2464
30536
5925
12025
3044
22795
14696
13982
7028
27639
9991
9337
32693
31509
11529
13425
10947
25442
25545
22932
29876
8812
21549
3085
21310
32048
823
32748
22819
18832
131
30214
28477
24520
21130
1502
11765
13833
7496
24796
1371
1932
11737
150
24256
26549
5057
20429
18008
9642
20714
13466
21428
2610
24366
28650
30436
1238
21821
30522
28341
29779
26969
3931
17960
32467
3298
2068
1147
12477
21329
28458
2541
6098
9801
8283
21651
3415
14514
11743
24037
32400
21437
28506
5056
4863
12379
25068
15952
4175
22652
5364
9650
13194
25384
14571
8259
31323
13919
7883
26600
9444
19770
168
28220
21968
9746
5786
3323
19541
2974
17963
22323
10542
30852
31676
29123
20960
6824
8817
22253
28131
30352
13191
7993
504
13551
10777
12383
391
8472
30433
28548
28706
26812
8311
8380
31804
816
32456
17945
4929
12472
17732
1761
27755
24932
2407
30417
31630
9551
4462
6126
24446
6487
20251
12339
4315
9852
21193
21713
11088
20184
28738
17816
25584
5408
13132
15944
22064
5395
15218
13119
30288
27859
21104
24255
2735
6248
23177
24899
19624
31919
9857
28837
4001
10984
15434
24579
31666
15174
4592
816
6032
22537
24898
17164
30329
3934
21757
7135
20125
10851
10305
2871
30040
6552
14416
18660
19973
2554
6770
29190
12185
6935
21159
20117
12379
5000
5719
14699
27989
18837
14306
14630
21018
23664
18306
24392
9556
2032
32149
5270
23200
13197
1912
24910
1733
20928
9439
16684
25169
20401
3025
26081
31529
3460
2226
7854
25855
27662
26322
15364
3053
28544
8692
22903
30088
19336
10013
27082
1017
17637
16137
28540
20209
21175
24762
5183
15424
21836
28772
19578
26856
11491
568
7624
4791
22039
5466
16976
8068
10176
26478
23971
9091
20452
31409
3136
2848
14397
16789
6928
9641
26496
12063
12009
11726
25598
3384
24284
22749
22217
5459
23959
14997
14403
14238
8398
23108
245
1247
30413
788
1170
10875
6836
30903
22732
31201
7796
1615
6532
1624
14900
30562
22526
24733
17568
23908
14723
9134
31839
25874
11769
11110
31716
22947
15421
16375
9275
14400
25497
18516
28248
23806
6969
5511
30430
22600
694
5982
5478
1838
12947
24692
64
19696
22221
13536
19361
5203
27699
27987
26632
8976
6352
27802
31184
27130
585
10963
25604
20370
3693
23667
27312
3433
26071
12096
22666
4095
19981
22029
31080
32052
22051
5593
11977
23619
14018
26073
19614
26560
2220
17863
27539
12930
25605
19488
30958
26677
6983
23134
20743
19739
29654
27050
2693
15631
23457
31195
4591
9839
10824
4531
24334
28136
28675
11620
13279
21548
28990
6463
1741
13770
19775
27263
9295
13942
6621
25935
23114
10874
9021
2792
31899
9050
28632
27872
22509
11463
2670
8288
2117
7046
2104
27922
3018
1516
22546
6229
25803
7824
5952
9061
29616
10341
9658
192
21132
31219
21305
6910
24019
17243
13026
2291
9145
27078
25247
19809
13163
32568
10705
22546
6527
14448
16536
114
31030
19995
27376
14910
10798
29301
23518
2739
15071
24246
14373
369
25585
12646
1006
17423
1833
28129
281
12718
31557
5366
16016
23565
23617
23296
25052
14992
16513
24884
19605
26593
6376
10075
23107
10501
23170
30947
24874
11720
12
32727
19878
27854
19764
1873
11520
25652
14262
15790
8804
6052
25039
30588
11414
15708
29721
2186
12497
1440
4279
11763
30568
6870
30586
30808
10114
5836
2908
19930
5854
17512
23419
14688
26519
2477
23698
7140
1
22917
24159
15289
20006
9259
25084
14174
11101
2811
30328
15131
5499
25640
399
24494
25696
16426
6632
13827
3481
13121
23357
14151
25718
10346
8605
25216
26560
29576
24808
7375
8877
25400
27644
13133
30167
20120
16686
26833
28106
17755
17499
29047
13934
3611
443
18273
9790
21815
29908
16896
24225
8186
4137
32482
18366
15241
29770
20815
16503
14206
5875
26467
14241
15324
16989
30372
14464
10210
14759
13667
15205
16536
8887
5615
23288
3731
15816
22594
28923
1893
3259
27213
12024
13905
2176
18253
26171
24718
24962
6485
4470
29657
24659
28986
24341
28415
22887
16784
23003
1241
5579
29240
1084
17868
20644
8074
29939
25965
16557
1829
24282
14120
27382
22134
22512
21356
23709
29399
29505
32546
26354
2036
17122
9875
18134
2172
1344
9517
554
12302
14748
4032
11538
28272
4177
12757
19337
1180
19729
6803
8448
26021
21149
28625
7775
9348
25157
23544
9538
25554
26351
29185
9200
20292
25672
19482
4229
12744
11433
6811
13067
18840
7006
3659
15558
28428
30279
14915
17675
5830
21730
1079
28069
1199
12354
13002
4424
9486
5479
188
27355
32413
27565
15850
28591
21966
17499
12569
19751
23938
27159
32125
3189
32703
32530
8541
19864
2716
10923
7412
6716
22501
21527
11356
3476
10892
13947
29833
29996
19324
21150
29653
5167
15660
10580
28550
23414
8636
31729
6366
17998
16951
14329
2045
28267
20815
20690
28475
22766
6333
6031
23977
3291
10345
32218
19974
15504
30379
17069
18797
13721
18197
19633
24126
10227
32597
3410
14339
25120
18927
30774
10058
20934
837
14371
11093
25934
1193
9283
18146
2766
9312
7854
3975
3294
29906
26611
2783
14524
20190
23945
22405
14570
205
24081
1315
26948
9072
5275
10594
9709
18869
21959
8043
16823
30334
28847
31458
10573
8478
6993
30373
1675
5893
8541
16199
15795
24761
27853
28638
31151
31930
28416
19126
6076
23514
16278
21437
8966
14278
11579
4260
11734
31370
10360
6600
8725
22799
18505
31832
11678
22778
8275
4778
24886
25843
14180
5305
2687
20798
25692
8556
29587
6591
3541
31479
11214
4615
7407
30985
5176
25849
14965
9591
16014
18773
27727
26767
6472
12951
7022
464
24446
26796
3799
18903
26454
9180
30396
20854
29791
11789
7025
20656
27569
2493
19853
891
8691
32045
11877
27901
32611
7070
3795
25242
9072
649
13094
6822
8848
9066
16857
14310
6908
1709
17126
8806
14869
14041
19556
10401
862
32312
6367
13628
19941
19724
14775
10947
2616
15487
6558
15039
12302
20196
25088
29394
26046
27937
15093
2768
17952
7285
5228
17786
21190
7537
19342
12954
30413
15534
18053
24719
11567
17126
24536
24120
6997
16109
21854
29318
15781
18636
21397
20392
14084
31723
18489
14207
23677
4200
4180
31401
2779
18911
15842
7161
28140
29399
5720
28777
19429
19817
23939
24058
14631
21699
4258
5380
23063
8828
6160
8770
23870
23546
27983
10352
14484
25338
14276
24984
20194
7918
5686
2658
17827
9146
27146
23894
18661
20928
13661
11135
1768
5455
10950
15928
29904
9006
24491
18337
31922
11180
20086
9721
24669
26928
6843
30858
12108
22200
15038
26226
12092
13984
6406
13582
6184
6026
4176
6462
15801
20730
18100
25463
24501
4601
12515
11905
6666
31265
18436
14010
6060
24285
2713
13504
15372
29754
31193
14326
29408
17907
25608
31939
21729
5971
24712
28809
28484
4060
21202
12173
2494
10358
15839
31747
12602
29069
12368
5867
20589
20865
9939
8871
9020
7114
20672
11543
18449
11849
26186
29453
7546
6867
27763
5548
24586
22997
2997
8393
16820
24904
25133
29937
10397
32164
29391
19926
2884
22527
17921
29912
17579
31658
8157
25448
21340
13355
5366
9232
5255
6038
17023
28377
25959
28883
848
30568
5661
29723
11978
15762
7667
5869
16932
18442
17799
11107
7406
6387
13681
24973
22540
30684
2343
11782
21396
27452
18086
28375
4550
12255
8471
16977
5605
21017
18555
30340
15907
21317
19009
13658
213
553
23247
13213
15159
31213
25958
10690
26385
14807
24888
13472
2090
19515
27555
31250
22833
8542
7142
5413
11297
14729
4936
15004
5399
2024
32148
22930
31968
21397
11823
18288
700
30992
22521
30753
20862
10099
2847
15730
14692
5103
31623
22764
13943
13171
24651
29175
16735
5223
3680
6123
30618
4914
24747
14888
14494
26464
12987
17688
19431
15130
30181
17293
31482
32546
31469
1211
243
24054
9555
10313
888
23346
30344
14647
3643
25702
21123
25213
24646
10656
15867
31054
19546
5336
19760
16831
3043
619
31720
5469
30776
27478
18254
344
12483
10166
5238
6424
27983
16219
15210
10013
3516
6741
22637
22483
20539
32333
31993
22481
3909
19696
4033
30313
11382
11846
11972
19683
2969
23646
31254
28425
26681
6874
23583
10368
28087
27991
15890
28255
6216
813
27789
30115
8365
9799
21957
7475
30969
15230
15394
17001
19326
27609
3826
27350
16616
31422
14366
30775
12079
11699
10896
7651
4362
23718
29037
13375
20797
21271
2659
27975
24787
10609
32330
4204
15761
8485
9595
13736
14055
5644
29176
18279
28440
3358
23204
11679
5849
32752
18751
30849
8147
16699
15037
10200
22039
22377
24127
8452
27583
3753
4861
2644
10084
18993
4100
31132
27816
20603
15683
29497
11640
18331
30309
15139
16619
31809
14709
5093
9277
1856
22601
10023
20573
6706
17245
10908
11827
18235
8746
19424
31336
20314
4661
17161
32412
20139
29359
3499
31196
22957
18999
16905
27231
4926
25496
8689
19046
15623
31333
6441
11667
20372
7181
5897
21601
17412
27798
4074
828
6720
31280
3798
30299
9363
9733
11477
26212
4611
28617
14133
22570
22849
13444
13010
24856
8185
443
21750
22426
9314
5933
32491
15831
22483
3664
30767
14506
23868
10199
28326
4113
31753
19507
13719
16021
2579
21368
11682
12713
28582
8014
19202
12712
28793
19758
7601
32539
31600
8297
23293
7016
5448
30199
2219
4860
1135
20194
30654
2725
12844
2328
30139
5536
19574
15719
3760
18641
6612
991
8176
3061
12748
25442
11965
30806
21535
27505
20437
13978
22741
921
1305
24173
16117
17529
20852
24708
4362
31463
29988
23005
2183
29647
29424
5741
9378
13488
9557
18958
5178
12580
10333
9897
29989
31306
19181
24310
15948
10991
14232
20320
16983
30997
9818
21014
16696
20817
6130
6303
23108
9723
1197
9684
23323
13265
18909
31125
28951
25015
28205
31040
7145
28915
10222
23426
11309
17518
20520
5600
5290
22132
29322
2313
7283
16648
1463
7994
7711
29232
11448
29336
20038
21724
3892
8158
2985
17690
1460
3227
14362
19987
18583
13694
4133
7641
12274
13278
15845
4561
26182
20944
7049
25532
25118
11407
8587
31351
12087
8520
976
1618
3606
11742
25450
3851
25617
1125
4477
20232
11251
25843
30074
4403
15657
2648
34
12894
17697
17341
30661
30121
6025
16023
27829
3032
27369
10940
6776
28462
1273
2123
9071
26922
23826
14459
570
32426
1017
18313
10863
26737
24207
24429
18992
27703
27200
16366
1936
3575
210
10135
5369
17978
11180
19575
14548
13766
24607
30297
24619
20989
19051
11021
9882
7689
30379
11485
22178
827
5898
10228
31280
13633
29359
17813
7425
27590
15819
17984
20265
26755
12278
5338
6903
8831
10095
22397
8289
5691
16904
4905
1599
16949
14632
23178
24328
30714
30917
8788
5907
32751
31634
1578
21207
20067
15868
31959
31
3845
19776
32063
4529
2641
4220
18263
7713
27514
15973
21304
32437
29771
9062
28505
20189
896
13013
2367
5746
19287
4904
8207
31893
5192
15596
18394
29294
5141
13993
12411
14141
21260
13413
22896
10795
28716
3743
29711
30239
20783
28597
9377
21229
6274
3682
6394
27587
4288
7162
2978
22399
7475
2445
2348
409
13320
25380
11199
5432
4812
4714
25908
5321
12690
12392
5373
12844
7524
26227
3396
13406
24294
31814
21171
7375
16926
17589
13085
26899
4285
1085
25506
1805
25673
22511
2465
25038
26755
32068
251
5434
25338
23286
3626
32602
15802
20894
31270
12911
6915
14368
30735
9301
2267
22833
4760
18378
29900
28619
24641
30719
22268
17177
3167
5562
5593
20406
19584
15965
20583
18616
19986
7569
8166
8973
20748
25982
31386
15425
4139
8323
21474
9733
3432
27485
27425
13495
18045
201
16230
9416
6743
13206
3532
22689
23207
29245
14563
2398
20250
22611
4401
30625
20448
4132
26401
17315
27030
31635
657
29892
31458
28553
24918
9066
15477
13485
18170
1630
16839
11260
23112
10069
8346
32287
18639
8290
9557
7914
23714
27791
25845
21989
24129
28502
13598
1162
791
2891
8736
28096
1321
27789
5213
12841
16465
9497
24514
2474
12070
18827
12862
30039
20951
3707
8289
27302
22405
32287
24513
15227
23661
18305
24167
6537
23380
14600
3873
25317
8352
18210
17264
13307
23572
2777
9233
22007
4303
14307
18524
28490
12944
1020
20340
25710
17228
4891
25322
18396
29443
18406
10207
4232
13227
24141
22108
21226
17576
15710
13805
25843
30441
7034
23442
16552
6173
25470
13644
13774
18873
11713
31070
3423
12736
32224
17409
30025
22365
10690
20809
25954
9809
3902
9224
4950
17827
17701
54
15883
13390
26416
5909
19681
14031
22219
15604
7941
10064
23211
21634
11124
8130
11107
1793
12485
11896
31779
1627
28342
9438
3378
21306
2534
27380
32174
10669
26933
15278
19493
24513
7181
9811
9131
22722
15997
30780
3688
12049
19882
10517
15861
8357
13101
8670
21452
585
32254
1099
18837
15326
29162
21448
22733
8936
5632
27708
14281
20387
2585
32369
3954
22996
8103
31002
30447
29286
6916
8973
3709
20575
12996
26529
27379
9663
18671
4696
20761
26729
1250
28099
21772
3388
4220
19535
4179
20286
16523
29931
15017
2038
26643
8738
32288
15373
31276
14886
7378
20081
24236
5487
22727
9803
19481
28762
20180
1574
8809
12941
10185
16017
12614
18548
25032
26892
28354
2183
31207
13709
1701
26118
21156
26661
32130
11256
20970
19866
14856
22020
12629
5526
15124
20162
23004
8720
20074
21643
22748
17933
32686
26216
8629
19690
18571
30335
14235
14925
26896
13802
21543
7668
32043
15057
13332
14164
7508
21271
20684
10377
31912
18102
3959
19685
19147
16967
7882
186
28480
9792
28818
13258
15120
23994
15643
20410
594
12388
21328
15182
20431
9331
26572
10473
21275
8632
2333
29092
5203
3721
14628
26300
18632
27739
13947
20334
5626
22658
16946
14895
22367
1622
661
13919
4922
23917
14466
20761
29874
23477
14581
28116
19733
31426
22728
30007
31808
19723
14364
9762
3702
13363
22079
22371
16687
23771
16760
5764
18559
24950
5826
22186
1693
9419
4699
900
19429
4334
29989
32042
6610
108
23009
6839
11286
1699
12785
3505
18072
32209
5886
10841
10863
23317
22087
7399
12433
19492
18986
9251
17388
25477
20074
12162
29330
4686
1352
31484
31181
29017
31900
15725
13947
20812
14157
11170
26368
5564
4287
29190
17510
20495
10528
8786
17191
6541
23923
11756
21475
129
14468
12985
14769
15650
9136
9085
31993
5120
29427
30572
16182
2144
27567
9819
30118
8789
29261
15032
8959
22807
9047
19246
25864
12276
29414
16422
20169
12267
26418
15532
1801
1554
22750
24979
11349
13412
28967
5697
27949
30839
1217
621
29192
708
13449
30769
17393
25465
23047
6468
4687
1700
17648
27938
10064
30601
28809
9516
14613
11774
26017
19133
17959
1911
9033
27397
21556
23087
3540
30663
2570
27236
1276
15654
13812
11080
26235
29402
28670
237
97
8186
27843
11962
6639
26681
6031
7065
12358
30111
1781
18918
20833
4064
31584
19627
1526
510
4005
25468
22174
2233
19274
5921
4706
13061
23585
26037
14742
29359
26015
12786
21626
29537
26281
30565
26066
2637
9642
21116
6320
23412
6714
10644
7800
3868
7542
7820
2548
31452
11732
29299
15954
17683
13691
9012
3142
10052
30287
23384
21417
13412
23710
29141
19227
24127
10197
26491
32149
14625
26214
16850
10998
28945
27408
23913
25629
15211
22871
13591
2161
25028
5319
22462
22518
15575
27218
199
17852
6802
13774
9257
5830
3511
12181
1362
30860
9157
13152
17543
23252
32620
5697
32074
12673
16766
28936
14397
30330
31952
5441
23836
21802
23578
10279
16510
28174
21544
27647
19810
17273
19990
7535
20200
28962
22226
4346
22337
32723
31846
15306
23702
8269
11714
4726
31714
25080
2074
18269
8826
22753
25500
15125
9547
11952
6569
21215
26089
31323
26788
21954
9939
25694
31824
18670
21316
11154
14018
19072
509
15670
23777
21330
26602
7251
18429
1162
9047
6421
16355
32316
8709
25801
9912
8102
21676
25437
3321
25438
29826
1818
13254
14375
31871
10744
8452
11843
15198
8875
197
16163
11532
30056
20057
11923
487
18980
639
26506
632
5028
6193
24492
8253
25144
24438
6190
5117
6232
21644
2294
12176
15342
30822
18811
14363
20775
1302
32315
11220
3854
13959
10318
9170
10123
12024
103
5274
6215
5261
25226
30116
28451
16065
28424
29151
18133
20782
75
13863
10497
29150
21973
12343
27183
26428
23530
28318
23702
28580
9645
29018
17674
12704
25279
25328
27169
2918
29471
8721
25830
6071
4878
24386
18289
25820
23289
31598
14514
748
11770
6237
25939
11768
8970
10378
21025
20208
27764
1374
18372
11306
7633
30383
12994
1314
30317
850
17923
17217
25268
27534
29674
3900
30246
12927
2549
17277
13903
4648
27122
9098
29663
30337
16627
6190
9765
28109
3055
18057
28695
30837
12283
27776
30190
2858
4428
4352
5026
11287
2924
25401
28574
397
29799
9246
29240
838
21227
24933
12275
7592
18940
17120
3388
12304
10968
5940
18032
2187
12213
25082
24290
31542
15816
10606
21833
8852
12657
31836
30217
26566
23566
6891
17467
20677
3540
11552
1022
24612
20832
5858
12529
4630
31367
13382
29095
763
13271
3052
2360
28717
1199
6312
31668
9497
24985
11304
2014
25141
19896
26409
5690
21810
22042
8239
12531
27781
11004
32057
23458
13665
21099
20832
26277
4800
4166
14081
16308
27058
15752
22589
16410
7870
29196
153
12988
21118
16822
22771
27100
17071
30550
24710
18076
17679
10555
21773
18695
26407
32317
11458
16462
910
235
9137
28711
2172
29865
3867
25784
27553
30057
27770
5549
22642
11319
7359
7104
6144
18655
30898
24061
30780
24593
26198
21574
27497
30961
2419
13553
20759
31934
31588
12392
8591
5719
24796
8765
14228
22814
25625
10696
27839
27151
26506
23385
12609
1161
1697
4426
24434
23889
21038
18906
31411
8240
17637
4536
11228
29810
31092
10191
26815
15922
7184
25895
20889
884
20022
25444
8762
25110
22862
27047
6251
3187
28187
30105
29443
22697
16484
23491
23161
22685
722
23569
31564
4004
1524
410
14808
18386
29268
21821
25079
19750
23316
7901
2533
6487
12235
22680
31890
30435
15427
13319
14307
11738
32146
7576
29134
787
16224
6847
3773
23115
4449
21084
26141
9643
8645
5946
24639
22388
23327
5283
11468
29835
5185
9872
748
9771
23260
2904
9385
4815
2065
4250
11454
12162
9934
2097
221
19174
9708
23438
22794
28740
29102
27569
6274
861
18048
29884
17819
4610
5760
15079
31665
7718
126
7889
12164
766
27923
2193
31581
12040
31580
11941
1170
8675
23808
19230
8369
13536
29014
25192
11463
32103
19131
20515
24308
2356
26095
27721
20224
23952
16468
14842
9707
1441
13624
14346
12390
31186
26888
7041
11296
21149
14023
24051
15004
14196
18089
706
23126
21094
24433
31072
9601
29028
4272
28380
20155
13789
22569
461
27039
20274
1471
31111
28640
13712
25472
17888
7203
7896
4052
29557
24405
3034
23295
27111
5243
2996
2344
19695
5778
17570
21281
15171
5737
17170
17038
1049
21818
15703
28252
2956
15033
24149
8811
7612
13
19510
29577
23376
21847
31079
20136
9339
26654
27180
25794
11971
7616
16819
28364
8074
2294
2062
14168
12021
26342
878
5913
8407
10456
10524
28097
29561
30377
28872
30549
241
24429
18102
13177
20916
26923
1080
4118
26482
31363
20017
5598
17458
10820
18252
5422
30932
2244
30137
16016
11890
2143
32032
5131
11670
1330
27825
6351
9387
24931
8516
8336
5484
18180
9014
10844
19322
28897
1718
18514
19822
29541
20614
23128
2227
15531
2293
21864
32576
6935
6898
19044
3553
16772
23888
15622
18384
21531
18934
10647
15873
13483
20167
18416
13743
14822
14170
3290
7617
20176
13349
5328
5295
12707
12424
438
12701
28463
2756
22296
10971
2056
4946
31201
15041
20649
29076
2911
1006
23167
13509
23762
5598
26372
18667
27491
14700
11809
25205
4042
28463
10764
18630
3529
4614
12785
17519
30499
9382
26329
13951
12224
26346
29299
14524
31520
31874
9496
14645
1145
18939
2245
22543
134
2174
1839
14924
7444
26548
17771
4820
30407
26925
22831
3699
18021
12999
26893
27579
27169
31139
19851
11940
27126
27995
25813
31891
15058
17143
7366
27132
8004
25570
3093
24177
31923
24112
13754
17686
2199
10655
11205
29405
32762
19882
28986
4891
31020
29418
27494
31303
4
26852
6572
1921
9346
25256
4630
32102
5173
11876
31879
29720
27656
10653
20487
19520
11295
28941
1358
27926
17868
6805
3832
24333
15734
6981
2964
23444
31321
31632
952
30125
29633
2649
29553
17175
9651
18294
30705
10136
28277
10260
2789
25435
1404
14304
7293
2820
5328
964
25862
27258
32284
32641
2681
4777
19520
4395
140
14651
21134
25058
10783
29971
3714
6493
30133
8578
23905
31894
21358
29600
26402
25277
22353
26411
26172
18426
3778
27764
29246
5873
16200
18440
4570
14695
5399
10878
8714
8092
268
1948
9503
23300
13330
28812
16609
20112
21486
12558
14561
12353
20995
23501
3400
4475
15894
26137
18839
12073
24172
31601
4732
2718
2713
12578
32330
15391
2138
22288
2790
1403
27925
21859
30700
3486
19874
6543
10894
30850
23074
28871
16436
7955
3612
5899
5048
12213
3758
9666
10462
26234
1289
85
2890
16638
2678
24494
16616
25665
637
4843
1273
21330
371
8934
2460
29368
23535
19558
16069
29055
17678
22669
4503
10971
23928
22041
13089
17525
18410
14517
13723
5888
3059
21472
3115
9321
21410
2735
25922
21078
31398
8712
14196
32229
12680
18698
28075
2341
4454
19777
4948
28900
23729
19871
14470
15941
7176
13027
458
18221
13694
27168
19976
22333
19648
28171
20922
24461
18581
3529
4583
25523
5785
17941
20746
9078
28141
8716
13915
1192
5612
24362
4287
15356
689
8166
25071
12768
23198
12667
27485
10012
10959
4189
21341
10627
22116
4583
2728
18617
3581
13212
32471
1212
31047
21040
2982
7616
19686
9417
4752
17920
9810
15985
32484
9223
14489
18961
24700
28334
4925
6672
5615
9141
11944
23349
19201
440
8423
10923
11104
4087
8283
6556
24786
175
17919
21588
15772
18628
30130
14349
23893
29603
18055
26738
5256
3089
24601
25414
9324
14069
23831
5501
7300
3781
30665
22615
18565
12828
12075
12531
30567
2906
5937
23229
3463
17247
12853
18306
23858
2681
22439
20731
20190
25090
28656
28658
31791
32465
10811
1254
25571
22704
23429
28362
22290
12803
13823
22658
1293
4304
19347
19778
714
462
3642
29093
28768
19950
11136
381
357
28878
8106
17994
1212
2997
25259
8923
25175
27180
5619
15246
18475
7294
11517
12243
5250
18162
20551
25548
7508
10110
27669
17323
32459
14018
29658
18871
8629
24633
26665
26569
12374
14285
10505
22158
12589
30403
28288
21879
17041
11120
16447
5465
21433
7395
14328
15822
2544
31102
13272
16480
8865
28461
16330
15058
15626
25340
9214
27906
30981
9673
21131
12375
22963
17703
30884
16487
15285
13625
29622
25380
21012
13437
29638
846
14652
27301
24383
5481
10135
14704
27995
31857
9359
30467
11842
16432
8598
27353
20721
27356
1594
24436
17806
27984
28695
19907
21503
13658
17550
10651
5114
8924
14261
20843
3480
1456
27448
18676
30092
28315
8178
163
30782
24688
31109
10604
573
21900
26993
11760
5669
11007
13911
9352
18174
21697
20217
22802
22515
4449
26759
29218
32029
28807
24093
15256
7699
15577
22806
6155
23556
15390
10053
29850
32172
24640
3178
21171
23686
11561
31509
10299
7782
23016
17273
6583
5326
14164
3076
8962
17819
14785
14889
3174
4194
6753
29803
1608
10124
12985
3012
8052
273
30144
17691
20742
10072
17199
7588
29712
10650
29130
6437
1499
7336
15096
17011
3038
14506
19117
7029
696
11500
4039
4344
11689
3422
2758
31517
10850
1788
29009
4898
4408
22227
17772
28757
55
2965
31705
13299
9550
32394
13564
29747
3754
5029
4318
19197
12897
28034
6333
25052
2154
31431
20750
6190
15406
21410
12916
28045
30579
24954
18984
13319
6098
25297
689
8994
3867
9228
13667
1678
3919
27854
9976
27944
9508
1384
5868
6614
21753
25361
32269
29256
24932
23499
21149
28512
5496
17525
20517
5000
9804
25916
7089
31712
21215
7696
21297
30697
6943
9288
21572
19328
19338
1405
30828
22972
2166
24065
18516
26708
5989
16567
4420
18533
32729
4678
29299
15665
17532
31905
2223
22281
8905
17155
14725
29632
5132
27051
8314
4447
10245
29165
11643
17083
21054
31955
17736
2247
16838
26850
5796
24449
30550
13541
20014
5657
27916
13149
32273
31177
23091
6793
28136
16340
2093
22026
12575
25840
14358
3040
31925
21699
7811
5356
32263
16785
2459
18280
15003
21279
8118
30980
32253
8202
8357
18791
21175
31011
4312
21358
5458
30413
12445
19402
12365
19049
18359
19403
987
7413
7951
30127
22991
11543
6729
26702
31557
11460
30670
23885
3236
2294
26973
627
26814
11517
22308
31940
17136
16265
13420
26513
2301
17463
20078
6854
928
21334
4074
13252
31786
23504
2079
22514
12495
21047
4005
21156
10186
31140
13539
8878
7220
1569
9668
28247
4903
30424
2565
3432
20218
26173
15255
24819
17944
25774
21581
26801
30948
12544
30780
4306
22055
31870
16628
14378
6946
24380
22163
27378
2553
20586
2618
24324
31442
15530
29972
239
28730
10260
18267
4085
25266
26247
27811
10366
8804
29417
5896
20444
25011
18550
23624
31281
18557
6675
19958
661
12532
31092
31399
13685
5018
24296
12004
31442
30546
17766
5022
9043
10966
8109
14682
22531
29865
21085
13396
3995
4443
13843
5017
19558
32513
16736
25792
890
2201
24797
30321
28932
24973
9955
2202
5332
23043
29291
11542
15821
20679
10095
23825
28369
14597
4366
30571
25736
6545
15376
16841
21966
12818
26085
7242
6485
7634
21283
6142
31992
31779
3302
19493
12167
8863
28396
17204
27446
10302
7972
25379
23632
2841
20041
17244
8377
2607
22914
21246
13685
4033
10245
32398
11076
19297
4803
14746
176
23234
27482
10025
22582
23744
1753
30110
27495
3332
20134
20373
3033
25238
14775
3331
15987
28881
28452
1543
2368
25702
9138
20363
8192
22584
18380
12213
10524
27873
3517
3684
14010
15326
30982
17574
22743
5095
21275
6588
5260
19422
11656
31394
7394
21965
25368
23418
8683
27096
30858
28556
16763
10668
14102
12419
9403
1912
11163
14819
30246
24994
1906
8850
32192
26089
32721
16510
5420
18396
28481
31521
7411
7777
17832
23725
3851
7801
20806
25526
28372
22142
13969
28484
21321
11732
6399
15821
14745
11705
14151
26161
6725
4245
9451
30019
26947
30214
6916
20793
17569
25380
31230
16765
21786
850
13238
13510
30789
2598
18069
21195
4605
24277
13055
5954
30793
17781
6718
10081
20708
12997
14202
20969
25489
11823
2092
13291
24057
25554
6733
20365
3921
5018
25196
22531
23890
14365
26083
21820
29006
12589
12184
6844
2013
25050
26676
15362
1668
7185
31920
17631
28397
19801
27576
13559
24721
4756
11656
4850
6389
22738
31282
9249
19328
31173
26881
361
14423
17779
11642
27100
4746
30185
8888
29837
21172
5923
12731
11973
8584
25039
25008
12116
27671
32111
32714
16062
16238
24678
14281
30593
20024
26575
30047
28503
19451
4697
17477
1415
16824
29067
28178
9471
26184
9985
16219
26063
6011
4304
27581
18520
29326
14843
18278
21415
26069
19351
26232
26276
26523
25827
28477
7947
11659
8099
16425
7929
15504
13468
7316
443
6362
7893
17322
700
12164
177
248
2752
7313
30108
1359
21229
10516
32282
15345
9673
1524
5447
5281
18385
3098
25356
22822
2181
2828
7079
7106
28141
23766
12496
22611
15584
9433
1880
4164
4229
2223
21717
29798
30334
26584
12744
13327
11726
25981
23949
4419
12730
26939
21568
2461
26080
27394
24656
1295
8552
2803
810
25261
22392
32534
19932
19486
18164
28370
21921
20218
20090
12619
7863
31001
29168
32296
30567
4048
9340
12044
12903
16763
32512
18491
12190
16673
21193
7894
11916
5573
29823
2944
21092
13441
17612
19246
27207
27190
10201
13060
13909
25542
31440
14607
26001
31016
23339
5944
10053
11243
17570
14070
8653
19760
27801
22859
27152
2204
7302
26345
2372
29919
23162
347
29594
16376
29245
29751
15917
4494
30226
6651
27826
14960
27284
9297
3092
25859
7124
21820
20402
7734
13555
6599
21231
30429
28162
6771
12713
23146
6301
32575
20174
26556
9307
19195
18522
23400
8235
26742
25277
16260
103
30832
23598
12325
23610
12962
4832
22061
14376
12011
13774
27483
17938
16589
2541
27039
8166
6097
15031
5947
10780
2021
27376
29250
21112
3682
31290
6106
28504
3371
18378
25762
10500
32419
1376
30377
19122
1041
3256
5960
11569
3918
4356
25202
10890
1318
5752
30299
113
13685
26341
27687
20566
16457
21451
9183
14100
21511
20105
25494
27562
6559
2392
9708
1943
1314
9447
16210
13853
12116
772
1215
19813
14701
13043
865
30570
7109
8117
6298
16773
29855
2936
32314
31903
16391
12306
2521
15097
12918
19862
17087
8909
14591
2594
3236
9879
25032
20931
32134
1727
20717
26
19701
13951
3774
28727
3490
17437
800
21864
19429
20649
32647
21482
26063
11113
29313
10644
4045
15630
16079
9150
10541
16511
16253
906
9271
19840
27129
10811
12799
10250
5151
26955
22385
4754
16105
18442
13683
31088
18268
15376
4217
32712
9826
28956
7530
13897
4021
14797
265
15451
592
18447
14765
13742
22150
31938
26228
28473
25128
5536
28075
14227
6377
27126
29850
23920
32300
18567
30390
19080
21006
27076
17832
25466
31746
8177
10595
26216
13639
18330
9563
9271
31912
11105
5907
12150
1857
17031
6665
32750
32403
8259
9346
7288
4397
6632
21012
17931
20761
17949
30455
9174
1695
18141
8759
25690
16285
25738
17307
15997
12975
11103
13404
23429
18528
19588
30958
20250
19256
10835
32687
26134
2857
15848
23210
14919
2476
23219
28755
26888
16909
16178
14610
23444
4179
21507
18626
13408
19105
2283
32598
9721
5133
26014
30418
27018
5783
18717
25677
17949
13636
28823
32177
32721
24730
19983
14502
24806
16750
869
26639
24690
3379
10109
13891
11761
16306
19281
4801
4500
5885
31092
1948
4176
2180
13759
30776
2133
13080
8404
24594
15765
4578
32431
23147
9627
26417
24787
32439
23014
13365
29909
27729
2118
19392
21023
14319
1005
30250
4083
29348
18491
10934
30391
25081
30081
14691
6185
7242
28208
3284
992
11051
25133
25133
26253
8776
16855
9362
6818
7526
12372
6979
24722
16540
22566
5120
20334
20745
20532
20296
20101
23590
456
963
21282
12712
13316
25742
28532
16742
15432
14959
31422
29339
6562
2377
15456
20099
25582
2642
10085
11859
3563
16878
22917
11242
20859
24249
23171
12872
14176
29518
15430
19084
790
8551
28675
17000
13197
175
6582
6000
5093
31074
5694
14557
25236
19951
11107
6751
2149
2716
13215
18040
10251
18445
17350
1529
26539
16006
32576
12972
5198
1066
13985
28456
29379
13844
3098
15919
13740
24188
15561
29818
15685
1106
4698
24496
7683
28703
5726
1813
19862
10951
21488
14711
20532
11248
28939
24196
31838
4190
28398
13054
6824
30010
11515
3664
11419
11687
8256
19374
18437
31694
21463
1224
21121
31357
9924
22519
4640
7542
28702
9408
14813
17379
15385
21147
2482
16933
11332
19521
4463
27922
32619
22489
3077
28711
3326
25829
20591
20042
234
10407
30623
21273
17063
26994
4636
28617
21429
25431
8801
31146
7422
2541
20817
11787
18013
1822
27572
11109
17702
17446
32609
7659
31592
20454
1487
5905
647
4366
12265
29634
11384
31671
12783
15793
1745
29021
21012
25203
28930
27610
25476
19555
17132
1836
16998
25956
12402
5
17539
16232
9592
1275
11066
5975
19297
32644
24270
26783
5973
8073
10652
31768
20106
7261
28689
5313
14227
309
3836
8752
7380
24370
13745
25658
26830
18864
1864
20477
19044
17062
12291
9411
27779
12968
6273
7181
31320
4762
26341
5140
8701
15370
24252
26415
19920
24410
16568
3255
30389
16331
28683
2255
21007
20300
4196
4732
21159
28965
12402
7324
31308
21091
16800
8630
10392
13627
3353
509
19315
16263
15802
12258
4090
10921
22444
23371
4343
3621
25774
31830
16119
21021
6567
13704
32252
3331
26157
20391
7288
17237
21128
31599
25576
17254
27042
12454
26076
24963
16930
29757
1945
23620
3157
17122
17715
22057
11759
7727
8497
11230
30641
5456
2792
2784
6401
5404
25230
5968
15473
27112
25159
25909
30240
3161
13186
16643
27985
7154
18087
8960
19229
14121
23324
24915
2805
3218
17225
12821
17518
25484
4589
23105
31406
30726
5126
11729
559
12267
23332
11374
21837
30381
24422
27166
13939
23233
18185
11242
28230
1347
28926
28532
30047
1988
10151
11626
24992
13808
20920
22712
9884
27068
28979
5258
242
2330
20301
6015
9243
4220
20731
19288
17969
30863
17028
2833
18293
17547
5625
3886
20003
12880
32476
22623
5550
26865
19555
7050
10767
7489
28114
24676
9590
10393
12762
6621
6374
9156
4933
14111
27154
3407
21607
26732
25318
30528
20203
23973
32425
26638
1153
13170
3643
96
12993
32116
26048
19401
20483
20613
13936
26889
15045
14997
30743
17507
22958
9443
6101
2038
22977
5151
12087
1324
18507
3749
24151
3605
12121
1087
21975
16413
11697
19647
3912
16505
8344
17352
31494
16287
2748
1048
5492
24742
9718
31807
26629
7005
28388
6363
22856
9952
28834
29835
21477
6828
32109
28515
3428
1614
2880
21464
6163
31836
10390
8754
9671
24685
28785
1604
10963
4372
7183
25060
28455
15528
12552
17440
8198
16992
30497
16111
18205
12965
11452
28540
11717
15287
1484
13421
21324
19319
19785
24786
9376
32401
23023
25338
31033
9975
27086
22334
19558
19979
23351
10367
19184
20166
3715
8946
12619
12836
13600
776
19469
30654
18200
31270
13153
30945
29046
26575
15744
14831
6766
26699
1912
925
753
15131
7800
16454
238
2658
8937
32622
18939
21467
24115
16020
23665
8035
5478
24146
1244
450
4451
898
581
595
21550
21433
7861
15304
30516
645
19783
19830
29014
7907
341
16627
2335
19186
17588
32505
25115
14633
8022
12671
2523
28406
5529
15417
30593
6069
26103
8022
20244
14110
25056
24792
12502
32189
1593
11522
21270
9379
11507
12273
9976
32313
30499
11697
13044
23553
10711
20069
10422
17304
29374
32704
14848
829
23826
361
5839
6945
16024
11678
6674
24560
5965
26262
29671
14914
17648
27587
8753
11077
11648
17088
13929
24944
5778
10710
15183
29421
1622
194
13153
6780
20586
28829
22139
406
2275
31074
28394
8263
28999
28812
31651
26549
29146
7724
19812
16605
12417
31195
29013
30719
23384
19256
14314
28491
20196
18760
7422
5235
12608
9817
29839
10691
11929
7108
28266
30754
28169
11895
8721
17821
17556
12223
29481
9856
31637
5603
7110
4486
2027
31227
604
14520
5938
28224
17750
11985
30404
26050
1730
20852
18760
17154
20992
18940
30972
11226
4569
9289
19928
12727
29712
29304
25435
26943
28225
17318
25795
31982
631
17317
5208
1951
15544
28800
32513
3332
24982
27512
32635
9579
32760
9419
2827
1708
3927
1355
20646
28411
12566
16860
27463
8866
4576
23551
30774
19775
28900
4705
4605
8700
17668
9386
2425
8054
31274
7456
29186
22276
30813
27020
22315
25219
3832
10689
1115
23542
22476
3585
134
12643
11806
31602
15830
13240
18306
2000
29349
7582
10302
12140
8171
14992
4379
19591
9074
25011
29947
23235
3513
29551
19026
14982
15894
943
14944
1889
17600
27940
19106
21022
31779
17436
26237
15759
14740
10981
18280
5133
7334
17052
22093
21412
16144
20704
25268
25046
12701
4191
7543
20792
24651
20650
28336
5329
7312
16132
22561
24496
23593
21980
6026
19912
7121
30979
15053
4413
31592
23171
10463
31006
14145
30053
16347
4754
26201
30055
13302
2479
25782
28686
2106
9933
19538
14939
13863
18422
13282
10759
16501
19035
9269
31327
23138
9528
16417
23902
16135
9914
16612
10684
14028
1109
27568
29222
19539
30039
29956
30621
15212
29883
32356
20307
4258
18958
23499
19353
30040
27983
31694
5682
11682
21476
29330
612
6078
9899
9129
19895
30503
17322
29011
3582
2617
14298
17459
10084
10317
14125
31528
18223
17428
17093
1893
27650
17019
10611
15822
4469
12541
5183
31710
18830
27626
31812
13123
12551
8737
25825
833
32070
7060
26224
22191
29471
8972
3059
21925
21191
28600
15870
11037
15596
11422
27966
10153
17050
26505
21826
17364
20168
7819
24849
7927
4736
18699
32641
22770
9236
1403
28939
21147
2327
24169
10010
4415
9245
10508
28046
27888
15473
9006
644
2327
11933
31300
32084
17246
22537
6543
25891
9339
22457
11680
5515
21859
32052
9872
3849
25567
23211
17853
4903
13077
4730
21518
30378
15064
13739
29316
7897
6839
20229
20065
2855
16993
21172
29012
4517
22190
11533
8451
29656
14016
22157
6574
11808
21712
18790
26424
22833
11822
23201
14130
7730
17240
640
9527
25199
16475
24367
27487
3948
6598
20769
31742
917
26327
18810
9929
15838
9872
8270
5650
16567
23888
20374
4781
25478
26857
15405
11222
15273
14939
17050
18163
20840
7348
26104
29161
12470
7044
19059
17093
31041
16865
24549
19830
18252
3483
6839
10197
673
3136
406
29595
2273
4338
24436
246
18318
125
5854
5329
9523
5278
26002
3465
30485
30978
12868
27464
21811
9240
31277
11490
17462
11800
19340
12642
3176
28530
5298
15439
16469
24972
14213
24163
2698
30342
3540
23337
29087
30715
7952
30587
19531
19129
15431
30797
21036
15660
16352
31614
2039
4339
5965
21316
7592
21637
26255
2509
15891
26622
10453
16339
28274
30368
24890
25183
8798
4471
28590
20475
23121
30775
27306
1895
11889
26372
6070
11707
12140
32328
3194
18274
10516
4488
30953
21654
14935
23449
13104
19286
13822
1799
10760
27726
4154
21699
2897
4155
29170
21583
13222
14059
8388
11167
22978
26467
8219
9247
21002
12468
1889
13245
25566
5625
19563
4687
27126
4683
20859
19763
7693
29690
32023
28381
18451
31905
17405
14640
19801
18814
1053
31816
9188
4737
12858
4312
28987
7975
10671
23869
13179
15094
11842
21706
15199
1248
1847
15750
32081
27384
19818
22302
9300
10002
1399
15440
6993
25963
22735
6122
22324
19739
26586
11511
14663
23406
10898
9410
3294
14495
27701
9447
14842
16914
4824
2816
21008
7858
26554
29195
10952
18427
1987
1225
26571
13042
19425
4692
580
23352
12086
18898
15200
17056
18250
