20729
42788
34920
23817
16649
41653
38567
24211
25310
9597
33301
38686
33798
25715
33503
36830
17541
33910
41402
40826
6857
21563
16366
5400
12087
25500
14621
31390
15385
20762
37143
3439
36972
43583
46831
44047
41749
41041
48207
19428
34469
39470
30786
21813
10879
39256
24004
44894
23739
32187
5558
914
44005
11043
33332
16979
37200
28527
16469
44941
25606
44176
33514
41681
8564
1644
43821
21301
14924
11873
16208
26004
10951
41160
38987
37810
33236
40753
13490
30715
13130
18527
16823
6325
1575
30214
40284
46592
577
8158
5273
32771
26370
21271
20478
49270
19797
35072
20690
11493
939
5920
36894
40298
4033
32707
20191
17084
38766
11722
20141
42977
36803
686
24768
20572
2152
49716
34082
24860
31222
1984
10175
48304
26923
17978
17229
41329
7164
26796
49856
14464
37466
8346
29407
22514
22637
8376
21454
17833
29887
15469
8927
18557
28847
21077
26748
14189
36454
19685
15090
3481
9030
37670
24782
34330
17206
36583
18419
900
14420
47977
22301
18106
10981
17294
19661
8950
6019
4942
1997
45805
37948
47976
12149
20417
46462
45420
31373
36250
5043
26680
2935
36502
18572
4841
16020
27290
19158
15288
22724
35583
32993
10575
6465
27268
25204
14777
38641
38920
6724
38790
46277
36232
29472
9406
43170
41518
13466
29507
24458
17838
16157
45607
34124
27372
31197
7084
19167
22566
30177
17801
26200
42458
1322
39780
27195
23531
22340
44174
18304
41989
20656
4072
650
41373
35023
23506
22780
34971
8494
39454
224
20374
23312
15210
27043
4455
33931
10701
29410
30562
22979
23522
1767
18238
8637
30986
9803
7272
20680
35165
20799
44379
15484
27390
26683
2033
11198
12883
6153
32018
1817
12411
207
19551
8369
20055
5111
10920
41178
14679
9331
5440
46756
33643
28325
39959
15972
13626
30395
36585
4455
23380
12850
11198
49146
30406
1111
5380
40290
38233
13971
26567
24614
35086
26173
32422
24732
18356
1178
46664
1028
34111
1908
31480
42185
6766
8372
32856
39227
9262
6451
15865
20483
37623
10538
12421
15072
39340
39199
13724
17981
24750
43722
24970
5699
47571
9730
16696
19712
10075
42996
30123
24211
30359
15060
28287
8786
10373
8490
17480
4720
17476
48825
5502
4383
2842
34775
45255
6249
15309
9893
5591
13249
42772
45198
22463
4313
37506
4233
19570
3099
39920
29867
3341
19147
16986
20175
44679
31517
12914
28980
32750
47805
19718
8004
32839
33801
37654
4399
30227
38192
14977
3567
27072
28001
37420
1244
37719
5782
16474
21096
27705
18657
5215
36760
46871
41855
6244
5374
29815
17299
2173
42818
11977
3306
44513
37488
30374
45101
10955
20119
32978
6151
20152
28003
25391
39140
10638
8661
40701
4807
25620
39290
4410
34546
8324
7827
36176
20978
39077
24652
15786
5814
36066
47158
9177
7585
32525
4816
8799
7313
16458
17413
26903
38346
22697
43218
1783
4666
36450
6838
14353
8468
48622
46345
45004
3077
24460
4734
49919
30514
2143
28546
17652
49651
31130
34576
12852
22101
29056
12074
1978
4183
1797
962
10187
37732
12699
7113
15748
41097
2312
42603
31207
10119
3732
13852
12169
36285
39254
6633
17898
21898
9589
1183
26570
16579
3665
27132
26046
46295
37937
4186
36410
38247
49807
19852
45077
14394
29455
1992
18478
31478
24843
46871
14670
10926
20891
15671
2542
592
38964
4393
27441
47607
34519
28762
31903
10837
13412
28917
35226
46962
14196
24157
36402
9567
44773
23898
11720
40684
1693
44139
5406
35221
12022
2983
17912
49567
20321
25337
7752
1696
46285
3521
35685
34059
24919
36405
38615
30277
29426
47226
39704
40432
13321
3242
41527
6514
10075
2331
7783
42096
18043
15458
8774
40994
34736
14594
43461
13915
1547
38238
27343
11715
270
34907
1991
3990
43697
10686
41743
35468
17662
33897
11965
4203
9801
47545
16460
8189
25249
34460
40938
17513
41367
42221
40963
7264
36854
45508
35751
15303
29450
25440
20762
44242
15730
38231
33446
26789
21168
31141
41912
12181
41724
38124
33542
4083
8503
45541
26048
10751
36505
12476
24027
8961
14915
43737
27747
15352
33128
14262
18516
2256
22560
26696
3964
2261
48061
46588
34573
45600
12309
48197
28559
13307
4202
21018
39379
45117
11034
32515
47146
21278
31713
39967
8848
13581
23290
17699
40005
18517
30337
13309
32410
4320
16817
33610
45794
37291
40326
17943
23816
48966
38063
17536
31357
7957
44512
4304
7907
32663
36353
34765
22707
30983
16052
45027
18800
540
47948
45400
44270
14983
15367
26621
27311
976
2465
6666
23291
34740
39963
25583
38281
22957
26874
37356
39599
44608
42685
41462
20303
32244
28267
14075
37830
9621
48561
38809
19136
7987
43038
31692
1003
47711
29362
16083
27362
14197
29029
46396
37520
32753
24895
38710
23131
16772
6035
2841
43140
22485
22316
19461
40563
45948
4760
21314
46143
42051
39573
23259
48014
3601
49818
11170
33409
14571
16375
19022
13752
16641
34761
35499
13058
34680
6961
27894
45496
48966
30405
31906
437
3599
49922
47730
35460
9852
20667
26487
34568
46396
13675
39840
42797
28198
17768
16456
445
45369
30421
48428
32994
40449
38719
37162
11866
32737
14666
47268
3920
38178
26914
22546
29691
8070
15001
37087
18937
16260
32959
32517
43899
28252
21836
34367
25687
49920
26468
5389
9823
37617
26646
20642
44120
22427
18776
29837
40323
6642
23718
13143
43620
20190
47033
22993
23295
34770
6700
9384
10234
12374
16393
7401
8695
6125
27859
23179
15571
31720
49322
46699
43544
23454
21650
37606
28551
41003
18146
30891
5348
6455
4881
44872
275
6068
25441
35513
22649
40993
49311
47940
49908
5292
10018
30000
36460
9065
39429
43190
1184
45440
1327
39723
40310
47131
5344
34416
21815
18010
10417
8684
619
28604
9391
11841
20103
36723
40098
5387
42310
36381
39667
22577
44638
30201
39002
2716
11627
49412
27131
9016
5942
23944
27775
49396
39586
18445
20301
671
8686
1251
16334
25481
40172
9625
47727
47024
1901
37722
20990
2007
36765
41682
29494
11166
35301
22736
5362
5128
45661
30225
35413
33711
19872
40875
38026
40933
35367
16832
33316
40274
49082
497
24417
20672
2974
24169
17817
32854
27264
15018
25596
32987
7167
36453
27761
46410
21206
43983
5816
46572
45334
49940
18095
15721
13821
9592
14027
15500
33426
25043
3719
15539
43661
46090
37878
7388
735
373
41844
20816
39999
24063
22751
20364
9914
2344
37822
2073
9158
42157
928
36369
9003
33398
23191
12843
3093
6763
44803
6720
38212
35426
20199
37765
34616
21890
24726
15660
16132
1875
4149
34493
21578
3303
16233
14771
11827
28102
40119
18982
1260
20738
42565
21948
5944
12236
6220
8388
9544
49295
7869
24646
6373
32863
1637
16753
11291
24120
46084
46384
40203
42237
45614
34517
3648
43337
9259
21124
26151
29425
406
42132
20943
42891
5454
9530
1177
20234
46900
34436
1257
34447
42434
4891
15706
16451
31613
4208
45733
48931
19158
30412
23970
6645
39127
40824
4411
22423
15481
24367
39774
27974
16990
49781
19626
14100
27315
33490
253
6007
23505
42508
34598
6751
21752
44770
38200
36450
3456
33390
32147
11261
28714
41365
23298
16231
23711
36812
28189
19299
47614
33842
12789
30703
34783
27592
42460
2346
25617
28603
18263
38540
45286
32950
29757
2001
49357
24573
15862
32867
8003
15094
8196
28942
13770
3898
30020
49871
16656
20711
28455
26018
35017
23736
33150
39934
7481
14527
33200
30389
34258
14949
16601
14828
44563
25362
47747
3762
855
41954
15359
26947
34615
11820
27162
46810
49684
5961
49068
12121
19344
36871
39524
10490
9213
12998
5427
44112
39345
47763
34212
1591
36442
24338
33568
43516
32612
43946
4600
6732
18669
3467
43167
41741
49661
37639
43608
34383
18203
9385
20109
14706
33305
45644
48770
15837
25201
31762
7019
35567
16239
25607
36329
47898
3232
14660
36807
40946
37871
22314
24538
3352
41260
43407
13531
27051
33668
43466
34934
28897
5204
11616
7654
30894
39608
28125
36529
11800
13821
3013
42369
1945
36404
7631
17290
33086
43529
43279
19270
32901
16336
11412
2461
32933
33580
10436
7498
13589
43978
20519
45669
17907
34834
2710
38055
23500
35787
31721
44435
43820
49319
47089
15279
46283
21748
1749
17764
35717
16041
8610
39815
21170
21413
20701
25099
48520
37968
34587
44162
23840
34184
9340
36383
44362
45603
20437
13998
47067
19281
22437
46558
40936
31605
44402
4389
22059
2468
505
43648
45304
12998
8746
29564
31220
13986
41069
28683
6110
24991
32430
49317
20148
20105
17334
7752
42135
37393
48637
5374
44134
39231
1443
43223
32104
41638
5899
17366
15560
2378
43438
32602
16724
12151
47711
16394
36453
7189
18575
35123
37801
40412
37361
23608
18784
1631
26834
9948
18828
43498
37962
10941
14018
43661
48731
39106
45784
25360
18016
45600
39196
13752
10731
30241
23315
48458
19651
9754
33588
26796
40014
33307
45763
27829
35489
6825
30622
39678
44516
5243
27433
39036
41236
13804
7987
19904
8664
45668
37103
28300
15113
20920
39073
41888
46759
1196
416
45284
39169
30312
41732
7237
20526
458
25352
15616
2414
47388
41532
33267
7798
38142
45984
18397
21597
41515
21304
47683
7812
28803
42801
41242
28651
49965
9837
18177
42892
19896
7962
43442
4664
3892
3276
39001
44251
11503
46258
48349
43627
19030
26347
31883
23936
23741
11748
20852
1023
42985
13112
22365
45733
15670
22497
44931
19453
17293
9063
34606
33370
31810
18203
9459
42385
39348
22762
21424
22286
36810
4129
46217
26009
7921
49748
19569
12627
34945
43361
25527
38355
8514
39476
49456
16135
8366
18051
26567
25385
7707
23749
15437
35954
20893
45310
46035
11278
34776
12167
16620
17686
12343
49264
9762
35226
23726
20204
214
34278
21337
22561
2154
39158
48157
25507
29620
10981
42668
44974
49937
15467
30288
39283
13613
8630
19662
35318
274
46202
20965
31374
25400
45299
46620
14874
19862
39510
16573
5976
27460
4720
40192
48504
16756
11958
16816
4050
33821
34268
10658
32380
25440
17799
44845
17646
37696
18953
30409
9408
10737
40445
40209
32598
16023
315
43318
2279
33727
27990
18204
21743
41358
13603
12228
45136
28288
12098
49164
9337
41855
15882
10362
13088
23404
35496
49157
14061
7718
1230
21119
24393
5695
19506
12988
25998
32312
46897
14536
2564
41717
46555
22268
13320
34733
42901
29505
16410
43266
427
44668
16495
29170
27487
3399
47182
28407
13652
20237
49483
26496
6765
34541
17440
2402
39953
46506
1570
31824
35469
5742
25206
22973
29363
26746
34895
21820
28931
36963
3344
12976
3495
681
38114
30220
4671
36454
36873
25405
10353
4252
25339
100
25881
39430
38575
27823
22730
49267
21935
3724
46580
25933
24741
846
31600
20030
13368
37847
34078
21932
27652
27903
24358
19217
46749
9380
15576
43568
30766
40792
27006
48592
13930
19286
40768
28349
47814
39315
48921
6221
27766
30487
43493
33076
10132
12444
44748
12529
31211
20877
12370
10132
20306
41124
44769
11457
7460
36035
28563
43674
34186
7580
43759
8008
39973
3091
34674
24480
38016
40663
25520
2608
43382
4613
12634
31762
11351
3628
168
16584
17660
36107
25233
11659
22505
39774
48408
6725
37636
20312
41638
49422
48238
13763
39279
5604
21666
32048
12684
20883
11490
43056
11148
40614
40874
1470
22682
41017
19621
10214
45713
34997
19709
26254
32517
38247
27475
5934
32427
14024
28034
41969
7591
34086
33668
47374
27301
21289
19502
27402
12251
29407
31963
48339
33082
11826
33884
17184
46978
15569
17000
48438
35449
33077
26795
48155
37486
19001
19547
48
25743
4052
32648
14901
33977
7363
47060
19215
45116
1999
5150
4143
25470
20553
6298
38001
3745
33680
43506
30180
39184
26420
41756
6242
43388
40924
2066
26038
1056
37940
8053
35349
46031
923
8938
32099
44509
20363
38755
34365
19046
41694
13784
16331
38569
10271
2964
15621
10147
31817
43224
8673
45883
1159
9811
1683
2302
20464
2151
21192
4938
19633
47064
3868
12549
13445
9365
30309
21968
7208
42029
9189
26191
18972
42532
42873
43213
36445
22035
3683
35253
36647
3077
35388
28315
48355
8305
10055
36691
4711
31421
30424
19272
34572
5889
20857
23072
16158
13745
5521
13467
9065
9696
38914
2801
36323
16451
25628
12000
38810
11449
44039
911
6544
43125
9627
2696
32235
27065
25804
5639
45901
43527
47944
11965
26498
42485
28305
31576
18135
44829
48027
38748
33137
35484
13092
16323
29169
13904
38714
19878
27014
30723
41825
23558
22663
3062
44942
24030
15629
27273
24155
15827
4994
17765
45221
43399
13186
48200
45363
10034
18347
29589
45974
9683
32094
1030
39024
10589
16298
38611
32747
41617
26842
30287
45741
49114
48169
1438
14199
12286
34087
25379
35905
44699
31186
29392
24167
18245
15264
48724
7533
28024
8756
15681
44931
3670
4334
27832
38625
3533
10023
45025
22477
8059
35267
27943
29644
15301
10475
33994
39188
42001
24378
31187
45938
21936
44317
32100
22001
3431
16167
38649
3442
31868
44350
34410
45271
27135
590
40202
42992
29018
24920
20476
4817
32752
10218
14330
3158
21450
37447
47342
28951
34316
17223
9334
47542
3712
37696
32310
7402
1188
22752
19030
32459
31773
1399
41589
34055
13953
33110
13067
44003
4401
24583
13011
442
17997
1455
31676
28103
41448
46666
42983
5317
27439
47233
16397
35105
40167
31057
17264
21563
35255
39362
5406
36001
34245
1806
33969
39830
12318
16323
34145
43609
42237
28903
4144
36949
16565
8130
41121
6202
17979
36856
2062
44135
6963
25733
28910
609
16062
38484
37977
38017
13855
47523
35155
46096
4378
11698
5866
19916
7142
21811
49164
38326
45435
30255
19495
36465
22721
9363
19640
16730
48996
39666
47815
27076
5982
36254
27995
47807
34642
30998
30922
12535
28138
12173
10650
20040
20750
784
11285
46269
34835
20143
22498
22384
36034
964
44093
48596
12684
37784
43894
159
15724
48876
36065
29085
13379
31455
2086
15247
17152
2018
1533
40583
48946
1088
10789
47963
30855
3509
13492
35278
12451
26378
39373
30285
21837
46651
16722
48304
12446
37417
35171
23410
34799
37040
47092
11614
5429
41700
11804
23522
27275
34711
37442
13302
26133
26167
36181
25460
41525
22131
48776
4681
12495
24218
11648
29754
11899
2636
24391
38139
35866
9582
28553
10695
32011
47454
10597
27254
33882
1703
19045
28155
27477
9379
5472
16451
4745
39180
45595
47236
10248
29463
13358
14760
2900
32376
25419
46405
39166
12348
24611
20021
2270
32515
15419
35600
13539
28583
31330
2645
33815
41880
10549
10429
33421
31505
31809
41180
11420
48700
25857
4053
47858
4478
13756
26265
18138
19756
29758
23720
12405
43266
42708
19220
20609
7233
6932
43087
7913
8073
10817
46625
10346
46827
5000
23388
9949
46696
40200
8156
49485
10487
17559
38438
49005
38415
29003
36048
10643
28371
26427
12050
31664
49098
27484
22373
41031
28626
26523
17070
8578
15768
1318
13245
25876
3959
6567
20403
23919
32957
4033
4955
14970
1290
37274
38223
27364
1924
21275
7696
8498
46365
15553
14144
39064
23657
3914
5276
46729
29497
36376
46627
46075
16943
36418
45432
19539
27286
32079
26318
36998
25566
11765
45157
971
38836
27909
31272
20866
34079
41914
29316
10848
25685
39228
31925
40526
9847
3358
19305
24598
1714
9589
22151
18713
7999
36920
4043
17067
45449
11613
14010
21645
27586
41503
10882
8927
40091
16724
11032
18051
14731
15097
15927
10103
29444
48993
5739
18502
28400
4170
10382
20663
44688
29478
42454
39841
44199
13049
31607
33003
22941
48447
6881
24418
3258
23349
32082
4332
49607
20475
22630
11674
36699
21176
41204
21818
14153
38096
49336
1640
11181
21293
15130
24009
31941
18282
48072
19840
36784
30945
42242
29327
8378
17992
47893
14689
49704
19373
40795
34281
27751
32455
42713
34317
22789
24424
7057
48764
2662
23713
24425
8472
44299
18927
8817
48150
17545
33977
40142
10345
37061
35326
15626
41400
48198
8434
49235
26206
620
2448
13413
35606
38316
39742
41684
21391
38804
37909
4583
12862
621
1411
20212
27588
5284
33448
48336
14219
44784
40955
20444
26758
40537
31749
14653
31262
12819
11304
45405
31264
37032
49276
49656
15880
9489
40920
39068
42872
15108
29260
43945
7889
37411
19005
13523
3723
11015
7592
22690
29413
37731
11507
17982
36657
8629
37840
27948
825
14602
48718
15018
43827
14319
21415
41747
23144
21625
48671
43878
10244
49320
40676
39883
43274
21218
12424
16545
13477
26944
48610
37173
30158
49339
8123
10857
37410
26289
12897
20700
45086
13
22241
39007
33090
47299
15166
35910
4003
2529
13289
15751
1938
566
419
33116
31475
14659
49239
47632
43964
17568
44328
41575
38380
14668
12252
2970
18507
6793
25648
49911
18786
43431
27727
19337
31409
13385
22298
30130
39367
49538
18527
23769
22033
12355
22025
43746
22681
43284
8875
43084
36005
19418
7651
17267
36895
41933
20038
42779
25208
33111
11942
43180
26411
47240
1202
46520
33337
48090
10685
40429
47652
8030
25873
40488
2916
9036
27611
2672
41870
15259
34465
21596
21667
37014
13217
43064
29554
31126
4711
42670
49694
27149
27125
17895
30994
24349
29025
42676
30704
12305
15322
47987
43568
32941
26914
33953
7897
34023
38285
43383
16370
31388
42773
1105
44805
33014
46990
14185
8422
44864
4064
13663
24278
4570
7186
35364
36546
46175
24773
1480
43563
424
40239
6345
6467
44778
36378
4668
32379
25964
31767
24104
17300
18819
36431
26995
14347
23627
44061
44183
39412
41921
20732
31206
5732
39250
8756
6048
7613
26879
33944
31185
7763
4260
48252
11143
2023
36416
35351
14931
16599
8842
34353
21212
9473
34717
11612
47160
3066
23793
28233
21467
29180
27684
46757
794
1857
37390
28013
25183
2246
41816
21413
37336
4731
17418
40973
45787
26845
25623
22832
20834
18664
7181
13074
28910
8522
48032
5748
25807
8719
23402
26582
11585
22484
40644
21113
25627
41519
38803
41811
7877
26149
5475
46856
38897
25398
31803
9099
34010
9912
3861
9995
233
1267
14528
21931
37850
22598
42974
22596
29569
1703
35125
49003
48842
25463
5356
8856
6739
5269
23125
36421
24858
13130
43460
30052
44196
49665
22191
39677
42850
40642
35249
22864
45239
7868
18626
43679
14441
12489
39518
27133
29968
2149
41259
34706
14439
259
4014
25066
13499
28761
1811
49156
34979
31918
21915
6263
25869
1462
39924
25314
10066
34165
49141
18811
10396
1502
24140
26954
15479
1105
34258
24224
5462
2730
41026
34869
22375
15323
41928
47718
33977
24065
40480
46657
29809
8951
22120
3619
645
29751
31189
15542
43958
44004
27985
49808
21999
20080
40818
7818
32019
32647
43065
16273
28801
34653
11851
14741
34676
3785
2237
38659
20513
2684
35708
26934
31687
37622
8502
24248
36133
17941
40665
8319
37398
14535
43720
26667
22753
6606
2171
48958
5603
48842
10624
16914
41293
45031
42353
45758
23332
41733
43007
22609
42078
41975
27611
49125
30424
30385
48594
27883
421
6616
17365
39662
47066
6522
38991
33044
21992
35035
8961
29541
40294
22971
868
23487
10745
43607
37328
45746
34061
47416
34520
35457
10130
5753
7779
49929
7554
13135
10981
34863
37425
44915
17562
47859
48133
12253
28003
432
49648
3215
10
49137
12020
22476
36173
13327
3886
12774
44536
4372
39609
34878
44930
17595
33245
3870
31496
35138
29779
8122
14138
2822
39752
32419
40631
885
46032
35634
3839
34226
32631
31844
16370
33773
29381
17861
41364
5847
18952
14812
39844
43520
40442
16725
9945
44289
13470
31489
34484
20397
4035
4623
6823
21409
2785
18887
17453
20457
35448
4302
11123
9966
2362
41442
33370
2430
26589
32230
9346
2971
6878
42972
47145
38661
15639
43896
38142
6067
45226
39740
11881
23351
46459
24187
25554
25204
35764
32938
11598
9519
8872
32161
25602
6
7103
20274
19180
29689
16670
25096
45582
3698
34472
27682
4881
18134
48902
23387
30644
23624
42801
12497
42108
31148
5601
35374
24254
41067
19650
43403
19648
21121
6295
10564
14166
3009
38298
28267
30534
32338
39440
19474
12277
38651
24311
20332
35247
48155
19146
16675
31612
49809
23553
39705
38310
5833
41387
43075
42275
47146
31997
19688
33908
42026
21823
37260
46335
22398
422
23343
21857
11931
18344
25213
31278
9011
4589
21386
41627
44976
20996
42787
45678
43653
25366
47277
38510
49257
22203
41926
36421
30509
48058
23857
586
9315
25701
16795
7566
22941
25982
7843
36764
31990
47039
44781
7006
29399
8784
4199
23392
14613
31825
19463
58
33978
47202
16675
24134
11317
2017
11759
9487
14372
45717
383
23920
29221
37265
25618
26022
16605
25675
12589
11444
33835
6638
43502
40793
15062
6413
25745
25467
30043
34016
36451
82
11681
45249
22455
13039
41624
20980
9033
40902
16731
9788
45838
16474
17989
28299
27435
14211
8745
21143
39367
3253
39566
29079
14215
42626
13106
33033
48183
18051
20466
27775
10832
21568
1365
49730
13631
32055
14017
13173
22331
40279
32629
36287
16956
40078
35062
8301
27306
2195
19960
28981
32804
39612
5500
35673
26478
38054
3352
28546
22832
14699
27278
5605
14249
45681
36861
38795
45034
18998
24143
8467
40153
37396
36812
29408
25023
34684
35397
39630
2198
1666
23882
35929
25937
34894
26158
18345
17754
24246
39699
763
8936
31598
33117
1546
16787
25975
39287
31527
25304
39864
44947
49691
17154
11382
36577
33132
43518
40162
26707
8695
39354
40491
25408
19213
20883
40218
41899
27477
38645
34186
35902
35320
26125
26936
44463
31484
21496
42725
27406
21280
31055
45592
4742
14081
44672
22839
46635
18182
43581
42225
10385
33896
9248
26111
13278
44740
43861
37099
47560
39403
3166
41593
44207
42253
24406
16012
8573
38038
20755
40310
15812
7249
48676
15427
4
49408
3175
49202
28843
13952
42823
41295
49050
3757
24805
36329
13803
46984
40133
2971
43031
40302
15439
33430
42552
10802
10288
25080
38621
32095
6872
31103
37818
21130
7819
14321
26026
27707
27434
29524
36503
20199
43826
46583
18565
34371
39334
11485
26603
13038
5025
7665
44270
21294
39596
8298
20614
24274
6779
10558
48800
38127
38570
34815
26656
4576
34958
9529
49364
47686
44884
48221
8882
15995
14328
12647
46890
19986
9755
9050
27599
10127
34413
46474
23176
8368
29249
13468
49335
46044
12193
48216
34305
10721
29965
37483
7086
17732
45578
33772
9325
4187
25815
16618
39176
20167
5560
14731
34951
27406
3611
5112
21822
221
2832
21228
6348
10271
12531
14467
46170
2619
24263
46653
22686
29844
35265
43711
21570
47045
13175
23261
46214
34307
47647
10016
13598
24832
44338
11702
39248
17382
15381
15047
31498
3339
35298
12496
12756
19124
32812
26350
24342
4715
31044
47039
6733
26977
29378
2956
452
15177
16743
13194
72
10892
24969
13744
35445
34759
39670
28660
24999
4146
21755
48102
47751
23445
30367
15038
6564
29489
956
36206
47708
36070
24148
23768
37643
19648
24646
33440
4142
23749
26196
33533
48549
2810
48335
15021
32162
42702
22663
10701
35322
9218
47508
4693
44934
48208
7006
15096
16817
35112
43571
36277
17427
17478
20394
26886
14245
36817
44408
10483
14987
36899
17241
11060
35732
32015
41027
1101
19363
8375
25934
29272
48916
26934
29313
8117
22764
34810
4810
10240
34813
22939
18109
35555
41364
40142
29458
10124
23453
31376
4347
10427
30538
15972
47262
41706
15827
9365
28113
44652
2212
41001
5640
46964
47447
36941
4606
32453
24207
37142
39673
24915
47209
32230
19981
49710
47640
39206
2426
43443
28157
34568
17535
49679
7063
41368
8113
48299
34669
42608
42047
2641
37887
20612
46275
20692
44905
19915
34966
25691
809
23251
46200
8086
17716
25484
19651
15929
9178
17770
20654
19301
6893
31899
35244
15762
41797
16983
41098
21999
45468
13278
21839
6820
7645
48642
43358
23176
25921
11948
16433
35616
33407
40869
39765
1109
18181
31289
19429
22645
8661
49654
20098
47512
1303
37283
2975
3730
12535
13893
24644
47486
12530
11954
49796
35034
24663
9123
36941
2603
21970
6561
854
48183
36082
39599
7551
41085
31624
29325
12557
2768
22361
47511
24355
28130
35864
36609
40755
4379
16573
39061
5145
30416
164
4437
19310
37767
1149
44685
42479
29531
22996
6635
30983
17918
14200
6750
40124
32312
43317
39700
22798
35338
14680
19029
5163
7646
3558
47991
10155
33623
48229
30014
24959
21298
30964
30945
29428
35237
39137
20828
4149
45516
7686
5803
13377
7532
41400
28744
12776
28156
39869
13431
37944
26377
18685
48866
12880
22816
16126
6138
6213
9157
3525
24586
36491
41052
46105
4357
12952
49108
41056
12604
30464
20519
43334
10831
25689
14356
27684
10466
28980
20414
1395
3871
22606
14929
17876
10908
41660
1208
8442
49057
39551
37664
1888
27088
31379
15981
49807
24511
18341
47392
21586
14457
1947
15875
40579
2365
39115
45808
71
3724
6942
15789
48035
4592
1983
49787
42266
22116
24338
16351
9941
48793
25293
34954
14712
37590
20503
24073
22421
29208
34919
32529
21968
28592
47369
13812
44120
44854
9096
13091
24576
25740
44108
8271
17802
20802
20439
17305
27325
5644
24974
25749
33039
20849
12543
40681
10471
48455
13773
21406
7049
45692
7625
45954
129
46463
6753
8322
35117
20180
33003
9186
20445
31000
16625
14661
12969
8151
37188
27255
8521
12849
10665
30222
19522
13073
8963
38500
40842
21828
43784
8266
25322
33072
41131
11692
6075
29760
22888
24273
37403
5086
43959
29950
43886
38506
28632
27608
49224
25437
39887
26882
7017
11397
49070
32067
13336
15577
49437
21187
37594
21151
25835
9518
12746
1815
39081
19574
16150
47125
33744
41018
21418
2913
14675
12705
37567
1115
12457
17307
14120
166
26246
19861
16655
18916
25145
48889
21811
30743
17971
6796
11499
129
543
22817
39894
23666
48004
42813
1903
27608
33953
20927
31981
36805
29076
9379
19640
5735
41142
37845
26881
6179
1615
19914
38331
19773
969
11808
6138
6720
12550
45540
11054
29843
47100
37379
48786
30243
31410
42905
39869
42957
29981
9765
45073
26848
28280
2870
35523
13905
3647
7099
8307
4433
36434
33274
33872
12667
47255
27134
30210
48093
22846
22634
2180
41523
42780
37509
11775
24043
1523
37209
47176
20541
13528
22309
29720
7270
131
32721
30282
34632
12657
38421
21502
41244
7778
48654
34321
30074
46539
42479
3293
3438
18697
1259
21511
13839
9869
33223
47238
34703
7791
37883
39226
460
3665
24393
32013
13027
5390
16676
18579
48952
1621
24679
43883
36467
39085
42603
3304
21029
15459
46282
32372
37541
5220
2015
45655
35604
17222
31547
20793
45295
36944
32822
18522
45268
10954
48051
7974
43794
11440
13455
30634
3302
6589
14896
15311
39961
31801
22413
29516
17256
7798
26480
9417
24988
31260
26737
38487
14235
28233
33514
41607
7476
26768
30553
36607
28006
36642
14364
21828
25927
10107
2128
883
5881
42779
8299
15592
19725
8204
40687
43619
28518
10220
1245
46370
17763
2520
27397
45851
40990
2563
8173
9116
15655
36928
13182
49246
26379
35562
21461
15556
27170
46076
6817
11580
23255
7876
5982
49096
39696
24346
29477
15707
39843
35653
7492
39461
6078
32261
42675
36003
9220
15455
38571
48798
47522
7022
34898
13390
39713
10363
14041
23748
9451
42812
20207
37692
35535
26276
36654
25106
39574
36132
2551
26903
28201
27407
11460
49719
46676
31419
21554
35517
36691
32137
41302
42285
6249
24101
3991
38339
24727
37781
7682
2460
33320
31824
22544
24194
40512
46804
21873
40912
19407
17425
37903
43331
23581
1056
12513
19071
34103
22963
4144
23206
29569
3971
17075
34129
44259
49518
4553
28841
43218
47365
18819
38557
18384
24984
39256
37899
11811
39250
12415
32857
37037
45771
3087
13435
23256
33801
8070
11276
1581
49632
37578
3713
29812
2875
9317
18925
42364
7141
30882
33889
37610
32463
32812
5829
11
38716
40504
8527
33067
32024
30311
34002
36888
40187
42383
41628
261
47799
226
47519
42133
22480
9999
3935
40241
27819
44540
44373
48240
30800
24913
6906
23928
30792
25839
30149
20074
29572
9334
36289
7566
21510
47181
46567
18362
13623
44030
29195
35911
17919
16109
40900
19093
41419
49220
21224
6428
49063
38652
22640
15269
26205
49391
35660
21683
12688
2317
128
17827
12976
30188
5131
18334
35330
36257
5552
14882
17315
13241
39458
43171
31348
24477
42093
24847
43155
44809
5609
43020
47705
21985
47703
18251
29440
20534
43606
24023
19901
42438
18889
45440
31802
1230
29741
2460
8860
19740
11129
36918
15370
27016
14657
38157
7108
23854
20825
44278
1302
35882
14802
36636
6963
31813
16114
893
41310
32280
27285
25366
21404
15972
18699
11536
41705
18211
9398
9399
27722
12157
8447
15635
17967
24564
30320
49702
44017
38080
39967
6820
29934
17050
27089
13074
43357
14771
16014
10561
11418
39051
46703
5027
25681
13541
9447
42565
17973
34670
2733
18362
9959
12077
40338
40334
42923
2593
12257
4052
42306
5243
35500
43520
1989
614
8289
32287
36985
33680
45053
45368
16447
20386
13221
18703
38441
45078
15000
35209
40968
42949
46708
1453
16396
49249
1671
49952
16097
6303
48424
19835
30590
45239
21378
44336
32657
28647
44070
30324
13334
21936
41490
31486
45208
378
27338
18375
27525
49832
25922
45488
18516
2252
23016
33654
2150
12886
25560
15117
43134
35453
34476
45010
25818
6051
2772
17736
37624
6778
18616
20286
4103
35269
34828
32521
1312
47131
21420
10797
21639
45164
8679
12624
38104
19903
905
15251
45011
16343
15832
21180
41474
5533
37857
32263
43170
4926
24436
38194
32951
27848
39343
27934
2327
18584
42053
42078
47707
26855
44071
18902
37163
47313
12122
19314
46881
34596
38293
29169
48316
49331
5901
16149
47553
22928
34895
8367
39756
16682
40232
23975
48411
12798
9138
47341
25369
39755
17639
4188
13990
18813
21745
2813
36768
4086
40122
11678
23647
20032
40088
35096
19223
8366
40980
43240
8417
36778
31514
3150
36803
40436
37548
21850
42641
31918
3437
1548
19793
23534
21616
23659
29519
6813
47620
11817
7084
24042
40212
32300
197
22400
8372
23436
24504
45954
2930
32093
3325
27036
29481
39085
35224
8197
25420
49919
37771
38811
9836
41463
28289
15239
17018
26984
10248
21547
40693
36849
17774
46677
9670
33977
4180
41052
12325
15684
6644
35904
19114
10062
18313
10104
31922
31461
11983
17152
13166
43017
36292
7428
15809
4373
10962
43007
29565
32412
41742
43406
38223
37108
47636
24391
46750
944
1148
31004
24055
21613
524
26330
17376
7383
47044
40661
7832
42784
24883
41972
7971
33267
23226
40124
20318
36613
14972
1542
40994
9605
11302
14544
19283
20580
47617
5154
11130
4207
42214
44978
45468
35588
20229
28254
28538
7436
16300
42352
41413
19943
38467
48159
47669
41681
31551
45939
31915
24321
49452
43909
1473
1153
34620
27313
48794
10605
42392
6289
43992
16678
16222
27964
44785
31661
1937
41325
45095
24453
34617
10138
5481
17784
4922
22132
28967
29265
35157
15135
32238
33362
17307
9543
31229
6048
41874
41914
10856
32764
10124
36943
1968
45008
22095
9533
19135
31384
4436
28424
44934
42218
15265
20956
33765
6806
36181
26266
45201
20580
21081
44405
47152
27269
16174
8695
37189
22245
7440
1424
36852
47418
18183
47381
29058
18180
46019
2480
8940
29168
40777
36032
22886
15465
9639
17321
34842
2602
7138
38136
43031
36637
29332
24342
35408
41721
27907
18988
8343
44861
47099
23207
29474
5499
35135
30018
44372
24250
47308
7908
8234
397
34622
25825
15157
10495
24205
45527
44138
48913
44078
14060
41153
39369
43076
23218
3229
42334
17953
9709
29990
11483
48235
11442
17100
27008
19422
42822
17216
42923
48903
9653
26971
47155
4284
39980
6090
30809
36936
38399
6666
48758
39515
34267
4025
32345
35555
6530
30896
2456
38515
1224
33083
19703
19113
41741
2990
47234
16966
44998
11268
9981
25439
26869
38598
40508
40467
4103
32840
8204
9281
46856
28818
46644
30745
47072
19296
39168
34874
43458
25513
35152
6033
48476
29179
24078
293
45734
6349
48730
48344
16448
5414
11939
14576
2100
43659
27786
47808
44152
971
34528
7831
33251
48568
2375
3009
49382
15780
16388
27590
49679
31499
14175
43003
12657
35827
22771
199
25451
20719
2354
33123
27245
11778
17083
36249
19485
33741
12288
20229
7566
27082
49809
3770
1840
31182
45152
5823
20146
45365
29927
40209
43962
24854
49455
35945
19064
9551
3029
49379
23108
41631
41603
15535
37674
2530
18351
47136
19498
44164
48837
22620
28660
3629
17666
33278
43352
49689
1
19448
24653
3753
12576
28680
12458
44523
30593
6432
7502
5443
31676
37688
19406
32096
49850
34549
46811
13838
35475
31056
42096
5438
7972
48554
32832
32664
9044
7522
7154
5213
39115
27196
43912
6686
18534
28142
29025
27272
45855
17274
20846
22448
33964
10186
8046
49521
44059
7159
29586
46368
31446
7886
28710
14697
24238
33127
35428
40546
21549
27600
18324
40701
34271
17428
28550
39917
48438
41943
8160
38733
41655
46233
37736
9777
11313
49654
42600
41231
175
47173
43422
4824
17958
23514
46408
19246
22515
43955
11897
35113
29774
25473
27577
20056
19237
40764
20297
31999
33513
42996
37132
9728
10659
19474
3066
29562
14938
14233
34782
2552
48032
9669
48122
14856
5779
28881
475
30912
48435
12741
33439
18758
6870
36926
44032
89
28330
8168
48103
37201
6800
26277
12069
12076
36741
16245
27853
20509
22444
10147
38421
28848
14084
9176
29496
33770
39696
6168
8283
14130
44961
8295
29596
33782
48885
31621
40211
36981
39958
18476
29895
21080
44349
22040
7013
31638
33589
17438
30318
40168
9777
16938
23630
15469
15602
14912
18515
661
7465
1990
20460
23627
46388
8341
31515
40657
29658
18171
4930
30825
26989
3988
3095
5154
12690
44449
1535
4949
5412
49637
12314
38219
5507
42833
19791
20960
22884
28329
45209
20156
6467
29505
25437
6984
27822
30762
6670
39044
10070
4400
25781
36131
46282
27871
6824
34360
11914
34956
10489
32749
27954
34456
4985
9102
19894
49489
28289
16843
23793
45190
7761
15859
9241
44925
4158
43516
17937
26794
21236
13092
4526
33339
7819
14462
23935
43033
43541
22198
15376
8367
35199
13622
48554
32217
16992
17124
2609
133
48829
24412
33838
39696
6674
17173
7741
22023
6406
22809
28607
36080
4139
26796
5922
23767
19085
45288
46813
41227
34791
13684
28144
47056
45235
15760
48062
42025
31062
40577
15492
15468
36055
8462
30520
31351
26919
11106
10733
45882
20436
35098
47232
28750
30228
25483
22898
11838
17084
11919
41525
46778
13904
5895
36994
48685
38257
4638
39724
1263
20645
10648
30403
49383
1074
394
15221
3478
46322
16999
25755
40819
21109
26743
32172
23847
35975
18158
48591
18501
36987
11962
23328
22732
40841
37029
28042
30746
31593
10866
26930
5090
40775
38135
42816
19859
47652
1895
2568
36552
12309
22426
16460
30147
36952
46800
33008
11340
42012
45090
14064
28842
6080
2290
20886
39058
23781
24438
20589
45396
13774
22985
3524
43415
13935
7850
39538
15220
986
12312
31076
11287
41021
4454
32878
35795
3532
17388
25977
46389
21215
17253
16038
34164
20925
18912
4764
24258
17290
12069
38729
25955
13599
17488
16405
22292
32124
2358
7635
41426
30255
18600
33026
9499
10791
40603
25020
45052
34076
17059
18582
43911
31615
27589
13981
15736
41696
7824
43150
43553
22739
30669
15446
10027
31673
32106
23519
39750
12069
19575
12291
21194
47107
32175
10572
27239
41472
28328
16658
27075
45501
22229
8854
3380
490
277
27664
18986
47422
21039
34218
35900
45125
31003
36806
34626
12599
23614
13614
45258
7882
3354
43147
39700
47487
27126
22344
39129
45505
1041
8192
26914
8716
47570
22536
27876
45452
1127
5049
37288
903
1251
25553
15033
2241
7755
281
48113
32319
26663
4716
39060
43209
7090
2817
49671
41210
45570
18288
37769
7878
3652
43209
32177
32272
22732
15467
28508
40183
4934
32112
44550
28889
29844
14203
8163
22175
47791
45945
16503
2602
23990
47714
38116
4416
2735
39140
18539
27656
29523
7291
19068
47257
3786
44196
4916
44809
45378
12770
23947
21865
15456
25289
34218
4313
25197
22866
19112
3459
14817
12115
24195
11646
27315
13080
8227
4796
22668
48922
41652
45041
41119
9755
17146
42614
4058
7212
49684
10480
23674
7398
30946
45067
10942
9265
43932
12017
45947
267
47986
11395
13838
26439
33539
30646
42058
13880
166
48216
49902
32706
11908
12577
37787
40018
14821
25114
14883
352
42327
45253
33324
41363
39503
45705
35602
28333
12025
9072
7445
18409
10565
49718
43980
18656
22915
33787
16799
22486
47615
17176
6873
40527
32942
38656
27128
39185
1291
3649
17416
38108
3287
11767
17669
22734
45295
14260
7875
11479
20230
21477
12811
34401
14923
10223
33268
49937
27652
7620
30398
24663
9881
48167
48721
15158
4941
56
2562
32431
41443
7459
34609
15708
3517
13719
33170
35026
43253
16574
29394
38610
47916
29537
15682
33729
41793
12339
5048
49143
29634
7800
13642
25858
47648
15864
43946
35703
48341
38422
6418
17470
26441
48208
21203
22314
41329
40007
42734
43171
3411
39211
22687
30657
43417
23483
36901
9565
30955
19099
6325
9320
22808
43015
35458
15004
44852
21107
42441
37449
243
39593
8472
37524
46313
45051
24145
381
33201
17198
14492
42262
15701
10458
48239
46874
20538
26438
46665
27916
18479
34021
20800
46933
37649
20936
11263
35749
39127
15050
5604
44855
17396
46491
46573
8480
1594
9100
254
3772
37890
11392
6715
17935
774
32731
39315
11550
10903
5024
11598
11966
12805
2095
27733
18600
34420
49318
42457
28144
33293
30264
39803
42506
36527
19627
10699
39904
29531
44248
12216
3200
25479
41118
16728
30950
22234
2676
2724
3575
40701
11464
5546
27728
32618
5414
9740
45053
33814
40843
47728
10071
4314
33555
19712
1135
39915
10816
14132
9768
5587
13857
48107
1882
15851
23871
35295
1695
38246
18757
14058
18227
37640
40036
23284
48345
30876
45347
9612
17302
5053
44838
36815
16394
37270
12210
24291
49351
24014
13856
15867
16066
3550
33211
33736
856
16428
34922
6179
6907
9390
23934
22442
4296
9514
13122
37283
702
7151
31101
25731
26468
1194
46114
38765
17965
2928
17710
33480
13140
31625
48795
23290
33075
17692
39456
30381
37089
3308
46963
20650
49054
39263
29024
37894
26774
14068
28117
20194
35450
38289
28465
36621
26407
32238
17664
3224
23314
21152
20155
33683
18552
47656
4344
16934
32409
16011
32155
43871
10201
27006
10231
22698
38333
23011
2326
47003
16865
46068
14615
18136
13849
43206
22367
30962
25267
34305
21421
43580
27508
10913
19694
19783
15615
19347
23167
27076
10892
47862
8454
25855
42930
27476
27377
28381
5902
10464
6296
3730
48338
4145
24868
8664
33239
35570
45958
36794
11856
48099
7659
46027
48115
4830
4335
27573
36930
195
5638
39492
49083
37843
33551
45905
8509
6014
26526
30332
16458
14149
6913
41075
42853
9843
38892
16969
42563
5559
9021
7681
18894
36398
25462
45916
23227
22074
15198
34104
7933
8995
8699
44388
48043
11024
18573
36545
15453
23118
39862
1072
971
18902
43278
7238
6755
25800
14432
30182
10850
59
43580
42500
12590
10871
9156
15781
41935
982
17968
29732
33363
31715
47219
44330
45965
11263
26765
4038
25038
23959
36389
6639
8031
16789
29028
40658
13171
4670
42477
22948
8189
17163
37700
33232
22837
82
32944
34808
33754
33057
49312
5337
742
36716
24405
49824
5041
49509
17934
4038
46356
32132
726
34617
22091
2813
48735
3828
28660
44713
34968
27243
27403
1640
14070
33970
28175
37264
29488
36182
29405
4712
32729
15678
10469
16039
15252
33002
587
43098
531
14866
1806
14741
46413
1434
5084
12199
4691
13657
7635
31366
4809
15695
12563
25462
5300
29643
780
34653
5524
41404
47584
47930
27476
10405
11391
44235
11221
7423
42324
2681
28687
9680
42117
45468
9383
36897
7529
36109
11232
17426
44233
19908
42377
49887
10961
14089
37828
35142
45894
49161
11283
23005
12558
26325
1290
36298
10835
18539
38044
19159
39806
4397
45638
24243
36688
8795
24693
314
25688
17423
6855
5962
44849
49066
47512
40159
4604
5160
42463
40760
41200
41382
6322
21295
25545
14963
6005
29280
20792
41435
19245
21721
27462
45394
24073
33741
21280
40896
36347
26921
35241
30351
2743
4684
25615
14882
23807
6463
467
4613
20034
20546
36337
40880
27991
14654
27355
29834
21217
32939
29018
5432
24371
32379
45697
26009
36859
14288
48502
15508
20944
10364
44802
1656
26257
40306
46976
38137
44650
11542
4704
38343
43681
46269
48320
39452
25188
9892
6316
31132
17089
30328
43900
41308
25072
24146
45266
32351
14803
26534
8768
41420
41034
36231
20188
11814
44604
18869
36944
43551
46471
11003
23379
48431
38140
17776
16178
38273
15068
194
38965
34922
5332
16939
20395
12841
29876
40859
18218
38074
1487
22303
19384
17625
25586
17888
9677
9506
19619
37264
28465
32251
38704
35273
4983
26760
22654
40989
47548
33452
8137
46272
15277
39815
46221
2294
26122
49255
36491
47445
31987
12559
7855
10474
42947
7816
31686
16568
43047
27477
13441
38242
30155
42265
7080
8972
44947
28857
11455
35929
8266
34748
40695
18628
14642
6593
10712
22825
21247
47345
18013
6731
23324
12693
9314
33595
17278
11304
3559
9018
35679
9253
36842
46495
32806
2647
2270
29537
26201
3073
21693
16369
4802
21049
19736
10508
22904
19871
20879
21322
36198
38976
47413
44636
34775
24353
19097
28431
36776
8814
48710
24756
26052
43626
1247
47488
33541
28992
30186
25182
40319
24551
32345
44281
6186
45283
38926
12486
29622
47718
2326
34058
27512
43642
23346
13274
45305
24592
2104
13934
9900
39157
2434
28106
5996
36355
7504
29305
22287
31338
22797
29153
9866
4211
28596
22770
12799
21650
23832
42612
30959
45092
2988
42887
35908
44922
48976
34260
20104
36660
34865
8017
4864
22938
19478
25677
6241
38511
7798
25700
32863
13740
9139
36750
2251
25919
8694
5111
25547
3149
48604
33391
8301
25691
13150
2478
24599
3011
35634
28248
7301
36668
24172
36732
41063
33162
14165
31983
45944
38798
42320
6634
43272
27633
7090
29091
36490
29937
25248
23128
37863
17176
26372
28886
40619
45727
42184
15582
44838
5943
46589
13949
19321
6639
4592
41084
43877
23810
26763
25580
29854
1046
1594
23323
27621
44032
12989
45426
7423
33526
40279
20523
14996
15639
12027
41181
44688
9288
41339
27478
32745
21813
26170
11470
48091
17854
48970
32535
45398
41072
19352
20850
44247
39690
42121
31887
9886
20179
37791
2565
27828
17539
27260
7781
15917
24942
20935
48964
23326
42900
1541
37289
304
11241
16528
30559
38491
45742
2900
39926
43997
21347
18090
21281
34237
21394
20068
32453
3262
18065
679
32824
27968
26292
13838
20503
11802
30970
5969
2255
11789
31335
9547
38329
13170
29728
8601
40966
32191
32478
19579
34419
13421
9471
22398
30152
24464
10137
18488
34620
37964
18427
42887
27344
42523
18160
44001
32128
10438
7732
37424
983
47108
12925
21627
36731
20538
3177
3337
30643
14871
17511
34452
6807
32694
5864
33783
6678
15995
40695
41148
33861
16209
5690
21353
42412
13079
37113
33928
2524
9258
47211
6683
45944
24432
40474
10379
42333
33556
28214
42316
33106
27340
20404
19114
1611
37348
30948
36284
30690
44417
17510
10886
40034
19910
28649
11871
33690
15379
38715
46924
14907
8940
26512
36080
6865
36670
2856
38154
16994
479
33297
40835
38484
7590
5269
14069
27335
20340
4938
42558
35130
29793
48851
5303
2870
2489
17502
35106
19338
45785
46976
31764
43271
2668
12083
46892
11464
49391
7007
35443
30538
35168
1789
6229
20354
29364
33253
34815
18112
15317
17512
2968
8439
49277
49572
27699
49566
45037
24605
1819
44060
525
44539
9800
14678
44863
20819
20840
29152
17374
12598
38409
39275
3119
36256
9323
20074
12221
12740
16571
8638
2869
9943
21539
44150
15192
9724
29678
48689
43915
13424
28514
4448
30612
30969
40057
1548
34199
45474
37594
40121
35077
29589
22532
49990
15643
49159
1061
14311
41423
37502
47798
25410
27205
11008
36889
36354
45091
36281
47861
1538
3823
33786
5448
43384
10323
41105
17667
16202
9004
29818
17230
49798
34848
8440
7066
25111
46635
49403
4099
39659
8447
8141
35433
20306
26003
19091
16207
29210
27977
2958
26502
26770
18749
9314
37288
16730
18400
24178
17615
19874
49150
20620
10964
43335
36809
27278
39189
49567
38931
31740
31760
20185
10676
31389
6915
32554
3795
44409
18891
15595
41928
14058
11083
20827
11951
44883
17760
26678
39087
13080
3519
28782
4612
46987
10404
24198
25945
12126
17997
42081
15970
9994
41647
19957
33418
7813
14583
37974
38005
240
45355
5921
24296
35524
773
9017
35352
15901
23584
34313
45745
11986
34158
36824
49529
49435
260
10094
6736
19697
2007
21741
22953
8976
8920
31744
14942
48643
15243
40043
35845
20967
38768
23890
39056
34177
27735
10014
15271
15859
31404
18157
31426
16627
22289
6696
4111
37862
23265
39288
48693
2430
41999
15328
1012
20525
1539
18519
17177
8973
42143
13551
29933
22268
9702
7480
11861
16556
15746
9597
43637
18340
10378
7167
28650
35465
31588
39968
12749
2910
47125
4648
6665
33788
29683
18409
6391
25732
38056
3630
24714
41597
39884
33652
43631
22415
39063
5052
22603
16160
47514
19251
3219
793
49264
11157
8385
40167
48915
8785
8781
26516
23486
41579
35114
14946
6863
18504
8314
28861
35018
28552
6133
17289
5380
28039
12592
15978
47390
23951
20863
45556
27630
22866
17306
23164
18887
40573
10412
33827
20081
326
33923
42345
3063
43876
47193
3154
23860
7951
15921
22503
31171
37310
42563
14519
45850
23069
11377
46655
22395
39686
26356
250
3959
41961
6923
11786
47529
39298
2395
39133
25533
6335
17566
37468
23784
1806
18080
6841
44583
9475
32110
13400
40616
5746
30073
12048
16584
6940
9870
27842
40286
47849
44007
47425
26654
4766
13680
7020
10072
3818
47472
38937
23038
20590
36338
27588
37682
13430
25377
42086
14064
12767
30464
1746
5502
1603
8628
28460
7424
16705
40406
24294
7115
31999
3387
2306
46907
22830
47234
39429
16283
5995
22358
47394
26422
1938
302
137
20094
21134
32722
33775
4756
42596
26093
34133
26379
40738
2731
18771
3929
24555
37545
36684
7811
39692
23374
27297
1768
5164
29859
23163
24151
30917
14790
43032
19046
44173
2731
2132
37764
32198
4766
46425
34409
37903
18800
40478
29568
49394
9107
49435
4450
38082
18253
43808
30820
42865
41006
41108
23779
21093
28625
3434
5776
30849
34754
27912
12767
38607
47516
45612
14570
49126
11283
15081
34498
43654
1352
32945
15264
35473
16491
16556
14925
30088
14108
32674
19649
35340
40967
27437
29006
44244
32388
23490
35377
32098
34291
35745
5285
47374
36575
8535
37671
35879
34558
26265
14536
8141
4789
32189
3448
6418
20939
39505
43224
45068
45021
24803
15425
17057
26938
29606
722
43318
32766
17597
15036
14099
15686
42232
31630
16743
34230
43646
44241
46068
24692
25852
49821
26576
8383
44646
30184
8530
33254
18812
13231
12240
6916
16246
43347
18196
7874
42936
47881
1336
14808
12798
29946
18212
9835
21509
24331
22918
32147
41339
47059
19664
9681
3873
24149
25385
27519
40987
3983
25068
29500
34423
247
23878
35904
47449
14411
34240
13626
41869
47763
2157
4308
13647
38249
11254
34150
48635
35820
19892
49207
33178
49023
23233
26870
11374
25013
42963
24137
39718
35860
22372
17921
44535
44674
35833
19538
31296
581
17627
23920
39809
36358
2115
14267
24643
42215
20982
41508
40161
19658
29329
11125
37060
1055
18203
40869
17446
19717
8065
37552
37048
9881
33395
5798
6470
5685
11867
40823
41600
2897
9912
46203
18225
38217
45010
42900
2407
22181
45064
22722
5986
14010
49644
1635
16437
40420
14320
413
48410
22154
980
45031
19365
33281
30510
45463
28210
35435
27914
27453
36092
31512
46710
32187
6348
35440
41570
48983
21114
32793
7046
37320
29622
8877
41759
15755
31094
38918
45116
48173
1935
6314
31039
24846
28878
44047
15606
25955
6591
49439
22036
5546
42728
9510
44149
47911
33712
3610
30927
6987
23464
14772
2331
4829
3251
22736
31087
4070
8691
11957
36403
44113
4464
40422
24198
30342
6816
22194
31125
34827
21746
13692
44677
2265
5645
31029
45498
49443
48651
36838
2034
3634
17297
46965
39777
42678
24365
38691
20861
8359
16682
40210
41663
9089
24766
20736
42275
44815
8557
11050
40117
32692
18630
49569
46061
42553
23122
47819
7245
6132
7680
8052
24687
16721
19072
35088
12037
17632
33864
36576
843
10599
29461
6944
3059
34868
33711
44430
42222
23920
32361
17993
1630
29178
12483
33262
47697
40804
1471
31713
38069
22970
37464
7280
10255
16555
46465
19870
24112
27028
21413
8799
16269
6284
3555
39564
13441
1385
5587
6574
23546
26012
38570
34181
49759
39694
47864
37971
43381
29602
16824
33677
28852
13179
47106
45124
34319
29039
7741
40974
49101
9600
38862
2344
30520
19057
31120
22393
12102
20411
4832
26956
28232
22911
49009
43773
14484
13105
8538
15875
18180
27321
38927
5410
15272
22843
1478
27137
39932
27218
38455
4208
12139
37187
11209
43154
41333
10187
31354
16748
1175
47776
43630
12537
37007
10644
35252
46696
6437
1634
31686
18567
10055
5662
16613
25840
49650
11520
7688
11374
31282
13733
5784
8649
17605
37316
10482
43299
11963
19263
6092
19517
3092
36330
24191
26682
27062
86
11844
16629
47189
41815
9867
31322
15095
6191
2321
5059
29179
46297
43821
962
45507
27610
49187
46269
41256
14957
14142
31902
34265
2516
14648
26721
2515
30252
31794
22564
25110
30869
3731
40504
6275
30813
11402
30730
4897
32395
18148
26208
13430
10118
38265
10471
42313
24993
48319
21797
5890
5668
33438
6055
45679
3251
46811
29208
6892
25181
41945
26810
18623
38452
35951
40515
8246
31669
49751
17435
14400
37969
24442
2851
33855
14572
4068
31374
16630
44232
18946
41343
22813
13573
47128
47709
49063
35216
46522
39235
32792
40526
46094
34879
6289
35871
40200
30438
25681
10928
48188
25333
40074
42643
38158
10006
14107
46355
48817
40548
27272
46660
32978
16255
15080
29496
24060
43771
41626
6774
46442
13464
11789
48299
24337
20772
22963
42093
20731
14856
503
4112
47887
30649
4975
7444
20973
42885
20299
43529
35927
36822
3031
18506
42425
46415
34423
16066
34471
9377
44867
39979
8775
18114
9128
37872
19789
2547
21100
7258
4823
24246
1621
49611
19635
47972
18180
49873
949
5902
35345
10048
36706
11591
39586
11262
39811
10083
21098
44050
34113
7422
34304
33693
46788
16023
5882
17956
47273
24915
11775
46816
21993
15381
7776
40511
26665
39299
43842
4713
49610
19046
14416
46102
40802
19752
27058
46913
10931
14568
3909
10876
3740
5694
25853
36462
6633
11548
12057
47540
30159
17325
10425
40563
10837
36225
19293
47859
24206
36257
23251
27948
14241
29210
14622
40867
19003
36989
24836
14707
14945
27620
49007
39804
42382
49850
33503
8138
20243
46257
5309
45814
34111
32712
37067
43498
5667
34408
39570
35459
21201
43741
43158
2429
39106
25213
12458
23618
26709
33568
18525
3969
9618
15562
32511
9096
41743
43958
48307
43191
1718
23187
38837
29438
42988
19397
15544
33767
29077
35649
33264
17799
21648
37842
30204
17143
3210
31108
9991
4203
8567
17621
19405
30679
9289
6377
29420
10378
33977
36526
24646
44833
49805
29421
4662
5391
18309
17267
19484
34922
8801
11151
42357
36542
20292
49924
46194
30236
47312
31635
22294
23291
34936
31165
39632
16816
38347
33476
27195
49534
43490
43461
28474
29421
39225
1450
11406
1335
10645
33663
38803
16366
44347
47892
4771
36077
38748
45362
46986
9439
3154
7886
14113
19118
17291
41071
24687
10659
14301
40148
20895
20984
34172
47493
39960
49380
27402
24651
12946
9360
46170
5772
34585
42592
45821
27311
30956
946
40960
9914
45803
33722
42038
34616
20222
9246
5793
19319
30859
47676
4047
20524
27376
1844
17829
24246
29029
1891
46696
27143
753
4199
15404
33916
31390
5078
22275
3214
39515
47502
92
31913
10000
47103
41851
31397
49565
44574
7772
12844
11479
18360
5108
37392
4974
37138
47997
39289
34730
23249
20028
4105
44800
4692
45944
42295
27442
42626
42257
41494
30943
38734
20082
41521
49687
20462
2175
32605
27462
43079
33735
15994
5382
31123
41003
24025
44376
21346
10189
19300
4171
12953
35887
15484
7626
15263
27977
10885
45158
3984
32431
23993
6918
3179
35128
1765
25392
33362
40232
38819
1334
36184
18962
47789
46213
34576
24093
10908
21617
17593
30722
25634
18557
511
33641
21438
3583
1681
18035
8235
15674
9937
41876
24929
33755
4417
18088
16462
35787
27006
20112
18748
36644
47512
33988
6089
3333
3711
19700
13073
31676
43002
7459
33444
36318
43914
18676
42022
15757
45514
33057
36454
24048
42099
6834
4427
43349
42027
25852
8683
40756
30434
28579
5854
43482
11270
35738
32440
32529
29263
6335
13453
48096
24805
15440
30044
11338
8258
43985
49528
25245
17487
22689
23841
4786
15208
12169
10697
44165
29671
35168
18419
5689
228
23862
18507
16817
4835
40181
2608
17790
21261
11838
19600
22309
48693
368
639
36582
22890
169
33808
34577
27418
14255
14098
1840
46860
47816
5276
38855
14694
12590
27764
39874
26854
27474
27836
25595
4406
45306
42791
31641
42522
38326
44373
8693
29992
47651
1465
29990
34073
15243
35928
19597
43932
17561
17215
19259
7792
32755
12822
39008
34968
7887
24419
49629
39725
47275
37007
23936
5356
12959
37616
31245
15452
20213
43881
47545
7204
23908
45364
36072
19607
13428
44307
27292
9821
18793
25119
46580
38192
21268
24367
20892
27415
31643
36437
48895
2059
15336
827
12804
30077
10203
20768
4120
38649
11867
36378
868
5926
23559
23953
48542
32059
43748
44994
24138
44864
8040
37682
5323
23521
30436
26243
35790
22304
17714
38572
28905
34539
47545
23453
1646
6164
22349
13562
6134
23295
14015
16997
22026
6635
6388
546
35453
8984
18946
35076
17181
18966
24837
39077
1578
45088
441
20701
12974
32678
22559
15281
6222
45227
7292
38475
14119
48080
23003
41204
30051
8802
46757
20834
41062
34209
17806
39488
13901
44483
25826
43901
2299
30027
4226
29568
42396
49989
34167
44253
23233
25761
22221
43186
32331
40749
8279
47098
29197
17760
37521
33110
92
20729
1484
3932
48068
37389
14106
41772
49998
11930
9792
4095
47884
6064
20684
11878
49424
11657
1452
5109
19440
2867
45283
38257
4969
8193
11181
31419
36407
46097
5087
39884
27338
17557
36692
39533
31914
39610
21573
35477
8346
33744
36245
2252
37186
1769
40455
46750
7441
28433
42997
14930
21831
49745
30201
49613
27250
4288
44198
20494
42815
38903
41490
46205
20938
5258
4424
10480
34955
16435
18448
38266
38063
36289
46608
18739
41765
12635
27272
28426
29656
13808
3125
14383
11102
6487
42276
23
13455
46623
13043
38806
25561
44004
21154
11817
15980
34199
11376
16857
43498
12590
9456
14100
9724
46612
7908
46406
39197
38092
29679
293
42268
41590
21232
13632
25296
11123
20495
11581
14148
40812
23440
18122
1055
29090
34411
30150
17524
34720
15586
15587
43554
49978
681
17863
19964
11871
12431
19163
16365
8878
24383
23055
25527
23595
19297
22479
12354
43786
21380
16461
39354
9815
27829
1661
8530
38205
21726
48080
9511
24954
7672
13224
33726
47604
21485
39294
3205
36663
29984
19126
20740
26289
39188
27263
48277
28373
34628
19558
2351
20372
14667
35107
45130
20325
6627
21815
48546
7517
43987
44441
22017
41157
11050
16271
43549
16948
1869
42360
21558
19756
16720
24025
40345
27484
750
36295
45126
16487
22980
7172
19125
12114
16474
34850
20958
45605
21280
2839
16754
45507
40273
44389
1559
16396
47867
22626
16702
39082
29782
39894
30829
2900
8436
8944
28262
45883
48500
38842
13876
33252
38840
1029
32042
22732
4539
24072
15738
24539
35786
24479
18468
16520
9285
32203
12301
36301
25788
32831
40094
33703
26806
49040
17128
22599
19198
12059
49985
29330
28308
48315
2927
37052
38129
29243
2169
11078
32854
7558
401
41405
17544
44667
2055
49475
19718
7627
45402
21754
39574
12754
17928
31967
4098
22534
49710
35728
8124
27491
27972
25848
6526
3197
47865
69
25016
23789
31331
36894
13270
13552
14431
14811
48691
17759
48536
8335
29528
49112
26531
1566
3849
2250
33001
11095
38912
7463
49268
6161
21081
39165
17837
30987
3023
6837
40124
20322
9553
40114
16405
17001
32965
31703
14473
1611
49804
25053
6955
2051
33258
39013
35293
37089
26613
47193
44321
47404
43452
18291
49886
43692
2232
34608
45880
29912
38388
21736
12752
9877
30802
28174
28995
22519
26877
307
19145
29270
23459
25427
42136
11929
28940
36984
40946
32074
31971
134
48398
9899
22297
21550
12335
49750
29607
36974
44059
23646
17098
23212
6208
49812
9853
3152
47613
20484
32172
4145
11025
48477
41507
2570
47651
23910
22980
28228
1664
3799
9332
18674
43009
21364
12157
41457
17351
26270
28277
32425
3673
20761
1947
15750
33223
12025
21453
3320
18717
12753
49602
9288
44655
11505
44237
41319
42776
25388
6633
24740
34311
12114
7758
24976
5919
14976
41695
13206
37333
9110
31641
37090
32129
6804
5398
36076
10098
24991
43776
6533
45516
13643
22974
37082
26470
30986
39973
2912
10874
49864
48498
43502
16306
31008
21023
6841
26472
47666
25913
43217
37216
38343
44789
49904
42963
27603
45610
42002
28141
31675
41841
2521
36053
19955
46119
48211
6059
374
21212
39486
42315
8468
12478
14516
44544
47952
14679
86
23016
3623
717
8386
29379
14735
48709
44874
36352
5580
35013
31758
1497
24799
31910
12869
18075
48504
28687
4297
8906
24795
47690
22639
25570
2997
9162
28397
9126
1968
26060
1646
49404
28168
31873
33121
48157
49591
17816
39081
11975
42815
4064
27285
46545
45249
47451
8922
13507
34705
34654
21429
19345
17903
19447
36143
30332
40811
10998
27766
20647
44059
42269
20364
2455
45304
12213
15301
37268
39290
32800
32412
43607
42747
34673
49840
46317
40022
23319
27908
16748
28676
16937
42376
23277
40234
16420
19553
29250
28264
23844
20718
30765
27011
31945
16745
5809
1858
17078
8672
15863
14032
7836
22963
7251
27239
45397
13827
28224
25330
47562
35229
36769
22102
49730
12665
24294
49256
20567
14021
47206
15640
22673
29455
24804
13738
458
23562
39579
41104
39540
35581
35481
15090
18335
41779
1929
2978
10680
41401
36568
34289
8589
29069
19475
41496
18360
3688
6373
4632
17372
48905
36699
24248
39610
22011
22171
14105
44354
40224
14205
7866
40615
25756
17703
39175
49735
3538
9653
46406
34122
21367
40656
3952
13469
25715
3715
13809
29187
42931
24964
42211
3601
21386
24041
25726
24780
21828
30707
9161
31079
34276
28105
7094
18425
31510
4151
392
12254
8143
2496
44183
15948
27498
43187
4145
7005
34596
42227
22909
6672
37118
36862
28692
35961
34159
532
32980
17323
18406
41233
47928
39892
16460
44449
21035
41482
984
23501
16201
6563
34796
16821
43054
10840
42678
3058
22488
46935
36253
1291
25927
8512
2924
7055
18408
8163
30814
49771
21507
48124
10258
16250
247
35443
49347
11353
12151
10327
40128
3553
34428
896
1829
21341
26495
18736
12769
7463
47549
29530
19405
23424
48472
20355
13389
20312
44365
29908
16213
32219
32166
44372
41883
9029
1486
1504
49511
43472
38121
15549
7268
36491
40177
7166
41925
29309
3322
31016
307
21186
617
17104
22542
15363
3315
35256
8682
23507
14308
20951
28125
28298
38715
10587
38596
25158
43314
54
29716
1950
11085
37944
28380
22691
34649
13475
15795
2069
13676
12345
21720
31832
700
4289
1457
41227
45783
42132
22483
26315
42123
5663
16980
1426
40843
29621
9766
6507
39292
3445
44607
10497
3051
1503
31607
49732
11218
7521
46619
11990
38310
40300
42329
2249
22917
5960
10945
13592
48464
39173
6016
42700
19970
23091
25008
7974
38478
33478
37684
19527
26537
24549
23380
17375
3248
7014
6559
5638
45482
16062
15699
7393
16520
46561
24146
28283
43653
12378
33943
27698
29619
47834
48908
42869
6895
26001
47525
46761
38012
5844
36319
28769
21048
42743
1513
20688
45174
374
7056
10064
47246
16041
30454
6895
37402
30413
23368
36023
45811
13273
42445
22545
15169
8128
8598
10126
9417
32341
49587
17823
1720
2919
24087
48683
35072
944
41820
34028
21621
37998
48737
13954
20003
18404
31769
3891
14613
38290
41353
31265
34746
49561
41744
7044
29650
41061
34872
1191
2445
2168
39845
15475
36527
29846
14495
17433
49778
8700
34679
17935
15156
8013
28995
36092
12190
18763
46180
6222
9397
4347
19600
48055
45606
2123
18055
3708
35080
20903
46071
31430
20481
6881
15135
9246
46986
20931
38957
3715
18888
20599
18839
45240
19637
41494
5592
23219
14714
41406
34470
35498
15895
29788
15343
31841
29264
45392
7409
25938
12936
45241
27321
30911
27731
25256
36474
30722
29478
43885
5957
45734
40817
11250
35308
24734
8312
29247
7577
44353
45636
47193
48694
38888
39397
22580
13503
14204
34444
48076
28533
45504
28796
27730
39795
22279
33454
8239
9945
5234
30046
24296
3857
27606
25870
32343
13522
21633
7392
42926
33143
49980
32557
9920
34464
42695
41292
39525
30336
44288
7845
44740
23930
40910
11283
39476
49028
28831
46239
15481
49340
30622
32685
12859
2088
23236
48166
15071
18618
13032
19681
41212
34673
18249
11591
18086
27675
592
26108
22841
12680
7514
46550
46365
44615
41999
21067
42330
39561
36815
6167
40705
2503
22882
42862
26927
25078
6248
10339
35091
29394
25500
32575
20594
48394
30349
10169
21795
1788
27303
49065
45339
24675
24761
6188
5175
25493
40746
11602
4480
12407
46776
25122
23424
38859
42479
12244
33319
9137
17007
13907
40933
23793
25782
7149
42284
40818
15560
13289
36187
14253
3659
23320
18190
13520
207
35181
38533
11295
25507
34575
7692
31978
12668
1148
19736
19468
23644
5932
10194
28703
40345
27248
33283
32980
9944
48182
12183
46179
17724
21325
48918
40549
7598
8740
16843
38137
24715
28445
16301
12912
364
33063
25147
31270
41325
40240
26033
42657
5778
6215
7693
39926
32383
35177
38454
28564
15123
585
25149
28685
44222
24038
7068
35198
8672
24751
41132
37494
5342
3424
13443
39528
12045
5283
14607
39009
24658
45415
16502
27954
28673
49155
49825
44177
13171
46029
4612
23327
21331
16974
23696
21524
41182
25469
36704
2911
44950
9828
31140
637
5277
40370
5970
9510
7086
24287
10394
6798
43682
26754
15480
28173
40713
19767
19323
41696
37960
20085
35714
18384
49661
2650
17836
33490
34117
22430
756
5622
42717
32431
43538
33437
8712
10448
38934
32317
22699
36242
41384
14907
6148
18665
5108
13912
13457
22679
13226
19294
11253
48442
8676
7355
44340
37525
28681
49168
33148
44912
40809
29999
9721
48181
21586
48247
36850
3153
3971
762
24860
4666
25643
16079
41734
25554
30110
15863
1920
16073
36260
16119
38075
49919
1237
32367
30708
28834
35955
7508
27174
19074
11380
8285
20672
22553
48858
32521
16604
6421
47363
13543
14692
34167
37453
4491
45
9662
36534
25423
21757
17968
34991
13711
19273
46332
2338
6762
28763
5897
3332
7222
17555
23534
32868
3201
26027
904
37385
43269
43204
32850
47909
11531
24385
48898
27616
9049
1591
4561
8180
7108
45919
14539
19373
40046
1525
38812
25621
11948
6024
6042
22878
39257
27262
5135
45948
2036
13984
44002
11588
3757
32036
45102
43630
5912
41561
44337
3508
30475
20286
24141
46836
20173
39546
44560
19346
22718
9204
44783
21923
3406
28059
37521
47444
43600
32418
16952
26776
1688
16161
14970
7045
28307
49854
6902
28160
4065
20893
7425
47429
26591
21601
35064
7481
40234
11199
9912
26849
17331
31350
28844
30270
35683
780
37365
4799
43212
33097
23815
48943
43967
6054
43721
18593
34639
43528
32262
11182
12717
44726
28312
31744
46435
22477
40812
44756
41970
25775
30364
42271
43337
14263
41387
43996
13202
11678
41707
42896
21984
14717
19764
4841
48328
22244
25919
31985
34822
23671
47679
49768
42559
36085
25875
45132
18585
10029
28366
49421
16088
9016
4327
41894
23349
24453
47400
43268
23202
19176
20708
33543
33011
44201
14525
36361
11834
10784
2700
23188
9901
27461
26355
43765
16066
4647
22928
3617
8084
27582
36900
47638
38973
39492
48112
5136
13301
19064
38784
49518
16086
25182
25652
34268
48732
49968
45420
21063
3607
1493
34153
38519
12279
7491
16247
33987
37034
29450
32383
26119
6319
43040
12382
47475
35902
7395
49509
46461
41109
7203
43085
9733
4570
14898
20616
48861
24368
48559
46789
655
13240
15444
42375
43476
45432
45992
10071
42279
29340
41615
42893
8462
15069
41257
32249
32243
36028
29548
14872
5208
12947
44767
25497
45477
39678
26779
3914
25320
15087
21946
37222
1671
29889
13806
34434
43239
12522
37543
13898
18900
49224
23492
10216
8356
26228
43358
46142
24788
1923
38306
1997
18236
2987
14120
13147
41224
9658
27677
13903
14319
2626
31789
45260
37816
10602
15415
41317
16769
8562
17557
13776
9056
49489
4073
6139
13373
40893
47533
37885
15439
48641
36524
49941
41270
13178
14010
21317
24774
15534
46070
16483
24908
22869
34545
16747
34481
45024
37349
31637
48902
16405
24793
45634
9463
30918
21295
49331
5087
6970
8457
49003
26961
25219
17627
2828
1500
31331
21818
11302
32775
8926
7857
34312
24673
38797
23912
4936
26022
5083
31891
39051
28430
2971
13514
15248
18796
4540
148
38084
34244
47132
31220
23171
33397
48320
4905
12984
10695
16369
27036
22768
35337
38554
43825
37906
27790
34515
7687
44043
31085
18316
19779
22866
13504
34939
1811
21821
27751
1921
20724
7564
24333
18158
26164
36793
3520
14934
49546
45562
15614
49755
2195
4269
15077
45652
49311
48127
11909
30843
32510
3205
42566
12738
16750
25959
41997
44835
41281
10052
12206
10342
28432
11068
4579
34732
8932
19639
10165
15450
11565
17274
39334
45503
33125
21723
32117
39050
23207
40551
7686
31658
27740
36556
31886
13694
37376
7338
27132
38159
24418
30889
44523
25328
14456
45439
28001
12172
6963
21747
21176
41634
20357
18512
40490
9632
