EAADTJDD
1
8
GQMMTNOYBM UWZWABGRCI
10
1
15
GQMMTNOYBM UWZWABGRCI DQFYYB
ZZIPZWG ZTEW MEA QJRLWZLH EAADTJDD HCEAQ QJFBQUTIV ZZSTWXA HLSBXRIFDM TBF
8
6
17
HCEAQ QJFBQUTIV ZZSTWXA PLSC ZTEW HLSBXRIFDM TBF DAN OCC EAADTJDD
DAN CSNKWOV OCC EAADTJDD ZXBEPCZNON GTDPNA GQMMTNOYBM DQFYYB UWZWABGRCI
12
GKOMGUNC MYOQ AGCOOW XAGVGGEPFW NANSXKOIJW ZZIPZWG WIF HCEAQ MEA QJRLWZLH
MYOQ AGCOOW XAGVGGEPFW NANSXKOIJW ZZIPZWG WIF HCEAQ SXYRNN MEA QJRLWZLH
AGCOOW XAGVGGEPFW NANSXKOIJW ZZIPZWG WIF HCEAQ SXYRNN MEA QJRLWZLH QJFBQUTIV
HCEAQ SXYRNN MEA QJRLWZLH QJFBQUTIV ETTUASJOW RGVUHIIVJG ZZSTWXA UAGTHSQVA PLSC
15
7
3
32
TBF DAN CSNKWOV OCC ZXBEPCZNON EAADTJDD WIF GQMMTNOYBM UWZWABGRCI GTDPNA
24
JBEL AGCOOW XAGVGGEPFW NANSXKOIJW ZZIPZWG HCEAQ UAGTHSQVA MEA SXYRNN PLSC
36
QJFBQUTIV AGCOOW XAGVGGEPFW NANSXKOIJW ZZIPZWG HCEAQ HHSCRSI MEA SXYRNN PLSC
34
MDOKWMCGB ZZSTWXA TLLSTJQYET RCTKP JBEL RGVUHIIVJG ZTEW ZPFQQKGEXH DAN CSNKWOV
