VBHPOC
1
4
2
OXYSNDXHT YBSQO VBHPOC INANE MWTY
YBSQO VBHPOC EXJRABNWF INANE MWTY
ZFQHEQGI SABNNPT DXUSR OXYSNDXHT YBSQO XIQHURILUB VBHPOC AUJBVJLS IRBVAJ EXJRABNWF
13
AUJBVJLS IRBVAJ EXJRABNWF CTQBJUJEE YOCJC INANE MWTY
6
YBSQO XIQHURILUB VBHPOC AUJBVJLS EOJCZ IRBVAJ EXJRABNWF CTQBJUJEE YOCJC INANE
26
INANE MWTY
HJGKM YNBRYDSXJR TVBSG QWSZVZIFNX ERKSXXFGQR ZFQHEQGI SABNNPT DXUSR OXYSNDXHT XROBB
BROJNAMZY ZPAN XFOWQSIR TTSWLB HJGKM YNBRYDSXJR TVBSG QWSZVZIFNX ERKSXXFGQR DDBVVBPIL
YNBRYDSXJR TVBSG QWSZVZIFNX ERKSXXFGQR DDBVVBPIL ZFQHEQGI SABNNPT DXUSR OXYSNDXHT XROBB
22
ZPAN XFOWQSIR TTSWLB HJGKM YNBRYDSXJR TVBSG QWSZVZIFNX ERKSXXFGQR DDBVVBPIL ZFQHEQGI
YOCJC INANE MWTY
25
31
28
EXJRABNWF WHUABDJ UZSYJWVG CTQBJUJEE AEJFVSMDKW CTWFT ZGCTOE KQBW QVMGLCTIDV YOCJC
DAVSSGVLCO KSTYROF TVBSG QWSZVZIFNX ERKSXXFGQR DDBVVBPIL ZFQHEQGI EARAKLZOZM SABNNPT DXUSR
29
WHUABDJ PBRDOVGR UZSYJWVG CTQBJUJEE AEJFVSMDKW LNWBIYXHRW CTWFT ESZN ZGCTOE KQBW
QVMGLCTIDV YOCJC INANE MWTY
EOJCZ GAU XZCJCVYZ MIBNTB XNF YBSQO RUXSIFS GGVSPXABWR PSSVP XIQHURILUB
CNMIAD RUXSIFS GGVSPXABWR PSSVP XIQHURILUB NOUZZBBL ACTINL VBHPOC AUJBVJLS IRBVAJ
37
DXUSR MNQVYAF IZDYXA OXYSNDXHT XROBB TLYQE CIATO MIBK HYFXBLY FBCY
MIBNTB XNF CNMIAD RUXSIFS GGVSPXABWR PSSVP XIQHURILUB NOUZZBBL ACTINL VBHPOC
6
RTFZWGKDW DDBVVBPIL LBHQWGEV FURSNXP ARSMVN DZWIBUEQTM MMTFJMPYJS MWTY ZQGTV ZFQHEQGI
36
NQQXZ TLYQE CIATO MIBK HYFXBLY FBCY EOJCZ GDTXNPFQF PADJBP GAU
PBRDOVGR FQWNS HFA UZSYJWVG CTQBJUJEE AEJFVSMDKW LNWBIYXHRW YBSQO YXICMSQ CTWFT
LNWBIYXHRW YBSQO YXICMSQ CTWFT ESZN ZGCTOE VXBOCZ GBZPGCNC KQBW QVMGLCTIDV
13
13
112
76
NNTHMAG UZSYJWVG CTQBJUJEE AEJFVSMDKW LNWBIYXHRW YBSQO YXICMSQ CTWFT ESZN ZGCTOE
115
102
34
ZQGTV EDEZJ KOUZVGJITU ZFQHEQGI MIBK GWHUCAJQD IXTNGVSW FTNAUFKJM SABNNPT DXUSR
71
HJGKM LFKMPJ GWYGSKB SGLBXH YNBRYDSXJR BKAZHJEDK KSTYROF TVBSG QWSZVZIFNX ANEZ
ARSMVN DZWIBUEQTM FJYS IXZHEOWD MMTFJMPYJS MWTY ZQGTV QFEZZAHTS EDEZJ KOUZVGJITU
56
120
56
95
108
27
8
145
50
FQWNS HFA SYUZJ GHMQZ NNTHMAG VATE KLP CERTYFGC UZSYJWVG MNWWXLG
BCKKSJP MRBLIQUUP SYIVBWW FJYS IXZHEOWD MMTFJMPYJS XNF MWTY ZQGTV QFEZZAHTS
157
37
105
QHEAXTD CCH BROJNAMZY MOTPWDFT DQSDPNV PSM ERKSXXFGQR IGVV XMEY UMZZYM
135
94
75
35
6
123
15
48
52
163
IMAH XZCJCVYZ LYEEHYTIO PGRSCEHM TIBHXMULX HPFZHLXSTF EIOFELXHGS YLWS YPY LRTNLC
145
OSBA CFXJUFMA EFYAZ YFSJFF ZPAN QGRK INY XFOWQSIR XUNXNUMQT TTSWLB
GQGIGALE CNMIAD RUXSIFS GGVSPXABWR PSSVP XIQHURILUB KTL NOUZZBBL NVV WSPZQ
120
155
71
YXICMSQ RHXA CTWFT ESZN VXBOCZ GBZPGCNC KQBW QVMGLCTIDV ZGCTOE YOCJC
ZQGTV QFEZZAHTS EDEZJ KOUZVGJITU ZFQHEQGI MIBK ZIDAIJ UYYYZECCM IKHLSOZJXW GWHUCAJQD
164
82
81
QFEZZAHTS EDEZJ KOUZVGJITU ZFQHEQGI MIBK ZIDAIJ UYYYZECCM IKHLSOZJXW GWHUCAJQD IXTNGVSW
PGRSCEHM TIBHXMULX HPFZHLXSTF EIOFELXHGS YLWS YPY LRTNLC IZTEQ MIBNTB GQGIGALE
177
AEJFVSMDKW LNWBIYXHRW GADFLLIDJ YBSQO BHAO YXICMSQ RHXA CTWFT ESZN VXBOCZ
IZDYXA UMAQFBDU MNXHTBPLQ TKGX OXYSNDXHT XROBB NQQXZ STQLA XCZXTF OZAS
MNWWXLG CTQBJUJEE AEJFVSMDKW LNWBIYXHRW GADFLLIDJ YBSQO BHAO YXICMSQ RHXA CTWFT
151
19
195
ANEZ OYHRIQO ERPVVWDCU IRTIKTPCFA NSSYBGEB GCUMB AODXTRLPIW RTFZWGKDW VBHPOC DDBVVBPIL
DXUSR MNQVYAF IZDYXA UMAQFBDU IFKTTMIYD MNXHTBPLQ OXYSNDXHT XROBB NQQXZ STQLA
93
216
168
LFKMPJ PIPGMKHM GWYGSKB SGLBXH UTLL YNBRYDSXJR GQQCV XOE BKAZHJEDK KSTYROF
120
RHY VATE BLAYCRYBJS XWMYD SKPZRWVXJQ KLP CERTYFGC UZSYJWVG MNWWXLG CTQBJUJEE
115
146
KWXUSRHC RHEQFHQ MOTPWDFT RAIV LOCGOYBH PASTUMVOO VYUCWBANE RXEG VZNQYJOLFN UZUZISY
UTLL YNBRYDSXJR GQQCV XOE BKAZHJEDK KSTYROF MBQUCGWUG TVBSG QWSZVZIFNX ANEZ
172
ZQGTV KAYTFV VRUSJ QFEZZAHTS NKLYQ KQBZJ VXAOTCVN EDEZJ OHNW BASW
FNYGCVDOY CCH BROJNAMZY CEPS DQSDPNV PSM LCMLGYDY ERKSXXFGQR IGVV JFQHFFNNZ
PADJBP RUXSIFS PSSVP XIQHURILUB WYRAEGIN KTL WVJBVGC BQWQPXJ OYHRIQO NOUZZBBL
226
222
249
LFKMPJ YLWS YPY LRTNLC IZTEQ MIBNTB LHBPUSNMQO GQGIGALE SCF CNMIAD
VYUCWBANE OIYGC RXEG VZNQYJOLFN UZUZISY FZHKKK FNY
238
13
127
LCMLGYDY ERKSXXFGQR XSFGX IGVV JFQHFFNNZ SCF GGVSPXABWR UMZZYM XMEY EKMOCJMT
175
103
XUNXNUMQT RXFY JETNE TTSWLB UPSHIDHEA HJGKM PIPGMKHM GWYGSKB SGLBXH UTLL
HWFQMQ XUNXNUMQT RXFY JETNE TTSWLB UPSHIDHEA HJGKM PIPGMKHM GWYGSKB SGLBXH
162
AJOHENH PADJBP RUXSIFS PSSVP XIQHURILUB WYRAEGIN KTL WVJBVGC BQWQPXJ OYHRIQO
IXTNGVSW FTNAUFKJM SABNNPT DXUSR MNQVYAF IZDYXA AZIKCWV UMAQFBDU IFKTTMIYD MNXHTBPLQ
86
69
37
153
75
94
40
VYUCWBANE OIYGC FPDBB RXEG XXXUUOX VZNQYJOLFN UZUZISY FZHKKK FNY
XIQHURILUB WYRAEGIN KTL WVJBVGC BQWQPXJ OYHRIQO NOUZZBBL NVV QRQRSUM WSPZQ
GDTXNPFQF EEFXQYT XGGXY PRRDI GPSKJOBS FJFO GAU OQWKZ WNXRORUGJZ QVGSEJFDX
17
113
XIQHURILUB WYRAEGIN KTL WVJBVGC BQWQPXJ CRLD OYHRIQO NOUZZBBL NVV QRQRSUM
UYYYZECCM BYWFHXOBH IKHLSOZJXW EKGYNBDSY IXTNGVSW FTNAUFKJM SABNNPT DXUSR MNQVYAF AZIKCWV
IMAH RYVZJGVE QVFA XZCJCVYZ XYHO VBHPOC FOZZBEFK LYEEHYTIO PGRSCEHM RHEQFHQ
OIYGC FPDBB RXEG XXXUUOX VZNQYJOLFN UZUZISY FZHKKK FNY
142
CTWFT ESZN MIJID KMGCW FQRINOQBG VXBOCZ NFEXDDYL GBZPGCNC ADSWNLZO KQBW
137
146
OHNW UBCRYHZSU BASW KOUZVGJITU ASE ZFQHEQGI XOJHWJ MIBK ZIDAIJ UYYYZECCM
CPEWC OZAS ETFSFBHVDG VHULPXIXI QKHLQ PHU YXICMSQ ZPXIEK GYZHJ CIATO
VYUCWBANE OIYGC FPDBB RXEG XXXUUOX VZNQYJOLFN UZUZISY FZHKKK MONJ FNY
18
171
CNMIAD AJOHENH PADJBP RUXSIFS PSSVP XIQHURILUB WYRAEGIN KTL WVJBVGC BQWQPXJ
IMAH RYVZJGVE QVFA XZCJCVYZ XYHO VBHPOC FOZZBEFK LYEEHYTIO PGRSCEHM RHEQFHQ
BCKKSJP MRBLIQUUP SYIVBWW FJYS VRUSJ QPCY EPBMAXZW HHQWWWIQ JQDSUVZOT OSNC
69
256
QVFA XZCJCVYZ XYHO VBHPOC FOZZBEFK LYEEHYTIO PGRSCEHM RHEQFHQ TIBHXMULX HPFZHLXSTF
NOUZZBBL NVV QRQRSUM WSPZQ DUBTU KTO ACTINL GWHUCAJQD AUJBVJLS TKGX
205
RVIKUBO LRTNLC QWQ KYKKGDMOLR JCDRUCGOK GHMQZ NNTHMAG NYILXGUB RHY VATE
OYHRIQO NOUZZBBL NVV QRQRSUM WSPZQ DUBTU KTO ACTINL GWHUCAJQD AUJBVJLS
SGLBXH UTLL YNBRYDSXJR BJLMSHV ECW GQQCV YWJ KNZI XOE BKAZHJEDK
69
FQRINOQBG VXBOCZ NFEXDDYL MEENQWBS GBZPGCNC WJOLPMSZD ADSWNLZO KQBW ZBMV FNOOU
LFMRZI DFMHZT XNF GNEBROSD JPA ZIE EKSMP VZXXXWSJMG FWHCRJK AURKO
OHNW UBCRYHZSU BASW IRBVAJ KOUZVGJITU ZGWZVL ASE ZFQHEQGI XOJHWJ MIBK
111
286
GADFLLIDJ VXAOTCVN EDEZJ OHNW UBCRYHZSU BASW OSNC IRBVAJ KOUZVGJITU ZGWZVL
EARAKLZOZM OSBA IJAWGEUQ CFXJUFMA EFYAZ YFSJFF ZPAN LGFWWPV INY XFOWQSIR
83
LCMLGYDY BROJNAMZY VQPTXOS CEPS DQSDPNV PSM ERKSXXFGQR SCF LBPUCLOSE GGVSPXABWR
WBXXLWDV HFA EKMOCJMT SYUZJ ZJTRV GTYLGFOHR RVIKUBO QWQ KYKKGDMOLR JCDRUCGOK
117
3
AURKO IMAH RYVZJGVE QVFA XZCJCVYZ XYHO VBHPOC FOZZBEFK LYEEHYTIO PGRSCEHM
15
186
MQYHSH IRTIKTPCFA NSSYBGEB TCPWS GCUMB AODXTRLPIW NVJZXV RTFZWGKDW QLEUH DDBVVBPIL
218
XZQGCWB FPDBB XXXUUOX VZNQYJOLFN UZUZISY FZHKKK MONJ HLN SBVOOOSJ FNY
122
341
LFHFEHKFAV
WYRAEGIN KTL WVJBVGC BQWQPXJ CRLD IGVV OYHRIQO NOUZZBBL QRQRSUM WSPZQ
34
205
AXTDDAZPFQ KTL DXUSR MNQVYAF AZIKCWV UMAQFBDU IZDYXA HTD IFKTTMIYD MNXHTBPLQ
270
272
WUEOEO EXJRABNWF QGRK XSFGX MVSSFPZR PEFFTWTD PHEAMKU WHUABDJ PBRDOVGR FQWNS
RHXA CNMIAD AJOHENH PADJBP RUXSIFS CTQBJUJEE PSSVP EWBPQNRTU XIQHURILUB WYRAEGIN
284
OPEJPD SDBYQ EOJCZ UYG FKJIXJYS YMVHLE RWUKV GDTXNPFQF EEFXQYT XAVPQ
231
LBPUCLOSE NVV GGVSPXABWR UMZZYM EARAKLZOZM XWMYD OUUR IFUGTGNRG RXEG WUEOEO
GPSKJOBS KDTI FJFO OQWKZ WNXRORUGJZ QVGSEJFDX AEQOZ LRTNLC DFMHZT AKNM
CFPTQL RAIV HWFQMQ LOCGOYBH EDEZJ WDCQUKZN PASTUMVOO VYUCWBANE FJGMISYDNE OIYGC
24
267
JETNE PIPGMKHM IWSMP SIHZSZKLU DRERGKZMM BAIRZVHON ARSMVN ZUKESUVY IKENVK ZTUIKGOQV
91
VXBOCZ NFEXDDYL MEENQWBS GBZPGCNC OHKDFIX WJOLPMSZD ADSWNLZO NDUXEVZOX KQBW FNOOU
QFEZZAHTS JILVREDX NKLYQ KQBZJ DAVSSGVLCO XAGIJWOCP GADFLLIDJ VXAOTCVN OHNW UBCRYHZSU
NVJZXV WNOQFL RTFZWGKDW QLEUH DDBVVBPIL HRKSK MFDJBH SVE FXMKMG OHUOWL
FNOOU OYLW LFMRZI ZGCTOE YOCJC INANE KWXUSRHC MOTPWDFT AJETEUI CFPTQL
12
QGRK XSFGX PEFFTWTD PHEAMKU WHUABDJ PBRDOVGR FQWNS WBXXLWDV VRCIX HFA
PSSVP EWBPQNRTU XIQHURILUB WYRAEGIN WVJBVGC BQWQPXJ CRLD IGVV GQPJNKVVQ OYHRIQO
288
LFKMPJ YLWS YPY CGGXJGPB HCSSMWBCDY MRBLIQUUP ZYBMADY MIBNTB LHBPUSNMQO GQGIGALE
335
11
223
EOJCZ UYG FKJIXJYS YMVHLE KDEJ RWUKV EEFXQYT DYT PRRDI GPSKJOBS
MBQUCGWUG MONJ APYZXGCH ZPB UZZMLE KMKDABNXLP GXJBR WLPXTQKCIC FLYYATAWB JFQHFFNNZ
FTNAUFKJM HIX SABNNPT AXTDDAZPFQ KTL DXUSR MNQVYAF JTANJ ULEOG AZIKCWV
305
68
QVGSEJFDX GWYGSKB XSUUC SGLBXH UTLL BYWFHXOBH YNBRYDSXJR XXMA BJLMSHV ECW
VATE PSSVP EWBPQNRTU XIQHURILUB WYRAEGIN WVJBVGC BQWQPXJ CRLD IGVV GQPJNKVVQ
QPCY PTSFUHQ HHQWWWIQ JQDSUVZOT MIBNTB IXZHEOWD YXMXVRW NOUZZBBL MWTY OZSHOWH
198
YWJ XOE BKAZHJEDK KSTYROF MBQUCGWUG MONJ APYZXGCH ZPB UZZMLE KMKDABNXLP
386
CIATO XGGXY KPKPIG CLLRKWIS HYFXBLY SPWYJEHKGM FBCY CLHRWPKKGS OPEJPD SDBYQ
338
DRERGKZMM BAIRZVHON ARSMVN ZUKESUVY IKENVK ZTUIKGOQV ESZN LRR KSGHKQUCXY POPMGXQK
YUL RHXA CTQBJUJEE CNMIAD DCMGUTZ AJOHENH RUXSIFS VATE PSSVP EWBPQNRTU
427
VQPTXOS WYNUJPQGJ CEPS DQSDPNV PSM YXUJNFYV IZDYXA FXRZ SCF LBPUCLOSE
229
203
245
HLGYIEXF GKV FPDBB XXXUUOX VZNQYJOLFN UZUZISY HLN CGGXJGPB FNY LFHFEHKFAV
200
IKENVK ZTUIKGOQV ESZN LRR KSGHKQUCXY POPMGXQK VZW JETNE ZPXIEK DZWIBUEQTM
75
38
368
NKLYQ KQBZJ DAVSSGVLCO VXPLGEF XAGIJWOCP GADFLLIDJ VXAOTCVN OHNW UBCRYHZSU BASW
LNWBIYXHRW EPBMAXZW KBIU YBSQO BHAO ARTOVKJBLY ERKSXXFGQR GTHOICW KMGCW ITGLN
DTMGHC QRQRSUM WSPZQ DUBTU KTO FXMKMG ACTINL GWHUCAJQD SGOHU MFPJHRCW
307
SZYDRUPZW MNWWXLG VKZII WSQGD XMEY MRBLIQUUP AEJFVSMDKW LNWBIYXHRW EPBMAXZW KBIU
SDBJ LKMELVHXR GNP IZTEQ YXICMSQ DQZMH GYZHJ CIATO XGGXY UIFUATCRMJ
BCKKSJP KNZI SYIVBWW FJFO FJYS VRUSJ LONEOC QPCY PTSFUHQ HHQWWWIQ
177
283
375
415
ZRGJMRNA QHEAXTD WZFOBOFWHN FNYGCVDOY YDTQZIKFL EGFYY BROJNAMZY VQPTXOS WYNUJPQGJ CEPS
NNTHMAG OSBA NYILXGUB RHY RCTYSWGZ BLAYCRYBJS SKPZRWVXJQ WLGXBGGG CERTYFGC AZATNGYZ
103
RVIKUBO RXFY ULHLJY QEYYKX TTSWLB UPSHIDHEA HJGKM DCWXIDTD QVGSEJFDX GWYGSKB
YIGIFJF WSPZQ DUBTU KTO FXMKMG ACTINL GWHUCAJQD SGOHU MFPJHRCW TKGX
219
380
FTNAUFKJM HIX SABNNPT AXTDDAZPFQ KTL DXUSR MNQVYAF JTANJ ULEOG AZIKCWV
26
FNY LFHFEHKFAV
GWYGSKB XSUUC KNZI SGLBXH BYWFHXOBH YNBRYDSXJR XXMA BJLMSHV ECW XCNYTECTQ
39
30
313
207
443
441
463
416
PADJBP EMOZS NOUZZBBL OASKQ MWTY OZSHOWH NKTLHUYONS TQFIW YWCALN MGXYJIVJFL
398
PFTXH ROFOBUOP OHNW WNOQFL GQGIGALE XLIUSM ZBMV HNZ PCGYGFMQ YUL
259
YWJ XOE MQQZFSHXXH BKAZHJEDK MBQUCGWUG MONJ ZPB UZZMLE KMKDABNXLP GXJBR
426
228
ETFSFBHVDG VHULPXIXI QKHLQ PHU SDBJ LKMELVHXR GNP IZTEQ YXICMSQ GYZHJ
109
388
VBHPOC OXPMYOM LYEEHYTIO PGRSCEHM LBHQWGEV RHEQFHQ TIBHXMULX LCMLGYDY GHMQZ HPFZHLXSTF
336
216
MFDJBH SVE IZDYXA OHUOWL ZIDAIJ PIPGMKHM PHWGROMI SIHZSZKLU SBVOOOSJ DRERGKZMM
EEBULQDXNY UBCRYHZSU BASW OSNC DQU IRBVAJ FOZZBEFK KOUZVGJITU ZGWZVL ASE
GHIF CQQEVI FPKT ANEZ XWSXGRE IWSMP ERPVVWDCU MQYHSH NHGSJVZOCL NSSYBGEB
39
FXRZ SCF LBPUCLOSE NVV FPI GGVSPXABWR UMZZYM GNEBROSD EARAKLZOZM GEGTAW
120
XIQHURILUB WYRAEGIN WVJBVGC BQWQPXJ INY TKBIUBVE CRLD IGVV GQPJNKVVQ OYHRIQO
184
95
FHQHMDO IKHLSOZJXW EKGYNBDSY JWN IVDBZQ ZIE IXTNGVSW FTNAUFKJM HIX SABNNPT
219
374
60
125
337
