1895
21888
8253
2260
6
6
6
0
0
0
0
21888
21888
0
4241
21888
503
2147
21888
0
0
6214
3474
0
1938
21888
21888
0
0
21888
0
0
0
5054
0
3787
0
6984
0
4908
0
0
4819
21888
0
1743
21888
21888
0
0
0
21888
21888
0
21888
21888
0
0
201
370
6181
2923
21888
5801
0
0
21888
2661
0
0
21888
0
0
5150
8252
0
3100
21888
21888
0
0
0
5722
0
0
144
0
0
0
0
6928
0
0
21888
0
2520
0
21888
1078
21888
0
0
21858
0
5950
1705
0
5689
3213
21858
0
2855
0
3055
21858
3095
0
0
6162
0
0
0
21858
0
21858
0
7886
0
5024
21858
0
6258
0
6572
21858
21858
0
0
5833
5074
0
21858
0
1902
3814
0
21858
3199
0
3251
0
3312
0
3774
21858
21858
21858
21858
7026
0
0
0
21858
21858
21858
1765
21858
0
5315
0
7992
0
0
803
21858
21857
991
0
6453
5222
0
1975
0
21830
1834
0
6553
0
4590
0
0
21830
21830
6371
0
0
0
21830
0
0
4694
0
1957
6117
0
0
0
21830
0
5077
21830
0
4064
0
21830
0
0
7867
4127
6213
798
5828
2549
0
4545
21830
5417
21830
21830
0
0
21830
7356
21830
4992
0
2385
0
5305
0
21830
0
0
0
0
0
0
171
0
0
0
8672
0
21830
0
0
7458
0
21830
0
504
0
0
0
0
6686
0
21830
1799
21830
0
0
0
0
6030
2158
1861
21830
0
0
0
3139
21830
6278
6738
0
21830
8499
0
0
6776
21830
3903
21830
0
2999
1221
0
0
5603
0
5794
0
0
21830
0
0
0
8103
0
0
3643
21830
21830
7629
21830
1431
4083
0
0
21830
0
5084
0
21830
2998
425
3330
0
0
0
0
21830
21830
7332
0
0
360
2652
21830
0
21830
0
559
0
3516
7286
0
0
0
1018
0
21830
0
7272
0
0
0
21830
2941
0
0
4349
0
6380
0
0
3852
0
5243
21830
0
0
0
0
21830
0
0
0
2742
21830
5435
21830
1037
0
21830
0
3044
4956
21830
0
5754
0
0
2838
0
0
0
0
0
0
4640
1279
655
0
0
0
67
0
21765
0
21765
21765
7225
0
6947
0
0
21765
6622
0
187
0
0
21765
0
0
21765
0
0
7294
0
0
21765
3856
3302
0
3171
0
0
0
21765
21765
21765
0
0
0
0
1131
0
0
1437
0
21765
3430
6144
1489
21765
5984
8139
21765
0
0
3714
0
7615
5936
56
0
0
4295
0
5901
0
4573
1045
0
3497
339
0
21765
0
0
21765
21765
6715
4173
21765
0
0
2986
7474
0
0
7967
0
0
2037
21765
2222
0
0
21765
0
4338
1494
0
0
21765
21765
21765
21765
21765
0
2019
5912
0
0
21765
21765
0
0
8564
0
7291
0
5880
2885
0
0
2333
0
21765
0
21765
6298
0
0
0
0
7623
8113
0
0
21765
681
1695
21765
21765
0
21765
0
0
0
5264
2
21765
0
21765
0
52
5470
0
0
0
454
4265
0
21765
1141
6170
0
773
0
21765
0
21765
2432
0
429
0
0
3584
2701
8413
0
0
4385
21765
0
0
21765
0
0
0
0
21765
0
0
1846
4918
0
0
21765
3076
0
258
0
0
21765
1184
0
21765
0
3023
3377
0
0
0
3938
0
0
0
0
21765
21765
1181
0
21765
0
0
21765
549
0
0
0
0
0
0
0
0
0
0
0
21765
0
4879
0
0
0
577
4248
0
8295
0
1231
16778
0
21765
1543
6100
0
0
0
0
0
21765
0
678
0
0
1988
0
21765
0
0
7776
21765
8452
21765
21765
4216
0
720
0
0
0
21765
6071
21765
21765
0
4369
21765
21765
0
0
0
21763
21763
1901
0
5285
0
21763
2369
0
5644
0
5624
0
21763
21763
1695
656
0
0
8578
0
21763
0
3683
6
0
21763
21763
0
5766
0
3833
0
21763
21763
6639
0
21763
8585
0
0
0
8511
21763
0
0
0
21763
21763
21763
8155
4046
21763
969
2786
4320
1176
6415
0
4
6414
21763
8616
0
88
6246
6550
7191
0
21763
21763
0
6810
2814
21763
0
0
0
8
0
21763
21763
0
0
7808
0
21763
0
0
21763
21763
0
21763
0
0
886
0
4077
21763
21763
0
0
4545
0
21763
1959
0
21763
0
0
6176
0
0
21763
3526
750
3605
0
0
1137
0
0
0
21763
21763
0
6058
0
21763
0
0
0
0
0
0
21763
0
8071
5557
1888
0
0
3293
0
0
21763
0
0
0
3340
21763
0
0
0
0
21763
21763
21763
4250
2553
0
0
0
0
6162
21763
21763
21763
0
4734
0
2791
0
1686
681
2587
0
0
6035
0
95
21763
2005
0
1975
21763
0
8516
21763
0
21763
2927
0
0
0
0
2933
2267
0
4406
2826
0
0
0
0
0
21763
6118
0
21763
21763
0
0
0
4862
3132
0
0
2336
5059
0
0
2
0
0
0
21763
3061
0
21763
21763
8137
0
0
21763
1524
21763
0
0
0
0
21763
21763
0
0
0
21763
0
0
3381
0
789
0
1845
21763
0
0
0
8611
0
0
6163
3793
0
199
5210
21763
0
21763
0
0
7022
0
21763
0
0
21763
21763
0
1391
0
21763
21763
5626
5005
0
0
21763
6498
2411
2406
0
1376
0
7009
0
0
2824
0
21763
21763
0
21763
6689
5202
21763
0
21763
1597
6041
0
21763
0
0
21763
0
0
6058
2363
8251
6603
5599
6084
0
0
0
3685
0
0
21763
0
0
21763
7540
1472
7348
3095
0
631
0
0
0
0
0
21763
21763
21763
1976
0
21763
0
2431
0
0
1700
0
0
4443
3442
21763
0
21763
0
0
8600
21763
2929
0
21763
7625
0
3067
21763
0
8
5997
0
1481
0
21763
4512
5106
0
21763
8665
3620
0
8509
0
3006
0
297
0
0
21763
0
1760
2921
21763
0
0
5440
0
0
0
4100
21763
21763
2910
5905
21763
0
3231
0
21763
1456
0
21763
2382
1873
21763
0
3062
21763
0
0
7533
0
3822
0
21763
75
3089
0
21763
3491
0
0
0
0
0
21763
0
0
3280
0
0
0
0
4447
21763
0
0
0
0
0
6247
0
4302
0
21763
2471
21763
6366
2357
0
2542
0
0
21763
0
21763
0
21763
7889
21763
0
0
0
910
0
1574
21763
0
0
0
21763
0
3887
0
21763
21763
21763
21763
0
1502
0
1731
0
0
5201
0
0
21763
0
0
3553
0
0
0
0
21763
5795
0
0
0
0
0
2610
7542
21763
21763
2266
0
0
0
6914
8505
21763
21763
4
21763
21763
0
21763
241
0
2584
0
5630
21763
0
21763
21763
0
0
0
0
0
0
21763
0
0
7699
3021
0
0
0
0
0
3597
2381
0
21763
0
0
3238
1611
0
21763
5728
0
2700
0
0
0
6948
0
21763
0
2305
21763
16413
0
21763
0
0
0
21763
223
3021
0
8265
0
3477
2333
4225
0
21763
0
0
2930
0
0
0
652
21763
0
0
2995
21763
0
21763
0
0
21763
0
0
222
0
4062
0
3190
0
0
21763
0
3450
0
6520
0
1008
0
0
0
21763
0
21763
3132
586
0
0
8607
1049
0
6517
0
21763
21763
21763
3163
20853
0
21763
0
0
0
0
5254
21763
0
0
5105
2606
0
0
0
21763
21763
0
1361
0
0
105
8429
6246
6518
0
0
0
21763
0
21763
0
0
2977
21763
21763
4
4994
21763
0
0
0
0
0
0
0
21763
5786
7697
0
0
2655
21763
0
5327
21763
21763
5293
21763
21763
21763
21763
21763
0
21763
8160
0
1565
0
21763
21763
5390
0
6
21763
0
0
4448
136
7689
21763
0
0
21763
6419
21763
21763
3880
5377
7302
5877
0
2407
0
0
4587
0
0
6918
0
21763
0
0
0
0
21763
21763
0
0
6214
0
21763
3260
21763
21763
1584
21763
21763
0
0
0
3676
0
2977
0
0
0
8557
0
21763
0
3661
0
21763
21763
5051
0
21763
5893
5156
1831
0
2078
5201
21763
5578
0
1661
5812
8053
0
3850
5537
0
4233
0
0
6161
1845
0
1343
5041
0
0
0
20299
0
0
0
7940
21763
2602
0
811
3527
21763
0
21763
21763
0
21763
21763
6456
21763
0
0
0
0
0
0
0
2438
0
2084
4306
0
21763
0
1063
0
21763
21763
0
7380
2778
0
2403
21763
0
4
0
0
0
0
0
972
367
0
0
21763
21763
0
0
0
0
415
0
0
21763
19215
0
21763
0
0
0
0
21763
0
0
0
0
21763
0
21763
0
21763
21763
2492
0
0
2134
0
0
8630
8294
1163
0
0
21763
21763
21763
0
0
0
0
1314
4090
21763
21763
6166
0
21763
21763
21763
0
0
7763
0
0
0
19314
21763
21763
5195
1638
21763
21763
21763
0
0
2483
0
0
21763
0
21763
0
0
0
0
21763
0
0
0
21763
0
52
4115
0
0
21763
8023
21763
0
21763
5279
2724
21763
21763
0
0
0
0
0
0
4259
6428
4272
0
177
21763
21763
0
0
0
21763
0
0
21763
21763
21763
0
2977
21763
21763
0
21763
0
21763
0
6439
0
3568
4430
0
21763
21763
21763
21763
0
1224
21763
21763
6225
21763
0
1237
0
21763
0
21763
4402
0
4726
21763
6556
3323
21763
7306
0
0
0
0
21763
21763
21763
21763
21763
4727
0
0
5762
0
0
0
0
6208
0
21763
2557
0
0
21763
0
21763
0
0
0
3525
21763
0
5138
21763
21763
21763
660
4481
8177
21763
21763
5061
0
7764
0
0
21763
0
0
62
0
21763
0
0
0
21763
2887
1025
6710
3376
21763
21763
21763
0
0
21763
0
21763
21763
21763
7150
0
21763
0
0
0
5742
0
0
5365
0
1523
0
0
5341
0
5779
21763
2535
6350
0
0
0
3677
0
1225
21763
1307
708
21763
21763
21763
4951
21763
21763
1702
0
597
21763
2907
72
0
0
21763
0
0
1395
0
21763
17828
3375
0
4341
0
6994
1839
7387
0
4960
21763
0
122
5216
0
0
0
225
283
6429
0
0
2084
0
21763
0
21763
3235
0
21763
0
1469
2236
0
902
0
21763
21763
21763
5137
0
21763
3784
4574
0
0
6090
21763
0
0
6
21760
21760
21760
21760
3781
0
21760
21760
3285
8477
0
0
0
21760
0
0
21760
21760
0
0
4187
0
0
21760
0
0
0
21760
8483
21760
2872
0
0
0
0
4286
0
0
21760
1140
406
7155
0
0
21760
0
0
2511
6897
4515
8383
0
21760
21760
3715
3914
0
2595
0
0
0
195
0
2536
0
21760
21760
0
0
0
0
0
1368
0
21760
21760
8185
0
0
0
330
0
0
21760
21760
0
2265
0
21760
0
7239
0
0
21760
4922
21760
0
0
0
21760
0
0
3794
21760
4258
21760
0
0
0
2233
0
0
21760
21760
0
21760
21760
21760
0
21760
0
4416
3958
21760
21760
5433
0
0
0
21760
21760
471
0
0
7988
2013
5533
5334
0
0
2086
21760
21760
0
0
0
0
21760
4330
1864
6099
0
1338
0
5579
164
0
0
104
5279
0
6546
21760
3816
21760
469
0
21760
21760
0
0
0
0
2120
0
21760
6
2880
21760
0
2362
7576
3356
6432
21760
21760
0
0
5464
0
0
21760
0
0
21760
21760
21760
3429
0
21760
5189
0
21760
21760
21760
0
21760
0
5922
0
21760
0
1143
21760
0
21760
21760
0
21760
0
0
0
5137
1317
4
21760
21760
6204
6363
0
21760
4554
0
3073
423
0
0
0
0
4705
21760
21760
576
0
6759
0
21760
2
0
0
2484
21760
4770
0
0
0
5244
21760
0
860
0
2431
0
0
21760
0
0
6646
4
8138
0
14863
21760
0
21760
65
0
8612
21760
0
7443
0
0
0
21760
0
0
21760
0
0
6416
7457
0
21760
21760
1812
0
21760
5947
21760
0
21760
5683
0
21760
21760
442
21760
0
8121
0
21760
0
21760
0
0
21760
21760
0
0
0
21760
17642
21760
8573
0
1417
0
3136
0
3169
0
6726
0
0
1007
0
0
0
21760
711
21760
21760
0
0
1149
0
21760
0
21760
0
0
0
3794
1714
0
0
0
21760
0
0
1785
816
21760
0
0
21760
3059
0
21760
21760
21760
21760
21760
21760
0
21760
0
0
21760
21760
21760
0
0
21760
1804
21760
0
0
2199
2999
21760
4604
0
21760
0
6070
0
0
8639
21760
21760
0
0
0
7075
0
0
21760
0
6707
0
0
0
4647
0
21760
4606
1715
21760
6837
0
21760
7907
21760
4770
8631
21760
0
1465
0
0
21760
21760
1829
0
351
21760
21760
21760
21760
0
0
0
559
375
21760
0
21760
0
3425
0
21760
154
21760
0
21760
21760
16838
21760
3558
21760
21760
21760
21760
2265
21760
0
3071
0
0
894
175
0
21760
0
21760
5317
21760
7454
0
2412
0
5873
724
1365
0
0
0
21760
0
0
21760
21760
4037
0
6701
21760
0
21760
21760
0
21760
3141
7111
0
5229
0
0
0
21760
21760
4221
0
0
21760
0
0
0
7298
4242
0
0
689
0
5539
5276
0
21760
6505
21760
6330
0
21760
0
3255
0
6168
0
7334
6735
0
254
21760
21760
0
6336
0
0
8432
21760
21760
3277
0
18360
0
4779
21760
8603
21760
1884
5672
6046
0
1524
0
21760
8329
0
6257
0
0
0
21760
21760
7536
0
21760
1360
0
0
21760
0
6094
21760
5443
0
6127
5045
0
0
100
0
1225
21760
21760
6834
21760
0
0
5728
1321
0
21760
21760
0
6778
8079
21760
21760
3138
21760
21760
0
7547
0
0
21760
21760
3271
21760
21760
21760
0
4812
0
0
5011
21760
21760
21760
3377
21760
0
8337
1473
0
21760
3250
0
21760
0
21760
0
21760
0
0
0
0
21760
6998
0
4850
0
1919
561
0
21760
0
0
0
21760
0
21760
21760
21760
21760
0
0
0
1438
21760
3699
21760
0
0
0
21760
0
21760
21760
21760
21760
0
7633
0
1630
0
0
4
21760
0
10
0
0
0
0
21760
0
0
459
4166
17841
21760
3712
6610
4423
8264
0
4564
0
0
0
2
0
21760
0
0
21760
8
0
0
0
21760
0
0
8524
0
4075
0
0
0
0
0
0
21760
21760
0
21760
7400
21760
21760
0
21760
21760
21760
16768
8535
0
2496
0
21760
202
0
4453
0
0
0
0
21760
21760
21760
21760
21760
3023
0
0
21760
0
0
21760
7185
21760
3880
0
0
21760
21760
0
21760
21760
1811
0
0
0
4110
21760
0
21760
18944
0
0
21760
21760
21760
0
2714
6788
21760
5141
0
2150
21760
0
0
21760
0
6264
0
21760
21760
3953
21760
0
21760
5908
0
21760
0
0
0
21760
2602
0
0
21760
0
21760
21760
0
21760
6517
21760
5167
320
21760
0
21760
8383
5053
7252
0
21760
21760
4697
0
0
0
1615
0
6701
21760
21760
0
0
0
0
21760
0
21760
2470
21760
21760
7215
21760
2736
4601
21760
7281
21760
21760
0
21760
21760
0
0
18676
21760
471
1563
0
5677
0
7161
5575
0
0
0
0
21760
427
8
0
21760
3950
0
0
21760
0
2487
21760
0
0
899
7881
0
21760
0
21760
21760
3919
0
4877
3914
21760
21760
0
21760
0
0
0
5584
0
21760
0
21760
0
1177
0
3370
21760
21760
0
0
0
0
0
21760
0
0
21760
4086
0
0
0
3277
1061
2
7354
4724
0
21760
8
7642
1398
21760
21760
0
21760
0
0
0
21760
0
21760
2324
0
19668
3077
0
21760
21760
21167
21760
0
2
8336
21760
21760
21760
0
0
5112
0
0
21760
0
5252
21760
3930
0
0
4028
21760
0
0
21760
0
0
8599
969
5881
544
0
21760
3300
0
519
2895
0
21760
21760
0
21760
0
21760
21760
0
7961
4013
21760
0
0
0
0
0
16125
0
21760
21760
0
0
5722
4395
2348
0
21760
0
1504
21760
6276
0
0
644
21760
0
21760
0
21760
21760
0
0
0
21760
6424
21760
0
3173
21760
0
21760
21760
3690
0
0
0
21760
1476
5386
0
21760
0
5475
0
0
5132
21760
21760
786
0
0
21760
0
0
0
0
0
21760
0
4995
0
0
21760
0
0
0
0
0
2294
21760
21760
7079
0
2145
4225
0
0
1178
7742
21760
0
21760
4712
21760
0
0
7635
21760
0
0
0
0
8322
21760
21760
0
0
0
3528
5933
21760
2149
0
0
0
21760
21760
21760
0
2980
7183
8085
21760
0
21760
0
21760
21760
0
6794
17962
0
0
21760
21760
0
21760
4293
7858
0
0
0
21760
21760
0
0
21760
1555
0
0
21760
21760
8264
0
5714
7021
21760
1024
21760
0
0
0
8183
21760
0
21760
21760
2725
0
21760
21760
0
1192
0
0
21760
0
21760
3507
0
21760
2625
21760
21760
21760
21760
0
0
3528
4452
21760
124
0
21760
21760
21760
2063
21760
0
6587
0
0
21760
21760
3203
0
0
0
0
4035
0
0
0
0
0
4602
0
0
6430
21760
0
21760
21760
5244
0
1499
0
21760
21760
21760
7646
1402
7458
0
21760
0
21760
0
0
21760
21760
0
1382
21760
0
0
4
6761
0
0
3419
0
4472
4415
21760
0
823
0
0
0
1004
0
0
21760
0
0
0
0
21760
5973
6190
0
0
3363
0
21760
0
21760
0
0
0
1761
21760
0
21760
0
0
21760
21760
0
0
7590
0
552
21760
21760
0
21760
21760
0
0
0
0
21760
2399
3883
0
0
21760
21760
0
0
0
21760
21760
0
0
4611
0
0
21760
0
21760
21760
987
0
21760
0
3325
0
21760
0
21760
21760
0
0
2074
0
2521
21760
2601
21760
21760
21760
0
0
21760
5892
0
21760
5115
5973
21760
6238
0
0
0
0
21760
21760
0
0
6793
4096
0
0
21760
21760
21760
0
21760
0
21760
0
3716
21760
0
8420
0
0
0
0
0
0
0
0
0
21760
21760
0
21760
21760
21760
21760
21760
21760
21760
0
21760
2606
21760
21760
3473
8648
6193
0
0
124
21760
0
0
21760
21760
8
0
21760
5360
0
7916
21760
0
0
0
21760
0
0
21760
21760
0
21760
21760
21760
0
2726
0
21760
3705
21760
2907
0
4862
1341
21760
21760
3389
5580
21760
0
3164
8614
8
21760
0
1723
0
0
7430
0
0
0
7157
0
3133
8282
1781
0
21760
7816
2109
0
3164
0
3728
0
21760
0
0
0
6
0
21760
21760
21760
0
21760
21760
4711
3985
0
2301
0
21760
0
7585
0
0
2509
0
21760
5435
0
0
0
3689
0
0
21760
0
7302
21760
0
21760
0
0
0
0
0
5393
3313
21760
0
2223
21760
3962
21760
6995
0
0
21760
850
0
21760
21760
416
0
0
0
0
0
21760
0
0
0
2221
0
5847
0
21760
0
0
0
21760
21760
0
0
369
0
0
5764
0
0
5544
0
0
0
21760
21760
0
21760
21760
21760
21760
21760
0
21760
21760
21760
10
0
0
1369
0
3539
0
21760
21760
21760
6167
0
0
4218
21760
21760
21760
0
2373
0
21760
0
0
21760
33
0
4325
0
4766
8288
4
0
21760
21760
3179
0
21760
0
4774
0
0
0
0
0
21760
0
2000
0
0
0
21760
3668
0
2637
21760
4563
0
0
21760
21760
7905
21760
3535
21760
381
6958
0
0
0
1060
4244
0
0
21760
1898
6597
0
0
21760
0
21760
0
7279
21760
21760
0
5410
21760
0
21760
21760
21760
8138
0
0
5203
21760
21760
3697
0
5059
21760
0
21760
0
21760
21760
0
21760
0
21760
0
0
0
21760
0
0
0
0
0
21760
4557
0
0
0
4824
21760
21760
0
21760
0
7195
0
5158
21760
0
21760
0
2993
0
0
21760
6382
0
5303
16672
21760
21760
21760
0
0
21760
4412
0
0
21760
1423
21760
343
21760
0
0
21760
0
0
21760
0
3755
7073
0
2084
21760
0
21760
21760
0
0
0
21760
0
0
0
21760
21760
1254
0
0
0
21760
0
0
21760
3825
8380
21760
21760
4683
7541
0
0
3899
0
0
0
21760
0
0
21760
15638
2744
0
0
21760
5542
21760
955
0
21760
0
3143
2461
21760
16722
0
21760
1647
0
6876
21760
0
0
0
0
21760
21760
0
21760
0
0
0
21760
21760
0
21760
3821
0
0
0
21760
0
4704
0
0
21760
0
21760
0
600
0
2090
21760
21760
21760
21760
0
956
21760
21760
2344
21760
21760
0
21760
21760
1689
0
0
21760
7268
21760
0
21760
21760
21760
21760
21760
21760
0
21760
21760
0
0
21760
0
0
2491
0
0
0
4886
0
0
0
21760
0
21760
0
0
0
0
21760
0
2410
0
21760
21760
3628
21760
0
21760
0
0
21760
0
0
0
0
0
3534
21760
2259
21760
3201
3055
0
0
0
0
0
0
578
21760
6112
0
21760
8360
0
0
0
21760
21760
3109
0
8541
579
0
0
0
0
21760
5799
0
5357
2740
175
114
3276
2337
21760
5810
1343
0
5094
0
0
5821
21760
0
0
1018
21760
0
0
0
2449
8404
21760
21760
21760
0
3891
4602
1027
21760
0
0
0
2079
8672
21760
7342
0
21760
21760
21760
6127
0
722
6720
0
0
1045
0
0
3056
2940
21760
0
6549
21760
0
21760
21760
5410
764
0
3255
4481
0
6370
21760
21760
1676
0
6498
0
3319
0
8606
0
2161
3370
5750
7505
21760
4272
0
21760
0
0
0
21760
3926
4
8482
21760
21760
4561
0
0
0
0
0
21760
21760
0
0
21760
0
21760
21760
21760
4629
7139
21760
6072
0
21760
0
4
