6214
1043
0
6214
0
3264
1196
0
0
0
0
0
440
3264
0
0
3232
992
0
3232
0
3232
86
242
610
3232
3232
0
3232
0
0
58
1191
0
0
3118
141
0
3118
1235
0
63
0
0
666
0
0
0
3118
0
3118
3118
0
0
360
0
0
0
877
0
104
0
329
0
572
17
0
452
0
79
0
0
0
0
346
665
0
28
0
3114
305
1191
791
0
0
0
1219
0
0
54
303
3114
0
0
604
3114
3114
1087
542
1096
1100
0
0
3114
549
0
0
3114
3114
293
3114
500
859
0
0
0
681
3114
0
0
1041
0
0
0
0
0
1227
666
0
361
2849
3114
3114
0
0
0
0
0
0
574
3114
0
0
0
31
0
0
0
1205
3114
0
0
0
0
0
0
3114
3114
0
1124
0
3114
1210
0
0
1090
0
928
867
224
0
0
3114
3114
105
3114
0
597
37
0
3114
3114
0
1104
1042
1161
615
0
205
0
0
643
647
3114
304
0
457
512
0
0
0
415
0
1215
3114
850
0
673
3114
0
0
0
0
3114
0
0
0
0
308
0
0
0
0
200
0
0
0
3114
243
940
8
0
0
0
3114
0
3114
0
3114
67
0
0
0
131
0
0
3109
3109
0
0
0
0
0
3109
3109
3109
3109
3109
0
0
370
3109
3109
827
3109
0
120
597
3109
1154
0
90
0
1194
3109
146
565
0
857
0
228
0
0
0
1146
0
541
0
1084
0
3109
566
319
0
3109
556
527
838
0
178
3109
0
3109
3109
0
0
3109
10
1100
3109
0
667
0
0
303
3109
341
0
3109
0
0
0
86
0
0
0
3109
0
749
0
0
0
873
1029
3109
3109
915
0
0
0
0
771
0
3109
3109
0
453
0
0
671
0
3109
0
3109
0
3109
0
3109
0
0
544
0
0
3109
0
853
0
0
0
0
0
400
0
0
0
0
0
0
0
3109
3109
1039
0
0
957
223
0
0
0
0
0
0
3108
0
0
3108
0
0
0
0
3108
0
897
0
633
3108
198
115
652
3108
524
0
0
30
3108
0
0
0
0
20
0
1037
85
3108
3108
0
3108
300
3108
0
3108
0
84
3108
3108
0
3108
3108
531
0
1077
0
810
0
0
3108
0
0
0
1242
21
3108
0
0
334
3108
3108
0
0
652
694
0
0
0
3108
1057
0
1071
0
3108
518
0
739
3108
975
495
922
0
3108
0
0
712
3108
0
1222
0
0
0
0
0
0
0
3108
0
3108
561
0
0
3108
0
3108
0
0
3108
143
0
3108
0
0
299
0
3108
6
3108
336
3108
0
3108
3108
427
0
0
0
3108
0
3108
719
0
0
3108
424
0
0
3108
3108
3108
0
638
0
0
0
0
471
0
0
3108
3108
1168
667
0
0
3108
3108
3108
3108
584
0
1150
0
0
0
849
0
954
3108
3108
3108
298
0
3108
3108
3108
0
518
3108
0
0
3108
0
0
3108
909
3108
1064
432
3108
3108
0
0
0
550
1064
3108
618
0
1022
0
929
0
0
0
1153
0
1077
0
839
3108
0
850
0
0
1009
3108
3108
1163
0
0
1174
0
3108
548
0
0
0
0
924
3108
173
0
3108
0
278
104
712
0
3108
3108
0
1142
0
0
3108
0
0
465
0
205
3108
3108
3108
687
0
3108
958
0
0
0
31
0
3108
0
3108
3108
3108
878
3108
3108
21
3108
937
0
3108
0
409
0
3108
1167
459
0
3108
210
0
0
0
3108
0
0
3108
0
824
6
1172
3108
0
227
0
405
151
1020
3108
3108
3108
517
0
3108
186
0
922
0
768
0
0
0
752
0
0
0
853
644
0
743
3108
3108
0
0
3108
485
3108
188
3108
3108
0
0
3108
3108
99
0
0
0
0
0
3108
3108
3108
3108
3108
3108
923
0
220
1012
0
853
771
3108
454
0
88
0
0
0
88
0
0
193
761
3108
0
215
119
0
0
0
0
0
0
590
3108
0
0
0
1073
3108
0
662
0
3108
1072
0
3108
3108
0
3108
3108
1126
0
3108
357
361
0
278
0
0
1004
0
1055
176
0
0
44
0
0
1003
3108
437
0
0
3108
3108
0
3108
3108
169
0
3108
0
563
3108
0
0
0
626
0
0
0
3108
0
844
193
342
647
123
0
0
234
0
3108
0
3108
0
0
0
3108
399
460
0
3108
835
389
0
3108
3108
0
3108
0
3108
928
790
0
3108
0
0
95
304
0
947
3108
878
3108
0
3108
0
207
0
3108
3108
0
496
3108
271
0
0
3108
0
0
1041
3108
72
0
3108
995
0
0
3108
0
3108
0
0
0
0
0
0
0
817
0
0
3108
647
3108
0
460
0
815
3108
0
3108
3108
0
13
0
1101
3108
0
0
290
0
1221
0
0
0
515
651
0
0
637
238
342
442
3108
0
948
3108
549
3108
3108
0
3108
65
0
0
656
0
77
232
1168
0
0
787
0
0
0
3108
1074
3108
3108
0
1195
0
566
525
3108
258
507
831
0
625
0
0
0
0
3108
30
0
0
1138
666
109
0
0
610
786
0
3108
0
835
166
229
3108
387
0
979
0
1023
0
849
0
3108
0
0
3108
0
0
3108
0
0
3108
0
553
0
0
0
179
0
3108
3108
3108
527
1195
1063
3108
1091
128
204
0
0
0
0
43
0
0
454
0
0
3108
3108
3108
0
0
0
0
0
3108
923
0
3108
537
0
3108
0
325
1049
3108
0
1164
0
413
0
1014
2
670
759
3108
0
0
0
3108
3108
3108
0
0
409
0
0
0
173
0
0
1100
655
0
1093
0
807
3108
0
820
0
184
0
787
3108
3108
1127
0
0
0
0
3108
1228
0
591
0
0
330
0
474
206
3108
3108
0
0
0
415
0
0
0
3108
3108
0
3108
3108
278
72
0
3108
297
0
341
0
3108
0
372
3108
3108
0
1230
798
3108
844
0
327
0
1063
0
0
3108
3108
0
0
3108
3108
3108
3108
0
0
4
0
673
0
608
0
0
1077
1172
0
635
101
85
3108
926
925
0
8
0
1064
0
191
848
3108
0
98
0
3108
248
0
3108
0
3108
3108
706
3108
0
620
0
0
1083
684
3108
1162
3108
514
1071
0
3108
3108
0
662
0
3108
195
3108
490
805
118
3108
0
0
0
611
0
3108
147
0
3108
141
0
867
0
3108
0
0
3108
0
0
213
0
3108
182
0
325
0
3108
0
0
0
3108
0
0
3108
0
3108
993
0
0
3108
0
0
0
1220
0
0
3108
0
0
0
798
1210
0
0
3108
3108
3108
3108
739
435
3108
1173
781
583
0
0
0
0
0
1203
3108
0
3108
584
0
3108
220
0
3108
3108
0
0
3108
562
140
3108
3108
3108
0
0
0
816
3108
0
623
0
0
98
0
622
0
3108
0
0
1168
443
456
0
625
0
168
3108
3108
0
868
859
0
0
0
0
3108
3108
0
75
0
1077
0
0
12
3108
0
0
0
3108
0
3108
3108
0
0
4
0
1091
911
1015
0
0
0
930
3108
761
0
996
3108
344
0
0
1147
0
0
3108
3108
3108
502
869
29
245
0
0
443
0
0
6
0
0
98
3108
0
0
1221
0
0
3108
3108
0
701
3108
682
3108
0
3108
0
0
1051
0
3108
3108
0
3108
3108
0
526
0
0
0
0
0
0
485
3108
0
0
0
190
172
3108
221
402
164
0
821
1243
0
0
3108
0
0
3108
3108
0
350
3108
826
827
0
0
0
0
3108
191
0
0
0
503
1218
3108
3108
462
3108
0
1039
1113
0
0
0
0
0
0
604
3108
0
3108
1019
1236
0
0
0
3108
3108
274
0
3108
3108
255
0
526
0
619
1200
0
0
35
0
0
130
25
0
1002
0
0
583
3108
867
0
453
0
679
0
1053
0
3108
41
0
0
0
3108
0
0
0
0
0
0
3108
3108
0
3108
3108
0
0
0
570
913
3108
3108
130
159
0
3108
0
660
3108
155
332
0
0
3108
497
3108
824
0
3108
0
0
3108
3108
0
0
0
0
0
3108
3108
1100
0
0
0
0
3108
3108
0
0
0
0
3108
760
47
1075
967
1007
3108
0
19
0
608
0
0
0
0
738
0
0
0
128
777
934
0
0
263
0
3108
0
0
1113
678
509
0
155
204
0
95
0
0
0
536
182
0
0
0
0
0
0
0
0
0
3108
0
0
3108
0
833
0
852
0
620
1080
0
337
3108
0
0
0
0
334
3108
331
0
0
0
22
396
3108
3108
0
0
505
0
0
3108
737
0
3108
707
0
0
0
0
10
126
0
0
763
138
0
3108
3108
136
3108
0
3108
70
3108
825
0
3108
876
106
638
0
0
0
3108
876
110
351
3108
3108
0
0
0
0
0
3108
3108
1065
888
0
0
648
0
358
0
1053
0
3108
3108
126
0
616
0
0
0
3108
210
173
3108
3108
0
180
0
0
3108
77
972
0
3108
3108
0
662
1113
0
0
447
437
0
0
3108
0
721
123
3108
968
660
0
3108
0
3108
3108
0
0
1201
0
3108
0
3108
0
0
0
3108
0
962
0
249
905
632
3108
355
3108
3108
0
0
0
3108
98
0
3108
0
0
0
3108
0
0
3108
0
0
3108
1137
3108
3108
204
505
3108
1147
0
0
0
0
0
3108
0
310
0
0
0
838
3108
0
0
3108
0
0
1201
3108
96
3108
0
0
3108
537
0
0
302
816
0
776
3108
0
411
3108
0
1109
0
986
0
236
0
0
0
3108
0
3108
3108
0
0
0
485
0
0
0
824
0
0
3108
897
376
3108
3108
0
0
0
3108
0
0
0
3108
3108
0
0
0
0
0
0
700
391
0
0
0
3108
642
3108
3108
0
3108
453
0
0
19
0
0
1183
0
33
461
3108
0
575
0
0
0
0
0
3108
162
0
38
3108
0
13
3108
0
0
897
0
0
630
0
0
0
152
3108
1241
3108
0
786
137
0
3108
710
0
0
224
3108
676
0
0
193
0
336
0
3108
3108
0
0
3108
3108
211
1014
0
166
136
3108
3108
3108
441
3108
0
0
0
0
0
1146
836
574
304
0
3108
3108
0
110
772
3108
0
0
426
3108
3108
3108
0
0
609
3108
3108
0
3108
0
0
0
3108
0
222
0
0
3108
775
28
0
245
0
0
0
735
3108
0
3108
2736
290
439
3108
575
761
3108
1195
1109
0
3108
57
0
3108
1173
0
1155
0
0
3108
0
0
0
0
0
0
378
3108
0
0
619
0
383
3108
0
749
1050
3108
0
0
792
3108
197
1199
0
3108
3108
0
0
836
0
3108
662
430
0
0
823
3108
930
0
3108
793
0
2595
0
0
0
3108
281
3108
0
0
3108
0
3108
0
0
3108
174
3108
0
0
0
1102
0
0
1155
384
0
0
3108
0
593
0
0
0
941
3108
1152
3108
1109
3108
0
0
3108
3108
884
3108
0
743
0
598
0
0
0
0
273
0
0
502
0
609
3108
0
0
3108
3108
3108
0
0
372
0
345
0
0
0
0
800
599
3108
3108
199
970
0
3108
3108
1130
3108
0
1038
0
0
0
3108
0
3108
350
0
0
562
0
378
3108
0
1157
3108
0
841
3108
675
3108
661
0
0
3108
3108
0
3108
759
508
362
0
0
0
0
3108
0
3108
0
3108
3108
3108
0
0
809
0
3108
454
0
0
314
0
0
0
0
1177
1099
0
0
0
811
0
3108
0
0
1034
275
3108
0
3108
0
835
0
0
0
1135
0
0
748
3108
3108
3108
526
1060
531
3108
0
0
0
631
3108
3108
3108
0
279
3108
0
863
1005
0
598
1231
831
3108
3108
0
851
0
822
3108
0
0
0
340
3108
0
1187
67
3108
0
1076
0
717
0
3108
3108
0
744
0
0
3108
194
3108
0
3108
0
950
514
0
0
3108
567
1160
0
0
3108
3108
0
3108
3108
426
0
0
3108
3108
779
351
3108
3108
3108
0
0
274
0
0
498
3108
408
564
0
3108
0
3108
3108
0
225
0
0
980
818
3108
0
0
758
0
0
3108
3108
0
1004
0
3108
0
4
3108
202
520
3108
794
738
3108
3108
0
0
139
0
3108
3108
3108
0
0
0
296
0
0
0
0
46
0
602
251
3108
3108
3108
0
0
718
952
602
3108
0
3108
642
790
878
1240
2
1005
0
0
0
802
0
3108
540
0
602
3108
909
0
1021
902
3108
415
211
602
0
0
0
1076
3108
3108
3108
0
3108
3108
0
291
0
0
542
3108
3108
0
0
0
3108
0
3108
3108
3108
3108
0
390
0
0
187
0
451
3108
0
0
0
0
0
0
330
0
3108
1063
0
1171
3108
620
473
0
3108
0
0
3108
3108
0
0
563
0
0
0
0
0
3108
3108
0
0
3108
3108
777
0
481
0
439
0
0
0
0
3108
0
138
3108
0
234
0
3108
0
0
0
3108
3108
3108
1190
3108
483
0
0
0
75
0
3108
3108
3108
0
3108
3108
718
460
516
0
3108
0
0
572
0
3108
1097
0
3108
0
3108
0
796
1202
3108
0
191
3108
0
197
1174
3108
0
0
0
3108
3108
0
3108
426
3108
3108
736
0
433
3108
29
3108
3108
0
0
0
0
3108
3108
0
0
860
3108
217
0
249
1075
905
583
0
842
827
0
3108
0
145
3108
0
977
3108
0
3108
3108
3108
0
0
573
0
0
3108
3108
3108
0
0
3108
0
0
0
0
662
1228
3108
3108
0
0
3108
3108
3108
1127
1113
0
0
0
0
0
3108
499
0
3108
3108
688
1173
0
1077
0
3108
3076
0
3108
0
0
884
3108
428
0
0
1109
0
1130
0
0
3108
0
404
0
119
0
0
820
0
0
1154
432
0
822
436
3108
622
0
727
0
3108
0
0
0
0
0
0
0
30
1121
0
0
3108
0
0
3108
919
750
3108
0
0
3108
801
0
0
407
3108
3108
566
564
474
0
3
0
0
546
0
1206
0
109
0
0
0
1101
0
614
0
3108
536
0
695
3108
46
3108
690
0
868
3108
3108
306
933
0
626
3108
0
0
3108
3108
0
0
0
3108
0
807
0
0
3108
3108
0
3108
0
0
0
3108
551
0
3108
0
0
3108
28
0
0
0
0
0
0
0
0
0
0
79
3108
0
3108
968
0
564
0
0
3108
0
0
3108
0
1033
0
405
65
0
0
0
0
3108
3108
3108
238
556
0
4
0
0
0
0
0
679
0
56
0
961
0
963
0
0
0
3108
0
3108
0
0
0
527
58
0
3108
782
0
3108
0
0
647
0
0
0
0
675
0
3108
1101
200
3108
0
0
0
0
0
1191
3108
0
3108
3108
0
0
0
0
0
284
0
3108
0
523
210
253
246
0
923
0
3108
585
0
129
0
951
0
0
252
0
1097
0
685
489
0
0
3108
3108
0
0
3108
0
3108
3108
414
0
820
0
0
361
964
527
342
0
3108
0
0
3108
0
3108
0
0
773
0
0
3108
0
0
42
0
3108
0
0
3108
0
0
342
0
3108
3108
977
3108
991
459
0
0
0
396
0
0
0
0
0
377
3108
0
1135
0
0
0
0
0
0
0
0
0
3108
0
525
0
0
0
0
192
872
0
257
0
0
0
3108
3108
0
0
984
3108
0
3108
0
3108
3108
631
396
0
0
0
1151
838
3108
3108
471
3108
1183
1191
797
308
432
0
0
0
280
0
1088
0
3108
0
0
0
0
0
3108
0
0
0
129
3108
239
0
0
0
3108
0
0
0
795
0
3108
0
0
0
3108
0
0
42
344
1077
768
430
0
1237
0
0
0
0
0
0
621
339
0
263
3108
3108
0
3108
154
0
0
1008
773
3108
3108
0
0
1102
0
3108
1047
3108
0
0
0
0
172
693
0
3108
3108
3108
0
656
0
0
0
0
621
0
212
173
0
0
0
0
3108
3108
0
416
0
3108
3108
56
3108
3108
25
0
0
847
1172
0
63
0
246
0
0
3108
0
0
3108
0
0
1158
1001
181
0
301
0
0
551
0
1012
3108
3108
3108
0
3108
69
3108
3108
3108
0
0
3108
249
6
0
721
0
3108
0
0
3108
997
1061
0
1101
0
3108
565
3108
3108
3108
3108
1093
0
0
0
1062
771
3108
1192
3108
565
0
0
856
3108
468
3108
0
0
0
0
0
0
0
1041
0
0
1088
0
719
0
717
828
564
0
3108
694
0
3108
0
0
0
0
0
0
3108
578
3108
3108
3108
263
0
3108
449
909
976
0
1157
914
914
971
797
3108
0
0
0
263
0
62
404
0
3108
0
736
0
3108
3108
0
0
54
759
0
893
1038
31
0
0
698
0
0
369
0
3108
870
0
3108
0
0
344
0
0
0
3108
583
3108
0
0
482
998
0
3108
0
3108
0
3108
0
0
0
1128
3108
612
0
698
392
0
0
0
0
0
0
0
63
469
0
0
3108
0
1058
0
3108
524
0
0
1240
0
3108
0
0
60
3108
804
3108
3108
1237
0
1164
1174
3108
0
3108
3108
3108
0
0
650
0
0
0
0
0
843
0
3108
848
0
3108
3108
3108
619
3108
0
0
0
3108
0
215
0
162
0
335
0
3108
0
0
0
0
0
775
270
0
0
185
0
0
0
0
0
995
0
296
3108
0
975
0
0
0
0
0
0
0
3108
0
1212
484
0
0
0
0
0
576
276
0
3108
3108
0
3108
0
1203
0
0
3108
3108
3108
0
53
3108
3108
1192
0
0
0
3108
220
3108
0
919
512
0
235
0
0
3108
0
243
1014
3108
0
1194
3108
0
0
1217
855
887
3108
3108
0
750
0
1192
0
0
99
0
0
1219
831
0
3108
3108
0
424
798
0
0
503
0
0
0
3108
0
406
0
0
0
3108
3108
378
0
0
0
3108
20
0
0
3108
984
41
0
484
0
0
225
0
984
0
0
0
421
3108
3108
3108
3108
0
1218
0
3108
0
3108
0
271
3108
0
636
3108
0
3108
3108
120
0
0
3108
393
0
788
0
1222
0
3108
3108
48
3108
1205
358
3108
3108
508
3108
3108
123
0
0
0
463
0
0
3108
187
0
3108
3108
0
0
140
0
0
3108
1204
0
3108
1068
0
959
3108
110
0
406
0
0
0
3108
8
774
3108
0
0
0
793
0
3108
599
54
0
0
3108
148
3108
0
3108
3108
3108
0
0
3108
0
396
0
3108
486
0
286
0
3108
0
0
0
3108
678
3108
0
3108
3108
687
0
145
898
0
926
0
531
0
3108
3108
0
424
3108
0
126
3108
1217
3108
0
0
666
0
3108
0
3108
1135
3108
682
442
0
0
42
0
0
922
185
0
0
164
0
3108
0
0
0
0
128
0
3108
0
0
0
0
898
0
0
297
0
0
812
0
0
0
0
3108
0
1183
0
0
0
0
2100
662
3108
0
0
3108
3108
3108
0
509
0
3108
883
0
0
0
3108
0
0
0
261
0
3108
828
0
0
3108
3108
428
0
3108
3108
3108
3108
0
727
0
1061
3108
925
558
0
0
0
1172
0
0
0
0
0
470
0
1111
0
0
185
0
0
0
0
741
0
3108
0
0
505
3108
8
0
0
3108
1191
3108
0
0
722
0
865
0
0
3108
0
0
0
3108
0
0
2850
0
232
81
0
0
1050
3108
0
0
0
0
3108
0
0
0
882
0
678
0
0
216
0
0
0
0
367
0
0
0
1051
3108
0
0
0
3108
3108
3108
0
3108
1230
3108
3108
3108
3108
673
3108
0
0
0
3108
0
3108
3108
0
0
0
945
0
3108
0
626
203
3108
0
0
3108
0
9
0
0
1082
0
0
702
3108
0
0
631
0
339
999
931
0
3108
3108
973
0
42
154
342
0
0
3108
344
562
1203
0
608
0
257
671
3108
3108
333
0
569
0
281
1193
3108
0
0
0
3108
3108
0
951
3108
0
3108
647
0
3108
0
0
862
0
3108
108
0
3108
3108
1089
0
0
3108
0
3108
51
0
3108
278
0
3108
0
3108
0
0
3108
0
1125
0
3108
1227
3108
3108
0
3108
274
0
3108
0
0
0
0
161
3108
147
0
3108
0
444
0
3108
1161
0
319
3108
502
891
0
0
355
0
106
841
0
0
3108
0
3108
0
0
3108
0
3108
680
535
0
0
0
0
1161
0
919
821
549
352
0
3108
3108
0
0
0
0
0
3108
0
0
1229
0
3108
3108
3108
0
3108
3108
252
0
583
0
0
0
0
0
939
0
0
0
3108
3108
0
0
0
3108
3108
0
0
0
3108
182
3108
288
0
0
373
793
0
0
3108
0
0
3108
1169
3108
87
907
0
0
825
145
64
3108
388
0
3108
1098
308
0
824
434
0
0
0
703
0
3108
710
0
627
426
3108
0
1118
0
972
3108
0
0
3108
181
0
3108
0
59
1208
8
3108
1026
152
107
3108
3108
117
323
0
3108
0
212
106
0
465
0
0
99
0
3108
0
0
984
0
3108
67
0
198
196
3108
992
0
1036
0
867
3108
3108
3108
368
0
0
3108
863
0
0
3108
0
0
0
0
0
542
442
0
3108
0
0
828
0
0
0
1063
0
921
0
413
68
0
3108
3108
3108
6
0
0
1015
317
929
3108
0
0
0
0
0
0
0
0
0
0
0
0
465
3108
3108
721
0
1121
0
0
1222
0
0
769
0
0
0
0
0
3108
309
0
399
223
3108
0
0
3108
428
0
0
0
0
756
0
3108
490
373
0
537
0
0
3108
513
1170
0
0
0
602
0
175
258
0
0
0
3108
1224
532
1232
0
0
385
3108
68
0
217
0
0
0
1
469
0
0
756
0
477
0
0
0
3108
3108
130
508
1155
0
42
1089
563
70
0
1122
3108
3108
0
0
0
0
276
1220
3108
0
3108
434
3108
804
0
0
416
0
0
3108
3108
0
582
103
794
0
3108
0
333
3108
84
0
3051
3108
0
0
3108
0
0
0
0
1233
0
1015
530
0
0
341
382
0
910
0
21
767
814
0
0
3108
278
1089
74
0
52
0
0
3108
0
927
3108
0
0
3108
0
0
0
0
3108
3108
3108
0
0
0
0
690
654
0
984
3108
410
605
0
364
0
0
707
0
3108
3108
490
3108
0
3108
0
505
0
3108
586
3108
3108
0
3108
0
0
73
0
912
0
0
3108
75
0
3108
838
0
0
3108
0
666
0
0
0
0
296
0
3108
3108
3108
0
0
566
103
3108
3108
433
3108
3108
3108
1128
3108
0
3108
281
3108
424
0
492
0
0
0
0
0
3108
0
0
249
0
3108
1128
0
189
443
0
503
0
496
359
0
0
575
0
0
0
0
0
862
0
590
0
0
0
0
589
3108
0
1009
0
51
3108
0
0
0
305
0
0
0
3108
212
0
229
15
0
0
0
0
3108
0
1057
0
330
0
0
531
0
0
3108
243
0
3108
3108
774
0
3108
0
0
1153
0
3108
0
0
0
687
3108
0
3108
0
3108
1120
0
3108
3108
1135
0
549
545
1217
0
3108
0
3108
0
355
540
0
3108
389
313
3108
0
518
3108
0
0
0
3108
0
0
6
0
0
0
0
997
0
0
0
3108
3108
3108
0
601
1183
0
3108
3108
0
562
164
105
817
0
862
0
0
3108
3108
261
0
218
3108
0
0
1211
0
255
0
0
3108
0
0
0
0
0
0
594
0
849
594
0
257
0
0
0
0
3108
0
0
0
980
0
0
3108
0
158
0
3108
641
331
572
0
627
0
0
0
773
0
3108
298
890
1211
0
3108
0
3108
359
0
623
0
319
0
3108
3108
0
0
0
0
0
0
3108
782
18
3108
3108
866
3108
3108
117
0
153
0
0
0
0
0
0
3108
217
0
0
3108
3108
3108
0
0
0
0
3108
0
66
0
0
1124
3108
1099
3108
1197
0
476
4
0
0
0
0
3108
3108
3108
3108
3108
583
228
3108
1133
127
1098
0
3108
0
0
0
0
3108
3108
0
56
0
780
437
0
30
0
3108
3108
3108
3108
3108
3108
0
1017
1215
972
0
0
0
0
179
3108
3108
3108
0
0
0
1024
0
0
0
918
0
3108
3108
3108
125
3108
1064
3108
0
3108
3108
623
345
878
0
709
0
3108
0
301
1205
0
940
3108
3108
0
0
0
791
3108
3108
0
0
3108
1199
0
203
0
0
861
1113
0
0
952
0
0
0
0
272
837
0
3108
1093
0
0
0
0
0
3108
794
0
918
0
421
0
3108
3108
3108
511
0
0
1135
61
368
0
3108
3108
0
0
3108
0
0
0
68
559
0
10
0
0
0
472
0
3108
0
0
837
0
0
913
0
0
3108
0
3108
0
0
3108
0
3108
1212
3108
0
428
0
411
0
3108
3108
3108
1228
3108
1169
438
1144
0
3108
0
967
0
889
0
0
0
376
213
0
3108
1016
57
3108
0
393
805
0
3108
3108
3108
3108
1067
0
362
0
529
0
0
0
947
0
427
1054
3108
3108
1001
0
487
0
3108
3108
0
144
0
0
452
3108
512
0
0
0
0
70
0
409
0
3108
0
0
3108
0
3108
0
3108
0
0
0
244
3108
0
0
0
214
0
564
0
3108
559
0
3108
3108
48
0
579
0
0
3108
0
0
0
0
0
50
3108
3108
271
0
0
3108
1092
3108
0
1083
0
0
0
3108
369
3108
33
3108
3108
0
3108
3108
0
125
0
0
0
108
172
0
0
0
3108
0
0
3108
0
0
0
0
0
8
0
0
0
0
3108
0
3108
1020
3108
822
658
0
3108
3108
0
3108
0
0
0
3108
0
0
1048
3108
977
3108
0
3108
171
0
3108
3108
773
0
56
0
916
0
0
0
1158
1048
0
3108
3108
0
3108
300
0
0
508
0
871
0
0
943
0
0
0
0
0
1025
228
1236
3108
0
701
3108
768
0
0
952
32
0
3108
0
681
0
73
0
0
132
3108
3108
462
0
0
1011
0
0
3108
0
0
0
747
528
0
0
3108
0
824
792
1090
0
30
956
0
0
0
3108
569
0
0
0
0
0
3108
0
3108
364
0
789
555
0
0
3108
0
1040
3108
382
0
0
354
232
968
0
435
435
3108
0
954
0
0
0
112
0
0
0
462
0
801
0
344
0
3108
0
3108
0
3108
703
0
0
0
0
3108
3108
0
504
0
715
786
0
816
3108
987
1182
1163
3108
0
0
592
0
385
0
936
0
0
0
3108
0
328
0
0
3108
3108
0
3108
0
3108
688
590
1229
0
0
0
0
990
3108
563
0
0
314
0
0
0
3108
654
338
1189
3108
0
547
781
0
0
0
3108
917
0
3108
3108
0
1205
3108
3108
0
3108
3108
3108
3108
0
3108
3108
3108
3108
312
755
3108
0
3108
1153
121
0
1135
0
3108
0
0
0
1153
0
0
0
0
3108
3108
0
235
648
0
41
0
0
0
828
0
0
0
0
3108
3108
0
0
0
0
0
3108
0
0
0
0
0
0
146
3108
3108
0
685
0
3108
920
0
0
3108
803
613
0
3108
0
0
3108
842
0
0
3108
1008
0
378
0
3108
0
3108
0
0
0
3108
3108
3108
0
161
0
846
3108
244
3108
0
0
0
0
923
0
0
3108
3108
0
377
61
1179
0
3108
0
0
806
0
982
3108
0
0
357
227
0
3108
3108
1039
0
750
3108
654
0
925
3108
3108
906
0
3108
0
725
3108
763
0
938
3108
3108
3108
0
637
0
0
0
0
1
1074
0
961
908
220
725
0
662
952
0
97
3108
483
707
705
523
979
3108
460
0
3108
0
574
128
782
666
3108
969
0
0
451
3108
0
447
3108
0
0
0
3108
3108
538
0
0
0
0
3108
39
0
339
256
3108
3108
0
120
703
0
3108
0
592
3108
3108
0
3108
3108
0
3108
3108
0
0
0
0
0
762
1101
1125
636
0
0
3108
0
74
0
417
0
0
3108
583
0
3108
0
3108
3108
0
0
3108
3108
142
0
3108
3108
0
0
0
0
3108
628
0
937
189
831
0
0
83
0
3108
0
0
168
957
877
426
0
492
3108
920
0
3108
1129
3108
0
1243
0
0
0
0
402
3108
3108
0
0
3108
0
1126
3108
1193
0
3108
995
0
870
0
160
634
3108
3108
3108
0
3108
0
0
0
559
0
0
1022
0
625
0
0
3108
0
0
0
0
3108
0
893
387
0
505
0
0
1102
1083
3108
1138
1150
176
0
3108
0
3108
0
0
0
0
1198
0
3108
0
0
481
0
336
0
0
3108
3108
3108
510
0
0
3108
641
3108
3108
0
824
0
3108
0
3108
0
3108
48
88
3108
0
600
3108
0
0
0
452
3108
3108
3108
0
3108
47
0
0
0
0
3108
0
290
0
0
786
3108
0
0
0
0
0
0
246
0
1158
3108
0
3108
0
3108
0
1132
3108
1179
0
0
0
0
863
0
0
0
3108
0
0
3108
0
314
329
0
926
3108
1174
0
3108
642
3108
0
3108
3108
0
1040
885
0
0
3108
0
0
317
0
3108
3108
517
0
0
1076
3108
370
0
133
3108
3108
0
0
980
0
3108
382
3108
3108
989
0
630
427
764
313
369
0
1183
0
179
571
0
229
0
3108
0
3108
0
0
0
1177
0
578
0
534
0
0
3108
3108
0
3108
582
3108
3108
0
3108
13
0
0
0
0
0
3108
992
3108
0
422
1052
0
0
0
0
859
1164
0
0
561
695
0
0
669
3108
0
0
3108
3108
678
0
613
0
183
3108
3108
3108
0
0
0
3108
0
973
0
103
3108
164
0
0
518
0
885
597
832
3108
241
0
0
3108
220
0
1212
3108
0
3108
381
501
0
745
1124
403
834
1110
1002
0
0
0
0
513
0
0
3108
424
0
294
0
3108
0
0
0
3108
446
0
708
0
189
3108
3108
190
3108
3108
1156
399
3108
0
475
0
0
0
3108
860
883
0
0
0
0
708
0
0
1041
0
0
3108
0
3108
849
1228
898
0
17
0
3108
3108
0
0
0
0
3108
0
115
3108
0
0
632
3108
0
0
3108
3108
0
5
462
0
635
807
3108
3108
3108
902
0
3108
0
0
0
24
1235
0
3108
0
0
3108
3108
0
245
3108
0
3108
253
3108
3108
0
506
3108
3108
3108
0
387
0
0
0
1068
3108
3108
0
3108
787
3108
0
569
0
53
462
3108
0
0
0
0
0
3108
3108
0
299
0
3108
350
0
0
468
0
3108
0
0
1204
185
349
3108
0
0
0
0
3108
279
3108
3108
0
96
0
0
3108
199
3108
1189
0
1135
0
979
559
110
0
418
3108
3108
954
0
0
0
0
3108
0
39
0
879
0
153
344
0
0
258
0
20
3108
652
3108
531
0
0
0
0
816
3108
4
0
0
0
109
3108
0
967
0
3108
0
0
0
232
3108
0
3108
3108
3108
3108
3108
3108
3108
3108
0
3108
677
3108
548
172
0
0
3108
553
0
3108
715
0
3108
3108
3108
738
0
471
0
3108
198
1227
3108
0
0
268
0
0
78
3108
0
0
0
3108
0
3108
0
881
0
450
0
0
0
0
920
670
0
0
0
3108
0
3108
3108
0
0
337
417
3108
0
171
3108
109
105
1141
3108
1105
1221
1171
1134
778
0
0
717
0
261
0
3108
4
871
0
3108
0
1014
650
0
0
0
0
0
0
0
425
3108
121
0
0
657
0
0
0
0
0
3108
3108
0
437
3108
0
0
0
3108
3108
0
0
3108
3108
721
230
0
0
215
299
0
383
3108
0
3108
15
0
0
0
1066
53
3108
3108
0
0
0
0
0
0
3108
1059
3108
0
3108
709
0
0
6
0
292
0
1099
0
0
0
206
978
0
0
0
338
0
0
1004
720
86
0
0
890
0
3108
3108
3108
0
3108
0
0
0
3108
665
0
0
0
0
298
0
374
0
0
0
0
0
3108
767
0
3108
562
0
3108
0
3108
0
3108
0
0
0
643
0
3108
678
0
0
0
565
16
0
3108
3108
3108
0
312
0
3108
3108
3108
0
0
493
1185
145
3108
0
0
1121
3108
0
0
0
3108
3108
132
3108
0
3108
0
0
0
1205
554
0
0
0
0
3108
3108
798
3108
0
0
0
0
3108
3108
3108
0
3108
3108
4
0
3108
0
188
3108
0
0
3108
0
1152
3108
0
249
3108
1243
0
345
0
93
0
1059
0
3108
3108
105
0
0
0
0
0
0
0
96
0
0
3108
0
0
3108
0
0
0
966
0
3108
0
1054
3108
773
1023
121
422
583
0
0
3108
0
0
0
0
3108
0
418
3108
4
521
3108
1121
802
0
535
0
3108
0
347
3108
171
0
3108
3108
0
0
0
3108
3108
3108
274
0
0
0
250
3108
0
0
504
0
0
3108
0
0
139
967
0
262
0
3108
0
1187
242
3108
462
0
320
0
3108
28
1011
0
657
3108
0
3108
0
0
3108
3108
0
280
3108
3108
3108
3108
3108
0
0
0
0
0
3108
0
3108
0
478
0
458
154
782
3108
1106
3108
0
0
220
388
3108
0
0
0
3108
0
0
0
0
628
0
0
975
907
0
3108
3108
436
3108
0
512
0
666
0
943
551
0
0
0
3108
483
284
21
358
266
881
0
704
0
0
403
0
1193
0
0
0
0
3108
0
0
0
1215
99
461
0
1215
6
3108
0
906
0
0
486
92
0
562
0
3108
3108
3108
0
0
559
3108
0
1101
993
3108
0
0
3108
0
0
660
204
855
0
427
0
0
697
0
481
3108
4
0
448
0
0
3108
0
0
262
413
0
3108
3108
788
3108
3108
3108
635
497
0
0
3108
1163
0
266
0
0
0
0
3108
196
3108
627
429
0
612
1200
0
871
0
0
3108
3108
0
370
529
797
0
3108
961
0
593
1031
0
0
781
1206
3108
534
0
0
0
668
0
3108
0
3108
3108
3108
77
237
604
0
943
519
946
1197
0
3108
3108
0
409
0
3108
3108
840
0
3108
1070
0
1107
0
240
0
474
484
0
908
968
0
0
0
0
0
0
0
3108
0
0
3108
3108
3108
3108
3108
1126
3108
0
0
287
0
3108
1057
952
1136
0
550
350
3108
134
239
0
0
0
0
0
305
0
0
0
3108
377
0
0
313
0
260
3108
0
0
0
3108
3108
3108
3108
292
369
0
935
0
0
0
872
0
3108
0
0
1160
810
0
3108
3108
0
0
0
3108
944
3108
0
0
0
3108
3108
3108
0
0
1033
0
436
0
0
1077
0
0
0
3108
0
3108
3108
428
0
235
0
0
951
0
3108
3108
0
383
64
32
0
0
1024
0
0
837
3108
2743
0
3108
0
701
0
3108
493
1088
0
3108
1246
720
3108
0
3108
547
3108
0
990
215
640
3108
0
474
1097
611
1088
0
0
0
1060
1012
0
0
746
0
226
1153
0
3108
445
3108
0
3108
0
486
3108
705
3108
3108
3108
622
984
0
31
3108
0
0
0
0
0
1036
612
0
433
0
3108
0
0
0
653
0
0
0
0
0
0
850
0
0
3108
0
0
0
558
0
3108
0
3108
1238
0
3108
3108
0
1058
0
40
0
0
3108
0
0
3108
513
0
0
3108
3108
3108
363
0
318
1119
3108
3108
3108
3108
0
345
1150
0
406
3108
0
915
3108
0
2935
3108
0
0
1163
933
0
983
0
3108
3108
400
0
0
33
0
0
3108
977
0
0
491
0
0
76
262
0
0
79
0
0
728
3108
0
29
890
0
0
1231
0
0
0
292
0
3108
0
3108
0
3108
0
0
893
798
858
3108
3108
3108
3108
77
0
3108
3108
863
3108
592
0
3108
0
308
32
3108
0
0
0
736
0
0
0
3108
3108
608
165
3108
3108
3108
0
0
400
0
0
3108
3108
3108
0
1146
3108
3108
3108
238
0
0
0
3108
65
103
667
0
0
3108
0
0
0
586
3108
497
0
0
0
3108
3108
3108
0
0
1049
3108
493
0
3108
349
0
3108
608
0
0
330
0
3108
0
0
0
318
0
0
384
0
942
3108
0
0
3108
0
0
0
3108
1164
0
3108
3108
3108
0
866
953
0
0
567
0
1191
0
0
0
0
424
3108
249
396
3108
1068
0
3108
3108
3108
0
0
373
1137
0
696
0
0
1079
0
0
3108
199
3108
0
3108
3108
0
0
0
324
69
0
3108
994
0
0
869
1205
0
3108
287
0
3108
3108
3108
3108
3108
8
59
557
209
0
0
0
620
0
0
0
0
3108
0
0
246
827
547
0
0
0
3108
0
601
3108
3108
0
15
818
3108
0
0
3108
1149
2267
367
1159
113
0
3108
437
0
3108
0
0
0
0
199
6
3108
0
121
0
0
3108
0
3108
3108
3108
3108
0
23
3108
0
0
1241
0
3108
496
3108
0
0
0
0
0
0
3108
924
3108
0
0
3108
3108
3108
0
0
0
1000
0
341
0
3108
0
0
1171
1009
3108
411
0
0
162
0
3108
1148
0
0
3108
927
0
1171
0
0
0
539
935
0
0
1
0
0
3108
0
0
0
0
0
0
3108
0
0
0
0
0
3108
0
1120
0
0
0
1195
0
0
0
0
224
667
3108
423
0
0
0
36
0
0
454
0
3108
0
3108
0
167
0
0
3108
3108
3108
0
3108
1046
0
262
3108
0
3108
543
3108
0
662
1198
0
0
260
3108
0
0
0
888
3059
1172
3108
0
3108
0
340
0
0
0
0
1156
429
0
209
0
0
972
1066
132
0
0
0
0
471
1115
382
0
3108
0
171
0
0
21
0
0
0
0
3108
3108
3108
0
576
0
589
542
0
3108
0
3108
3108
2228
0
443
546
292
0
3108
3108
0
0
0
0
0
3108
0
0
475
3108
1026
0
0
987
0
0
3108
0
0
0
654
3108
3108
590
3108
0
0
196
0
0
0
3108
0
0
0
3108
1137
2
3108
2181
0
529
18
3108
0
3108
0
0
335
0
209
0
0
1146
0
0
3108
3108
0
0
3108
0
0
3108
1129
0
0
0
0
506
103
0
0
0
0
365
0
0
251
76
3108
392
386
696
0
0
3108
3108
365
3108
3108
0
0
3108
728
3108
0
3108
3108
59
0
822
406
574
350
655
0
3108
921
184
0
0
3108
0
0
0
0
602
0
3108
555
0
1224
3108
3108
0
3108
0
0
0
0
1047
0
730
3108
791
3108
0
0
143
0
0
0
3108
0
3108
3108
3108
824
3108
3108
112
106
0
3108
0
0
3108
0
939
244
3108
0
0
0
0
0
0
0
416
0
643
0
0
220
3108
1220
906
440
3108
3108
3108
0
3108
839
266
428
0
3108
0
1120
0
3108
0
0
0
582
707
3108
3108
3108
1111
3108
1
879
0
3108
0
0
1042
233
610
0
181
0
0
484
334
0
3108
865
0
0
3108
129
744
3108
163
756
0
0
355
3108
69
291
1055
30
43
837
1206
3108
0
1097
0
471
0
3108
358
3108
3108
3108
492
0
0
0
0
9
0
737
0
0
0
1130
205
1019
0
3108
0
0
0
0
33
0
790
0
0
0
0
0
0
705
0
0
3108
820
551
0
0
0
0
0
3108
0
0
0
0
1132
3108
0
3108
3108
3108
0
0
600
3108
3108
84
0
3108
3108
909
0
0
764
0
0
3108
0
0
3108
3108
393
74
0
1068
3108
0
0
0
0
1143
0
0
3108
143
3108
3108
0
494
0
0
0
0
3108
572
3108
0
0
225
858
490
1032
0
3108
0
0
73
1090
0
0
3108
463
0
2676
0
10
3108
0
596
0
567
0
3108
0
718
1122
0
273
631
912
3108
3108
0
724
0
3108
3108
3108
0
0
3108
761
0
3108
541
614
0
519
0
3108
0
711
3108
538
3108
0
3108
3108
1082
0
3108
3108
1158
3108
213
1217
60
1178
1193
3108
0
1126
0
407
0
1134
720
3108
0
0
0
0
3108
0
0
0
3108
3108
541
0
0
3108
0
0
3108
1233
3108
0
589
0
0
0
0
0
524
0
3108
1066
3108
778
0
3108
0
0
0
1029
1076
7
3108
0
0
0
0
0
0
74
0
3108
703
0
375
527
175
3108
3108
593
3108
517
0
3108
0
0
0
459
232
0
810
0
3108
1055
3108
815
3108
369
0
0
1130
0
0
3108
1144
0
0
0
0
3108
0
236
604
0
0
0
3108
3108
3108
0
0
716
0
71
0
0
932
1017
0
233
0
3108
440
0
0
3108
0
3108
1204
150
0
248
0
0
519
3108
3108
323
0
3108
10
3108
0
0
885
0
0
0
0
0
316
0
0
0
0
576
4
0
0
1151
0
3108
1228
0
302
0
0
3108
311
0
0
825
0
78
0
0
0
3108
0
3108
0
3108
0
3108
151
0
3108
3108
0
0
0
7
48
3108
3108
0
0
3108
0
0
0
3108
547
682
0
0
1057
3108
291
0
0
211
0
3108
3108
0
0
3108
0
3108
3108
0
0
3108
392
3108
0
981
433
3108
3108
3108
3108
0
663
0
0
855
0
0
0
0
3108
288
0
0
817
589
3108
0
929
259
0
0
0
0
1232
269
0
3108
252
0
3108
3108
0
1072
0
0
0
2405
0
4
0
3108
0
3108
3108
562
3108
0
0
217
0
113
0
0
664
3108
0
3108
1009
3108
0
1033
467
0
679
0
493
0
348
636
3108
0
0
0
0
0
0
0
0
1020
0
1018
3108
3108
3108
0
0
0
0
0
0
3108
3108
0
3012
961
0
0
0
0
991
0
3108
3108
311
3108
665
0
997
386
3108
3108
0
0
3108
1017
0
0
1037
0
3108
197
0
299
129
67
726
0
0
1143
0
3108
3108
0
0
0
56
319
0
3108
3108
0
1161
0
1228
3108
3108
955
878
0
593
0
0
749
3108
3108
6
0
470
0
3108
0
0
0
0
3108
638
0
0
0
3108
3108
1064
3108
497
277
280
0
3108
0
0
0
0
414
3108
3108
3108
0
3108
3108
114
0
0
3108
3108
899
0
3108
791
3108
174
494
1212
3108
0
0
116
0
3108
0
0
3108
0
3108
0
3108
0
1091
3108
0
0
3108
0
3108
0
0
0
0
3108
0
0
3108
242
0
3108
3108
56
0
3108
0
649
3108
3108
645
216
0
3108
0
0
0
0
3108
3108
0
674
0
292
3108
0
0
1204
0
53
0
515
0
0
3108
3108
3108
3108
3108
829
0
3108
3108
1037
481
635
0
3108
3108
764
3108
285
3108
262
0
993
879
0
0
637
3108
0
0
3108
0
461
1201
0
315
0
3108
0
0
0
132
3108
381
0
0
3108
0
0
825
1041
0
0
0
3108
0
0
0
0
406
0
0
0
0
623
0
755
3108
0
0
0
0
3108
569
3108
0
0
0
217
967
3108
134
0
0
27
3108
109
0
3108
224
969
0
3108
0
833
3108
864
0
0
0
1069
0
215
0
0
0
1198
1086
587
1174
0
0
3108
0
0
0
0
3108
0
3108
249
0
0
3108
0
3108
784
3108
849
0
908
0
0
1197
0
3108
0
0
0
3108
0
3108
3108
0
3108
868
994
0
3108
0
0
0
3108
0
12
0
3108
0
0
0
0
30
3108
323
217
3108
0
0
0
0
773
3108
3108
0
936
852
0
0
0
28
0
0
3108
0
1195
0
0
0
0
3108
0
834
0
0
0
3108
571
3108
3108
662
0
171
7
3108
3108
152
0
3108
0
84
963
3108
557
0
362
0
0
3108
0
3108
3108
0
154
0
1060
0
3108
0
0
0
1203
0
3108
3108
0
0
0
0
0
3108
0
54
3108
3108
0
0
3108
477
1065
3108
3108
3108
962
0
3108
0
0
1166
0
696
3108
3108
0
0
3108
0
0
0
0
0
1178
0
3108
0
308
0
0
0
0
0
0
666
0
543
0
3108
0
0
0
3108
64
0
304
322
0
998
3108
3108
750
3108
0
262
0
3108
0
3108
0
0
0
3108
0
8
0
3108
3108
0
0
670
0
3108
3108
0
0
648
0
0
0
0
0
0
3108
1079
327
792
0
700
528
0
3108
0
512
841
0
0
1074
3108
3108
3108
0
0
211
0
799
3108
3108
83
0
539
0
3108
3108
3108
3108
0
0
868
174
0
769
0
0
3108
144
0
0
676
3108
538
0
0
0
36
0
0
0
8
0
0
0
0
0
3108
0
651
3108
0
0
0
3108
327
1005
137
3108
0
0
0
3108
0
3108
0
1095
0
0
0
3108
730
0
224
0
3108
0
0
3108
3108
230
3108
0
600
0
0
0
0
3108
596
0
3108
0
3108
3108
0
1025
0
221
0
0
0
3108
0
412
0
0
0
0
0
3108
1195
3108
3108
1019
860
0
1168
964
0
3108
0
744
87
0
3108
0
3108
0
3108
0
1089
3108
3108
792
0
0
0
0
0
0
3108
972
0
3108
0
3108
0
0
0
493
0
976
0
959
244
0
244
0
1153
675
136
3108
151
155
0
3108
0
0
667
0
3108
997
0
3108
802
0
0
0
1238
0
3108
2262
68
281
370
0
0
0
62
3108
3108
3108
0
825
3108
3108
861
0
428
0
894
0
3108
57
406
0
232
0
1174
48
0
58
0
0
3108
515
0
0
0
269
3108
73
3108
0
883
0
3108
0
46
654
3108
31
602
569
0
0
505
3108
1004
0
704
3108
0
3108
3108
0
185
0
3108
0
0
0
595
113
0
307
0
3108
3108
0
0
3108
3108
3108
3108
3108
3108
0
0
0
3108
3108
1035
0
297
943
1097
129
0
0
0
0
3108
3108
0
0
0
3108
0
203
3108
0
3108
0
0
3108
1149
11
0
721
0
0
3108
3108
1050
0
3108
293
0
3108
3108
951
3108
3108
334
562
520
394
0
3108
0
554
0
829
0
0
0
3108
3108
0
97
342
0
3108
0
0
3108
3108
0
0
0
3108
814
444
479
0
156
0
0
3108
0
592
0
0
3108
0
967
52
0
0
0
3108
363
0
786
3108
214
792
0
0
0
0
3108
0
0
0
0
0
0
3108
1047
0
0
515
0
0
0
1034
0
0
133
0
0
156
3108
1041
0
0
0
100
0
337
0
0
882
0
3108
3108
633
3108
79
3108
0
0
764
0
551
0
3108
997
0
3108
3108
0
1009
679
671
0
794
0
3108
0
0
0
661
3108
1228
0
0
3108
0
0
7
0
598
0
0
0
0
0
0
0
0
0
3108
0
930
721
0
1104
0
0
720
3108
1187
748
497
185
386
0
0
0
3108
253
3108
3108
0
707
531
646
0
0
0
875
0
3108
0
0
411
215
528
0
283
3108
3108
3108
0
673
3108
1038
286
0
0
173
0
1045
652
144
782
3108
3108
0
3108
1161
0
0
137
3108
814
3108
930
0
3108
3108
76
0
0
0
3108
3108
3108
1159
939
3108
779
0
1006
960
0
0
0
3108
813
195
128
34
3108
535
0
3108
0
0
0
516
56
3108
0
914
0
0
3108
0
0
263
0
7
0
3108
3108
33
22
0
6
357
0
4
204
3108
0
3108
0
0
0
1243
0
514
0
0
0
0
0
0
3108
0
739
0
792
0
3108
3108
595
1049
0
3108
1064
819
0
3108
53
3108
671
3108
0
0
0
3108
783
247
3108
3108
3108
3108
131
0
836
0
0
0
316
0
734
0
3108
0
3108
3108
0
3108
0
0
0
0
0
3108
551
0
58
3108
0
0
168
3108
3108
3108
1095
241
0
166
0
1006
3108
0
280
0
870
871
995
0
413
3108
1048
0
279
855
3108
273
0
0
616
0
3108
137
0
827
0
0
0
0
0
207
0
246
0
94
0
101
1080
0
0
0
0
3108
3108
259
662
0
0
891
3108
3108
692
0
3108
1017
3108
142
0
0
0
3108
3108
0
36
0
0
0
3108
715
0
332
3108
3108
966
0
3108
1114
0
114
3108
0
0
0
0
3108
3108
0
3108
640
0
0
251
0
616
0
13
0
0
0
0
3108
532
0
495
0
3108
0
0
3108
0
3108
0
0
3108
0
710
0
0
0
0
0
0
0
0
0
56
3108
0
0
724
3108
0
0
0
3108
588
0
3108
0
0
3108
0
0
3108
184
3108
0
3108
3108
3108
0
43
0
3108
0
3108
61
0
527
922
0
0
3108
3108
0
3108
3108
0
0
3108
1132
0
1028
0
0
0
3108
1193
3108
3108
46
0
289
0
1185
1232
0
172
0
0
907
0
3108
0
353
0
0
3108
3108
0
1137
0
249
0
0
0
3108
21
0
0
693
0
0
169
0
799
648
0
0
194
0
3108
182
0
3108
0
0
3108
3108
578
954
0
0
3108
97
0
104
0
3108
3108
3108
3108
637
0
3108
3108
0
660
0
0
0
342
0
502
3108
3108
924
0
0
0
3108
777
3108
829
0
0
696
0
0
3108
631
443
0
0
189
0
1043
216
3108
325
2102
0
243
3108
3108
0
0
3108
3108
1111
0
0
3108
3108
0
0
0
448
0
3108
0
0
3108
532
0
0
1160
3108
3108
857
0
3108
258
3108
3108
3108
0
0
3108
0
0
0
0
0
0
0
306
3108
3108
0
0
0
972
0
0
664
0
96
3108
3108
984
3108
0
0
0
3108
1180
0
0
0
84
848
0
0
3108
91
0
0
0
0
1138
0
0
652
0
777
3108
766
3108
722
0
3108
334
3108
3108
1165
0
553
0
443
0
0
261
0
359
3108
3108
0
3108
0
945
0
0
0
0
0
3108
0
3108
0
3108
3108
0
0
1059
592
0
3108
0
0
3108
0
97
703
447
0
645
0
3108
923
0
0
242
3108
3108
0
0
0
0
3108
0
0
0
548
0
3108
0
653
3108
3108
3108
877
0
0
3108
0
586
0
3108
0
0
268
3108
3108
0
0
0
906
1165
3108
3108
0
0
0
3108
3108
0
3108
0
1112
0
3108
0
0
0
0
3108
3108
1044
0
278
0
0
136
3108
0
3108
146
0
35
0
152
3108
196
0
0
0
0
0
985
859
0
94
3108
3108
0
1098
0
3108
3108
0
1229
3108
0
3108
0
3108
158
3108
962
853
0
0
3108
0
876
0
3108
3108
0
0
1038
3108
0
0
0
3108
0
0
0
0
614
0
3108
0
0
0
766
0
598
0
229
473
0
535
1225
0
3108
0
3108
0
3108
0
0
641
3108
1129
3108
3108
0
0
0
0
3108
986
0
1209
3108
0
3108
3108
256
0
3108
0
0
0
0
1058
603
3108
3108
3108
0
3108
0
0
0
0
0
0
543
3108
725
3108
3108
530
134
0
377
3108
1048
2287
0
0
0
0
3108
604
956
0
1239
2159
3108
1237
858
113
1099
0
1008
0
0
3108
3108
0
0
813
1114
0
934
3108
0
0
741
0
0
240
0
3108
0
0
0
986
474
0
3108
0
3108
1227
3108
363
0
0
0
3108
3108
54
0
0
3108
3108
3108
0
0
160
148
363
0
228
0
0
0
3108
0
873
0
3108
3108
0
905
486
0
630
3108
936
3108
0
79
0
0
0
327
0
0
833
0
0
4
0
0
3108
0
661
0
0
0
0
827
0
0
889
0
0
0
0
68
809
0
3108
3108
0
3108
565
0
3108
0
3108
0
24
0
0
8
3108
344
0
3108
3108
866
1220
0
3108
0
941
0
0
738
0
0
1136
0
3108
962
1166
463
861
0
0
0
545
3108
926
3108
0
0
297
3108
3108
0
3108
3108
3108
748
0
287
0
0
324
26
0
0
0
669
0
3108
1203
3108
627
0
0
4
3108
0
108
3108
0
757
0
3108
1100
782
3108
0
0
3108
0
140
0
0
487
668
1219
1075
0
358
0
42
0
781
0
0
72
484
0
3108
0
0
0
452
0
0
0
0
0
3108
2976
0
427
222
3108
3108
6
491
0
393
0
3108
10
0
970
0
0
844
0
3108
3108
220
0
699
0
0
0
3108
6
0
0
920
3108
0
101
0
0
0
929
610
0
619
0
0
0
745
3108
3108
0
0
3108
0
137
0
0
559
1016
0
265
0
3108
884
0
0
643
0
3108
3108
0
3108
0
3108
0
506
3108
0
422
287
461
0
3108
0
3108
0
3108
1091
892
3108
754
3108
0
34
0
174
0
0
0
0
3108
307
0
0
98
547
0
3108
3108
0
0
579
0
3108
0
512
1190
173
3108
0
0
3108
0
0
0
0
3108
0
432
0
363
0
3108
1143
3108
0
0
3108
0
834
3108
3108
261
0
3108
0
0
3108
0
599
0
929
17
73
0
3108
3108
6
538
0
1053
0
944
0
0
0
3108
0
3108
3108
368
0
82
3108
3108
0
3108
8
233
0
3108
3108
3108
0
3108
0
3108
0
0
1231
3108
1007
0
3108
3108
3108
3108
3108
67
3108
592
962
3108
3108
1155
299
0
0
0
3108
3108
0
0
1233
414
0
840
848
0
3108
0
0
0
0
3108
3108
340
0
1216
3108
3108
223
892
0
880
0
0
0
1205
0
672
0
0
400
3108
3108
0
1044
632
0
0
0
0
397
3108
3108
0
3108
0
0
3108
256
3108
271
0
0
1001
0
0
0
0
0
2395
0
0
760
3108
431
0
3108
0
3108
0
0
0
3108
1008
0
0
0
3108
0
3108
0
0
0
176
804
3108
475
0
0
3108
0
0
0
0
435
3108
0
3108
0
346
0
438
203
0
3108
0
995
0
1079
0
0
3108
609
3108
0
503
0
3108
492
3108
0
3108
208
0
3108
369
0
1174
3108
0
2848
0
0
0
3108
0
0
0
984
0
957
3108
0
0
3108
0
3108
0
0
0
0
491
92
3108
0
0
0
3108
3108
16
30
0
3108
3108
0
388
3108
853
0
0
237
696
3108
0
3108
3108
950
0
0
1177
0
0
0
0
327
3108
0
793
0
0
3108
1099
3108
2743
0
55
739
0
0
0
267
3108
3108
1183
0
0
948
1189
0
3108
0
0
3108
0
0
0
1180
0
3108
0
0
284
0
0
51
0
949
852
0
3108
0
3108
651
356
0
3108
626
0
720
3108
875
3108
3108
1025
3108
0
868
0
461
0
296
0
0
0
3108
0
0
0
3108
3108
0
84
317
1159
3108
87
0
4
0
1191
3108
3108
3108
0
2945
0
183
424
3108
3108
0
0
3108
0
3108
3108
0
0
0
0
3108
2941
3108
0
720
0
0
973
0
497
0
24
0
0
0
181
22
0
3108
0
0
3108
0
0
0
0
260
0
0
3108
0
0
3108
0
348
819
0
0
3108
0
3108
755
0
6
0
3108
3108
0
0
0
0
3108
0
652
0
0
0
728
0
3108
0
3108
0
0
1031
0
3108
3108
0
0
3108
0
3108
0
0
0
3108
0
3108
904
0
0
0
3108
134
0
868
696
465
0
0
0
767
3108
3108
3108
0
3108
0
25
545
3108
3108
562
0
855
0
776
0
3108
753
3108
3108
0
0
1077
3108
96
0
0
0
2770
0
0
405
3108
0
0
0
820
379
116
3108
3108
918
0
0
0
3108
354
3108
3108
223
0
3108
471
3108
0
3108
1151
0
0
0
83
355
161
0
0
0
1237
0
828
0
115
3108
1197
3108
205
0
0
3108
254
0
4
0
423
3108
0
3108
3108
0
3108
0
0
434
856
3108
0
3108
768
303
0
3108
3108
39
719
0
3108
1205
0
0
3108
0
625
3108
0
423
3108
3108
0
3108
0
3108
3108
0
289
174
0
0
0
846
152
0
0
426
0
3108
0
3108
636
0
3108
1120
0
0
381
763
0
1028
0
64
3108
3108
737
0
0
0
253
0
562
0
0
3108
267
478
948
0
3108
383
0
0
0
0
3108
0
3108
678
0
1056
0
391
0
3108
0
3108
1118
1034
0
3108
0
0
3108
921
759
0
93
0
0
0
3108
994
178
0
0
682
0
0
0
0
224
3108
3108
3108
3108
3108
3108
450
1150
0
3108
0
0
0
807
3108
3108
3108
870
0
384
194
461
0
0
0
0
0
13
3108
975
0
0
0
928
0
3108
3108
0
0
3108
0
3049
368
547
0
1216
1080
0
0
3108
3108
166
0
3108
0
0
3108
445
0
0
3108
621
3108
0
0
812
0
569
607
3108
0
3108
3108
986
0
0
0
120
3108
0
3108
0
3108
3108
3108
0
233
0
3108
194
1215
0
0
0
0
372
0
81
0
0
0
3108
527
0
0
149
0
853
3108
1058
530
3108
3108
3108
0
1204
0
0
0
720
0
0
669
757
630
731
1059
0
6
3108
0
96
1101
0
3108
0
3108
0
0
0
0
0
0
0
3108
77
940
0
0
3108
33
88
0
1033
3108
0
0
3108
0
0
852
0
0
1012
3108
3108
0
3108
3108
0
443
290
3108
3108
910
0
0
0
882
3108
3108
3108
0
3108
0
0
0
3108
3108
3108
399
0
0
0
3108
1175
0
0
0
627
0
3108
355
3108
3108
0
0
0
0
557
0
3108
1216
3108
323
982
0
0
907
334
3108
0
865
908
0
0
675
0
0
0
0
861
3108
0
166
0
0
3108
0
0
415
0
992
0
1085
3108
0
0
503
301
0
3108
16
3108
3108
3108
0
3108
0
0
695
0
0
0
0
3108
3108
0
504
0
0
0
511
0
0
0
3108
1181
0
581
0
990
0
3108
690
3108
680
0
888
0
759
0
373
0
689
3108
550
0
3108
879
723
0
3108
956
706
3108
0
3108
924
0
3108
3108
0
1084
0
0
1109
0
103
0
3108
82
154
0
0
3108
3108
0
1182
0
3108
596
3108
0
887
1010
0
170
3108
0
1237
3108
0
3108
0
0
481
3108
0
0
3108
513
0
0
952
0
0
3108
0
335
329
0
0
3108
3057
987
3108
0
3108
0
0
0
0
6
3108
636
0
0
0
0
3108
0
0
0
3108
425
651
0
531
30
0
0
1043
3108
558
3108
3108
1160
0
123
3108
0
0
0
2124
3108
0
881
0
0
3108
3108
0
0
3108
3108
3108
810
3108
3108
1146
658
3108
0
0
0
984
221
0
3108
742
0
0
0
0
356
0
0
0
0
0
0
376
0
0
614
0
3108
3108
1102
0
564
801
0
3108
0
0
3108
1084
3108
3108
0
903
0
0
0
0
0
0
0
3108
456
198
3108
0
3108
3108
3108
676
0
0
0
216
0
3108
0
808
0
3108
0
892
1119
0
618
0
0
3108
3108
513
1053
3108
1223
766
3108
0
3108
117
0
0
3108
513
263
0
0
3108
3108
0
3108
589
0
3108
0
1241
3108
2
3108
579
0
0
3108
3108
3108
3108
0
3108
765
0
455
0
533
818
3108
777
3108
0
0
1162
3108
1218
0
0
0
474
3108
769
0
0
232
0
1088
0
0
101
0
0
0
1232
0
0
448
305
720
0
3108
68
818
0
151
0
3108
0
3108
3108
764
287
0
0
0
0
0
3108
0
0
3108
0
0
0
0
0
0
519
3108
0
243
0
3108
0
0
3108
126
0
3108
839
1031
0
0
0
851
3108
159
160
0
3108
3108
3108
0
0
0
3108
0
0
2129
410
0
290
0
959
1190
646
3108
0
799
0
0
3108
3108
440
0
699
0
317
3108
200
0
3108
796
156
0
988
0
920
0
3108
324
3108
3108
0
0
0
0
3108
3108
0
3108
0
0
0
964
0
0
0
1099
3108
0
0
0
0
256
0
0
0
0
0
492
0
3108
861
3108
589
790
0
960
3108
429
0
0
0
1075
968
0
3108
198
889
0
0
3108
3108
641
3108
0
53
0
0
3108
3108
936
0
3108
0
0
3108
469
0
0
0
0
1032
215
0
849
0
3108
1114
187
3108
0
0
831
0
298
0
850
1232
1157
0
0
0
0
3108
0
0
405
0
31
0
260
0
0
3108
365
0
569
0
372
1088
953
551
416
0
3108
141
0
0
0
553
0
0
0
1010
0
867
0
3108
3108
18
0
1
0
0
0
0
969
3108
0
3108
0
0
0
0
806
3108
718
3108
1088
3108
0
0
3108
3108
0
0
76
3108
3108
3108
0
0
0
3108
3108
2
1109
0
0
3108
197
0
260
3108
246
3108
0
3108
0
537
3108
3108
604
3108
759
1080
0
1196
312
0
0
3108
45
0
0
0
3108
0
1138
817
72
0
0
988
3108
3108
3108
90
696
0
0
3108
488
1168
210
592
0
3108
1123
3108
856
409
0
1144
0
940
24
187
3108
797
0
411
3108
3108
0
0
1169
123
0
69
205
0
0
0
0
85
0
0
1079
0
0
300
0
0
3108
0
3108
0
0
3108
0
0
55
0
3108
0
3108
0
731
0
0
3108
0
323
706
0
375
0
0
3108
0
88
526
3108
3108
96
0
779
3108
3108
467
121
0
0
3108
0
0
3108
524
3108
0
733
3108
0
3108
3108
132
0
0
3108
3108
610
3108
517
3108
1071
0
148
0
3108
3108
0
585
664
0
0
0
310
3108
0
1222
3108
0
0
3108
0
401
294
0
237
0
0
8
0
0
3108
3108
0
0
0
0
0
0
3108
0
3108
3108
0
0
0
0
0
0
3108
591
0
0
0
0
603
1091
0
3108
0
841
1044
0
3108
0
0
0
3108
627
0
6
0
312
139
500
312
0
3108
0
3108
3108
611
0
253
1184
0
0
3108
0
0
588
0
0
0
186
0
3108
3108
0
3108
3108
313
0
1030
3108
3108
3108
1991
3108
0
3108
553
0
3108
3108
824
0
0
391
847
1215
3108
1217
0
3108
820
1233
3108
0
0
33
3108
0
3108
0
0
515
0
3108
0
0
3108
6
471
0
0
0
0
0
3108
3108
3108
3108
564
3108
0
3108
0
759
3108
18
0
0
0
1018
1048
0
625
3108
3108
3108
0
3108
3108
0
3108
0
3108
667
0
3108
3108
0
3108
779
3108
124
0
3108
3108
3108
256
0
3108
172
0
987
3108
0
3108
0
0
334
0
0
3108
3108
436
0
0
747
3108
0
0
337
0
0
3108
0
3108
0
0
0
0
0
331
3108
3108
0
3108
3108
931
0
0
3108
3108
1022
127
0
0
0
924
0
3108
4
474
0
318
0
3108
0
0
3108
0
3108
825
0
3108
0
42
3108
0
3108
628
503
3108
3108
579
3108
18
0
0
0
578
733
0
0
3108
3108
3108
905
0
515
0
3108
169
0
0
838
3108
991
3108
3108
756
3108
3108
0
0
0
589
0
0
260
0
0
0
1067
0
3108
376
0
159
483
0
410
907
0
0
0
3108
0
481
663
0
0
823
31
3108
0
262
1204
3108
630
0
1226
3108
4
0
3108
1054
3108
0
260
0
3108
0
0
3108
3108
557
851
0
0
843
3108
276
0
0
3108
0
1024
1149
166
459
3108
0
338
3108
3108
0
40
3108
1066
0
0
471
0
0
209
3108
3108
0
928
0
0
693
3108
3108
3108
0
450
0
3108
3108
160
3108
3108
0
1148
765
3108
0
601
3108
902
0
3108
3108
3108
0
421
3108
0
0
3108
0
0
0
702
3108
3108
3108
679
638
765
0
251
0
695
115
3108
300
0
3108
1152
0
3108
0
3108
174
3108
1137
3108
3108
0
8
0
583
0
0
0
0
0
628
0
3108
0
0
0
0
3108
0
698
0
86
0
920
0
0
3108
822
930
3108
0
0
408
3108
10
0
338
0
0
0
819
3108
239
3108
0
680
3108
0
573
0
763
0
1031
930
0
162
0
0
0
3108
3108
533
0
852
0
0
105
0
982
3108
0
0
0
0
0
3108
3108
3108
0
359
0
0
0
0
3108
1083
0
1202
3108
0
0
0
0
1179
1174
3108
50
3108
3108
0
3108
0
0
0
3108
986
3108
644
0
1103
0
0
0
0
0
0
3108
0
3108
921
0
0
1093
0
0
3108
3108
0
1092
3108
0
0
3108
0
3108
0
0
0
0
362
3108
0
0
277
0
3108
0
0
1043
0
0
0
1055
0
3108
0
3108
0
0
3108
33
3108
0
0
0
0
424
3108
3108
509
0
372
3108
0
3108
3108
1051
1075
0
0
0
3108
0
1226
3108
3108
3108
0
3108
0
3108
0
3108
0
0
0
0
0
0
3108
69
0
3108
3108
3108
1043
529
0
857
0
0
0
0
3108
3108
200
3108
383
1069
3108
0
3108
0
3108
531
0
2772
0
1028
941
2979
217
3108
0
378
0
0
0
1242
292
0
0
3108
3108
0
966
457
1220
0
532
0
3108
0
0
3108
1082
3108
3108
983
1178
665
666
3108
0
0
0
0
0
3108
0
0
0
0
3108
0
507
3108
793
0
0
0
3108
0
3108
0
0
3108
0
3108
3108
3108
677
187
3108
1079
3108
0
1039
50
0
3108
0
0
3108
561
3108
0
0
1156
0
0
3108
0
0
325
3108
3108
0
0
0
0
919
3108
511
0
711
0
0
0
0
0
0
3108
3108
0
3108
1153
0
3108
0
3108
920
1009
918
3108
1037
0
6
3108
530
1176
3108
938
3108
3108
0
928
421
0
0
0
0
0
3108
874
401
580
3108
3108
1197
3108
0
3108
0
624
3108
0
0
285
0
1228
0
115
96
518
0
0
1058
529
0
0
0
3108
0
0
3108
3108
1238
0
0
0
3108
0
0
0
3108
853
0
741
0
878
3108
0
3108
3108
1099
0
256
8
154
1155
0
0
0
0
0
3108
0
872
3108
0
0
3108
652
0
3108
664
0
593
3108
613
663
0
0
0
8
0
0
0
209
0
0
0
1018
0
366
561
0
0
0
0
0
401
595
0
3108
4
0
3108
1041
1089
3108
740
3108
3108
634
623
608
0
0
278
3108
440
1149
2793
0
3108
666
49
0
1197
0
0
0
3108
0
796
0
0
507
3108
3108
3108
0
0
0
0
3108
3108
1219
0
161
0
0
3108
3108
0
0
3108
3108
0
422
0
0
0
265
1056
1124
3108
797
0
0
0
0
3108
0
0
0
3108
3108
581
0
0
10
3108
3108
0
676
0
136
0
0
0
535
196
731
899
3108
0
3108
3108
0
0
0
0
0
0
3108
153
0
2754
0
0
0
3108
0
806
0
447
0
182
0
0
0
3108
402
0
0
0
0
3108
2825
10
1077
0
3108
0
0
0
55
0
3108
942
0
0
304
0
0
3108
1211
3108
3108
3108
3108
3108
0
3108
3108
600
354
0
646
0
0
0
3108
3108
601
836
0
177
105
0
656
0
0
918
0
0
0
3108
184
0
0
680
0
0
0
0
0
0
750
0
0
0
3108
0
956
0
0
4
0
72
569
767
0
1135
3108
3108
0
0
3108
0
3108
463
0
885
1225
3108
0
3108
3108
275
0
0
3108
3108
1131
1141
0
674
3108
1058
68
193
1209
0
0
0
963
0
314
0
14
0
3108
3108
0
1208
3108
3108
0
0
3108
0
0
394
0
0
1220
705
3108
0
0
0
1186
950
740
567
0
0
0
0
3108
843
0
3108
0
0
3108
0
3108
0
0
0
3108
0
3108
0
858
0
3108
883
0
3108
0
0
493
0
3108
0
3108
0
0
0
0
555
0
0
3108
0
653
649
1150
0
0
0
3108
0
1238
3108
0
0
0
0
252
0
560
0
0
3108
919
828
0
0
0
3108
0
0
0
0
204
319
0
3108
0
0
3108
0
57
0
3108
0
283
3108
0
0
3108
3108
826
0
0
3108
636
3108
0
0
0
0
0
1203
3108
0
0
1142
0
1187
0
0
0
91
3108
0
3108
131
227
3108
3108
0
0
3108
3108
429
672
344
1226
3108
3108
731
0
0
558
0
550
0
3108
63
607
0
564
78
0
1154
0
0
3108
3108
1055
3108
1092
3108
3108
0
0
0
0
758
0
0
0
0
3108
0
1088
0
0
3108
0
3108
0
0
3108
981
0
0
0
516
1088
0
0
0
1143
356
0
0
3108
1030
0
0
0
0
0
0
242
0
2857
0
3108
1151
300
1238
1209
3108
0
1164
3108
0
0
3108
3108
0
3108
0
3108
0
0
0
3108
203
0
0
3108
0
980
3108
0
1061
0
0
0
3108
0
3108
0
3108
660
0
0
3108
0
0
0
0
0
3108
0
0
1031
0
3108
0
0
1199
0
3108
0
1212
0
0
0
825
0
0
0
0
3108
649
0
0
0
3108
1060
1073
3108
0
689
0
332
3108
656
0
3108
0
3108
47
0
3108
1130
3108
55
913
0
0
3108
1079
0
0
0
0
0
1171
3108
0
928
3108
3108
0
3108
0
1004
3108
0
0
171
0
3108
0
3108
0
0
0
3108
8
0
246
0
671
0
0
1203
409
140
0
3108
355
0
3108
1146
834
14
0
0
349
2468
0
3108
3108
0
0
0
583
1114
3108
387
3108
0
891
3108
3108
856
3108
0
3108
792
0
0
25
0
1207
549
0
0
483
214
0
0
1163
3108
0
0
270
1032
433
0
0
531
0
0
171
0
17
0
0
2
0
0
3108
410
0
1009
0
0
0
1168
0
3108
3108
3108
3108
0
0
798
0
0
0
412
1225
0
841
0
832
0
0
1018
0
730
3108
678
0
386
3108
1096
402
0
0
501
144
3108
0
674
3108
3108
337
0
3108
0
190
681
110
0
3108
3108
3108
724
162
0
3108
0
3108
12
0
1024
3108
0
949
0
0
3108
0
695
3108
1048
0
0
44
3108
0
856
0
3108
3108
3108
0
0
3108
0
763
3108
767
3108
55
1179
1021
0
0
0
0
0
1121
3108
3108
3108
3108
0
3108
0
0
778
973
0
0
3108
0
3108
3108
68
0
3108
1
0
3108
3108
674
0
724
3108
10
0
122
3108
0
0
384
0
0
0
0
1224
121
3108
3108
3108
3108
3108
3108
620
999
3108
0
0
80
1029
3108
480
3108
0
970
0
0
1158
0
3108
3108
0
3108
0
3108
766
0
0
947
885
0
0
0
3108
311
1225
0
3108
0
428
102
0
3108
0
887
303
3108
3108
3108
3108
953
862
829
0
0
0
0
3108
3108
0
0
630
3108
81
3108
0
0
3108
646
3108
0
0
0
1020
1220
0
1075
3108
0
0
1087
0
0
1186
3108
0
3108
531
3108
3108
0
0
3108
0
775
3108
3108
491
0
0
0
712
853
3108
3108
0
0
3108
417
3108
2501
1019
0
0
293
0
10
0
3108
0
0
3108
3108
0
0
590
0
0
0
0
0
0
1147
3108
479
0
0
550
0
0
3108
3108
10
1200
572
0
317
0
0
0
4
0
3108
3108
0
0
0
0
0
0
3108
907
0
943
0
806
0
3108
0
0
0
3108
3108
3108
0
3108
1162
0
23
121
3108
0
0
1190
252
0
0
0
0
0
0
120
365
1061
670
3108
3108
3108
3108
0
0
0
0
985
3108
0
0
0
0
3108
794
0
3108
774
679
0
3108
0
0
3108
1051
0
3108
3108
3108
0
0
0
3108
226
1024
0
0
4
0
3108
3108
0
0
113
0
381
0
3108
149
0
975
0
3108
0
3108
1192
1094
1095
3108
3108
3108
797
3108
0
0
0
31
75
0
3108
3108
3108
0
152
820
3108
3108
3108
3108
0
0
69
99
3108
337
3108
575
0
960
0
3108
0
646
0
3108
0
343
747
559
0
55
0
765
0
1011
3108
0
467
0
0
0
0
186
0
0
681
3108
0
0
38
0
342
3108
0
3108
392
0
417
770
0
0
0
789
0
0
0
0
425
0
0
150
0
1171
813
3108
3108
966
0
1067
0
0
1101
3108
985
374
1038
0
3108
3108
3108
0
0
816
3108
445
0
281
0
0
0
57
3108
40
0
0
3108
3108
3108
1073
232
799
0
0
3108
1150
0
0
0
0
0
3108
209
0
0
110
3108
0
0
0
960
0
0
3108
3108
0
992
0
3108
3108
0
3108
0
0
0
3108
3108
0
0
3108
0
0
0
3108
0
3108
3108
439
589
3108
3108
0
3108
3108
3108
0
3108
3108
0
3108
0
0
0
1090
0
0
3108
903
0
3108
3108
0
0
0
624
0
0
74
159
0
0
0
203
0
2355
0
3108
3108
0
3108
3108
0
3108
0
0
0
3108
545
3108
663
0
0
0
3108
284
0
1008
3108
371
118
690
476
394
0
0
0
0
0
1205
0
320
0
3108
57
3108
220
0
0
0
193
4
0
0
0
895
0
851
2
0
193
608
0
0
3108
709
125
0
922
0
3108
0
3108
920
0
0
3108
0
0
0
0
3108
638
0
3108
3108
3108
0
0
0
246
1155
0
3108
0
0
0
0
0
0
3108
0
0
0
0
3108
952
0
0
3108
3108
3108
1067
3108
1121
223
2
1037
0
3108
3108
0
49
0
0
3108
0
0
0
3108
0
492
3108
0
0
0
3108
0
0
3108
0
0
221
0
75
0
0
252
0
0
189
0
829
0
0
522
0
0
3108
752
76
0
0
0
878
0
147
0
1229
0
0
3108
0
0
0
0
0
3108
0
0
0
128
3108
0
3108
3108
0
0
844
289
1128
3108
3108
0
0
454
0
0
0
0
29
14
0
845
0
0
3108
130
169
0
855
401
0
277
0
0
0
3108
657
0
3108
0
3108
0
0
0
0
3108
127
0
1026
0
441
168
3108
3108
3108
737
0
483
395
0
0
0
3108
0
0
1204
0
3108
0
2544
483
3108
3108
0
0
424
987
3108
3108
3108
0
439
0
925
1184
3108
3108
0
3108
3108
0
3108
3108
3108
3108
0
0
0
0
149
0
454
785
420
0
0
3108
759
0
252
0
3032
0
0
0
0
403
0
58
862
0
3108
430
0
80
0
188
3108
0
0
1041
3047
414
0
0
1137
0
1081
3108
3108
1010
1069
3108
320
0
3108
0
79
0
3108
1028
787
0
0
634
384
0
942
3108
1121
0
8
3108
678
3108
3108
0
877
0
3108
0
731
0
105
0
519
1099
3108
116
727
3108
0
402
3108
212
0
3108
3108
0
0
43
0
987
1124
1142
0
0
3108
3108
0
3108
3108
3108
1208
1233
588
0
0
0
0
0
1000
0
3108
53
0
0
968
0
3108
0
3108
3108
0
0
3108
0
3108
158
0
525
3108
0
0
3108
0
2439
0
0
0
0
0
0
1241
3108
0
0
3108
0
3108
3108
0
0
3108
3108
3108
0
0
1106
3108
1169
0
3108
0
3108
3108
206
0
3108
0
0
3108
0
896
0
3108
0
3108
21
0
679
0
1180
0
1201
3108
3108
3108
430
0
0
258
0
637
6
3108
0
719
0
3108
3108
314
3108
3108
0
0
753
834
3108
0
0
0
944
3108
8
531
170
288
3108
0
3108
0
0
0
0
513
3108
0
0
400
576
3108
3108
1190
920
795
0
0
2446
0
3108
0
361
0
933
0
0
59
0
3108
0
220
0
63
0
0
3108
0
797
0
1125
667
0
3108
194
3108
3108
1060
0
0
0
3108
0
0
2
0
0
905
0
3108
1197
0
0
937
0
367
59
0
3108
0
224
0
3108
620
0
0
3108
0
3108
114
420
485
318
3108
3108
0
3108
0
1126
0
0
0
3108
3108
411
0
0
499
3108
3108
0
3108
3108
0
904
764
818
0
1048
8
3108
802
226
0
0
0
318
0
0
0
3108
0
445
3108
0
0
3108
0
0
3108
0
0
3108
0
0
3108
0
3108
787
4
1145
3108
3108
978
1199
0
620
0
871
883
0
0
3108
3108
309
0
707
3108
3108
811
0
61
0
825
387
0
3108
3108
40
0
3108
3108
3108
0
647
0
0
0
1168
3108
6
0
3108
866
70
291
3108
108
3108
3108
3108
3108
0
3108
0
0
0
0
0
0
721
0
4
0
3108
638
0
3108
28
3108
0
0
3108
349
0
390
84
0
3108
469
0
3108
0
0
0
3108
4
0
0
8
0
0
3108
0
0
0
16
0
982
3108
0
1050
196
285
0
0
0
3108
1160
0
0
3108
0
0
0
0
0
764
0
1216
977
0
3108
1113
604
0
751
3108
3108
0
3108
0
0
923
0
0
3108
262
3108
0
194
2962
3108
0
0
0
1133
0
17
2533
521
0
3108
0
809
0
0
47
3108
8
0
0
0
3108
0
0
0
191
0
784
3108
3108
1205
3108
1132
0
3108
2559
0
0
511
0
611
3108
881
0
731
0
966
457
3108
351
0
0
2620
0
306
3108
451
762
3108
0
887
415
0
0
447
3108
3108
3108
3108
0
3108
0
3108
1015
3108
0
181
3108
0
0
0
934
0
708
1107
571
0
2483
911
0
4
670
0
0
67
0
3108
77
886
3108
607
430
1139
565
0
695
102
3108
0
0
0
3108
0
0
3108
9
3108
0
0
3108
0
0
0
3108
1084
3108
3108
3108
3108
0
3108
3108
0
1105
3108
3108
64
0
272
1225
3108
0
0
0
0
755
0
573
3108
3108
0
956
0
3108
0
815
0
973
0
0
333
0
0
20
0
3108
3108
3108
0
3108
1138
0
445
0
1097
0
3108
126
0
0
0
0
203
0
1196
786
3108
0
96
1046
0
3108
1235
1060
204
0
3108
585
0
0
0
0
0
3108
0
0
713
0
3108
688
3108
3108
3108
3108
0
3108
0
3108
0
3108
3108
591
0
241
3108
291
0
1196
0
1159
994
0
3108
159
0
57
0
3108
0
0
3108
0
0
3108
3108
1243
0
233
0
0
951
3108
0
0
3108
940
0
702
3108
3108
52
0
623
3108
3108
957
3108
0
1066
0
0
0
459
3108
3108
3108
10
0
0
0
0
1047
3108
0
3108
0
861
0
0
631
0
0
0
0
0
0
97
0
1145
3108
3108
629
251
0
3108
766
0
327
3108
3108
0
932
0
3108
0
0
3108
773
0
3108
346
0
3108
0
3108
3108
0
3108
3108
493
972
861
3108
721
3108
3108
0
3108
0
3108
0
0
0
0
1097
0
3108
3108
357
454
1033
0
3108
0
2
0
1118
607
0
0
3108
3108
0
3108
0
0
0
3108
169
562
0
0
1070
525
0
1048
0
3108
3108
0
727
0
0
253
3108
1108
427
49
665
286
679
668
0
0
0
3108
0
610
0
887
0
0
0
445
3108
742
61
3108
967
3108
3108
1011
0
3108
0
0
0
1209
0
0
618
0
3108
3108
3108
0
234
3108
1093
0
3108
3108
1061
955
0
0
2335
332
0
0
3108
3108
3108
0
3108
3108
0
3108
0
0
3108
0
0
3108
3108
3108
785
0
3061
989
3108
0
0
6
3108
480
0
3108
692
0
3108
983
153
1020
0
1192
0
0
0
3108
299
431
0
971
1103
1100
3108
3108
3108
3108
6
0
3108
0
3108
3108
3108
3108
877
0
0
933
3108
0
0
3108
632
160
10
0
0
0
969
3108
915
3108
0
796
0
0
1094
0
3108
3108
3108
3108
0
0
3108
3108
0
0
3108
0
617
0
739
0
0
0
3108
3108
0
0
3108
574
907
3108
0
3108
0
3108
3108
0
0
27
0
3108
285
1200
0
943
0
3108
0
8
3108
0
0
0
0
0
3108
0
0
663
3108
123
0
1171
608
0
0
3108
0
1150
0
3108
0
0
196
0
0
0
3108
948
3108
962
0
0
0
3108
0
764
740
0
0
0
0
34
1140
0
0
3108
1089
0
0
3108
0
3108
208
127
0
0
641
1091
0
0
0
1109
3108
0
422
268
0
1221
0
0
0
0
3108
3108
3108
0
790
3108
856
0
0
3108
0
3108
3108
3108
3108
0
0
3108
0
0
0
1038
8
0
918
0
0
3108
3108
358
1055
3108
0
3108
46
3108
60
3108
0
3108
3108
0
3108
0
3108
0
599
507
0
0
10
3108
3108
0
0
0
0
3108
3108
0
3108
304
3108
1057
0
3108
318
3108
3
0
0
0
0
0
57
0
0
441
0
0
0
0
0
3108
0
404
3108
0
3108
0
198
0
3108
3108
0
0
183
488
496
0
0
364
877
0
0
830
0
0
3108
3108
0
0
3108
3108
0
1009
3108
41
0
3108
0
817
3108
0
0
0
3108
3108
0
1228
0
0
3108
3108
2538
1177
471
3108
0
0
348
0
1057
3108
3108
3
306
0
322
3108
3108
0
802
353
483
0
3108
3108
638
1030
6
802
3108
0
899
960
309
0
3108
378
0
0
363
0
0
1047
3108
1140
3108
3108
0
0
3108
0
0
3108
974
3108
0
893
3108
1144
1062
1169
3108
0
0
2
0
3108
1164
3108
0
3108
0
293
213
0
0
0
0
0
0
127
0
0
0
3108
0
3108
3108
0
0
817
0
0
133
765
0
0
1064
0
0
0
0
3108
353
567
0
3108
971
0
3108
0
0
3108
0
0
3108
0
3108
3108
0
3108
399
1140
887
0
3108
0
0
0
0
3108
3108
3108
1085
0
159
3108
778
0
444
96
0
3108
144
3108
3108
0
3108
0
0
3108
300
873
0
3108
3108
3108
0
3108
0
623
0
0
0
3108
0
1100
0
0
9
887
336
0
3108
0
0
0
0
99
0
1043
672
3108
3108
3108
0
0
0
0
154
0
0
0
0
3108
574
3108
3108
3108
435
204
0
3108
0
0
0
0
3108
1142
0
568
0
208
0
0
0
1049
367
0
0
0
0
0
0
3108
57
159
0
1208
0
0
0
958
0
0
3108
3108
3108
0
0
1104
0
127
0
1142
0
0
354
0
554
0
1234
0
3108
0
547
0
0
1218
3108
254
0
1032
0
0
0
1195
0
0
911
0
724
0
0
3108
0
1213
714
3108
3108
0
0
0
0
3108
0
3108
3108
0
0
173
0
0
1207
1128
0
290
676
0
3108
3108
618
3108
0
0
0
3108
0
0
0
0
3108
0
3108
1130
0
3108
757
3108
3108
0
789
0
380
0
0
0
0
0
3108
0
3108
0
0
0
1061
0
0
0
1058
0
980
0
0
0
0
3108
0
537
3108
0
801
0
3108
736
0
465
1037
3108
183
3108
0
3108
3108
3108
2162
0
0
0
3108
453
371
0
0
489
760
0
1241
3108
0
638
0
0
3108
0
3108
3108
0
649
0
0
211
1053
561
2
0
543
0
3108
176
0
3108
0
0
393
0
0
9
0
62
0
0
238
1009
3108
121
3108
0
3108
0
0
82
0
260
270
3108
659
3108
0
3108
3108
524
3108
326
0
0
284
3108
1243
0
787
0
0
3108
0
704
0
3108
561
0
3108
3108
3108
0
3108
1084
0
0
3108
3108
0
0
0
0
0
0
1092
3108
3108
407
0
414
1107
3108
0
0
3108
3108
0
3108
410
3108
0
1103
0
0
0
3108
319
0
0
3108
0
0
3108
3108
0
0
360
3108
717
0
0
0
702
0
3108
743
527
0
1158
0
404
3108
615
0
1022
0
0
0
0
0
3108
0
1146
0
492
0
0
8
0
3108
1100
3108
657
0
178
0
2866
0
582
752
472
3108
3108
949
0
0
0
0
0
0
0
3108
3108
0
3108
0
3108
3108
82
649
3108
3108
0
0
3108
0
0
0
0
1191
0
0
3108
34
0
3108
0
0
0
0
3108
1125
631
0
0
0
3108
0
0
0
139
0
0
0
716
0
0
1161
3108
0
0
3108
1225
182
3108
0
0
3108
538
616
507
3108
237
695
108
245
0
1114
0
0
0
0
0
3108
762
0
1170
3108
3108
540
3108
0
894
0
0
0
3108
3108
1226
536
0
458
31
3108
101
0
1129
0
3
0
3108
92
3108
0
3108
3108
6
0
0
0
0
244
0
3108
0
0
1236
0
235
1118
3108
614
3108
3108
0
3108
591
3108
3108
1109
3108
3108
0
3108
155
482
3108
0
0
3108
0
801
0
0
1164
3108
0
0
3108
1060
3108
3108
0
629
0
3108
3108
0
0
3108
339
0
0
0
3108
400
0
0
3108
0
3108
3108
0
0
3108
3108
674
289
1039
3108
81
0
0
0
975
3108
3108
287
267
3108
0
3108
36
0
3108
0
3108
0
0
0
0
967
3108
0
3011
0
297
0
0
0
3108
0
1220
415
956
0
3108
0
0
0
3108
0
3108
0
3108
0
58
0
0
1164
1069
0
0
0
0
257
0
64
1119
564
0
3108
0
3108
998
0
2
3108
1129
0
1139
3108
0
3108
0
0
3108
0
474
0
503
3108
3108
0
3108
3108
3108
0
1124
0
267
0
788
997
3108
3108
691
133
0
3108
0
669
0
3108
3108
0
0
0
3108
807
3108
0
3108
427
0
0
0
91
0
0
245
3108
0
92
0
0
0
3108
3108
0
186
833
0
0
3108
0
141
3108
0
3108
3108
3108
3108
111
0
0
0
3108
0
0
0
0
0
0
0
0
209
0
3108
0
1100
819
986
0
0
0
0
0
286
0
3108
3108
0
0
0
30
3108
811
0
3108
3108
1
0
531
1061
0
3108
0
301
0
0
0
0
0
0
943
0
559
3108
400
0
782
3108
0
3108
0
0
3108
3108
0
0
0
869
0
3108
3108
450
0
868
0
300
4
0
3108
0
979
0
0
902
0
659
0
0
0
0
446
1025
544
1217
3108
0
0
10
182
3108
452
0
0
0
0
3108
951
0
563
1003
3108
3108
0
3108
3108
0
3108
731
0
0
0
825
0
3108
0
3108
470
3108
3108
3108
3108
1119
0
1063
0
3108
727
0
0
318
0
0
3108
3108
923
781
0
3108
276
3108
3108
0
264
800
362
1006
0
0
3108
0
0
3108
764
0
385
393
3108
3108
1003
0
3108
730
368
0
0
0
0
3108
0
0
802
0
0
788
0
3108
1073
0
457
0
1241
0
474
3108
856
0
3108
0
665
0
0
0
167
0
1242
3108
562
3108
3108
808
3108
645
0
3108
0
0
1065
0
0
0
1216
822
281
0
3108
0
0
0
0
1067
584
3108
0
737
838
0
0
3108
0
0
863
0
0
1199
0
0
3108
3108
0
0
3108
3108
0
6
0
0
445
0
0
0
3108
0
202
0
227
3108
0
3108
0
168
3108
614
0
0
3108
3108
0
0
0
651
673
0
0
243
352
132
0
0
3108
3108
3108
1003
0
3108
0
0
0
500
0
0
0
0
0
4
3108
3108
7
0
267
0
0
0
10
431
0
250
0
0
3108
138
0
815
0
3108
3108
3108
1217
836
3108
884
3103
0
0
0
3108
0
3108
3108
1051
0
0
0
0
141
3108
512
0
954
3108
3108
3108
0
0
0
3108
0
0
3108
971
3108
0
983
0
3108
0
0
3108
1230
0
101
0
0
0
3108
3108
0
0
0
3108
0
3108
0
0
732
147
0
3108
0
0
3108
0
0
0
3108
0
0
3108
245
137
0
3108
0
0
0
911
1082
0
0
0
0
1041
144
0
3108
0
0
0
0
3108
3108
3108
1050
0
1134
0
3108
0
0
3108
0
3108
1093
3108
0
3108
0
3108
3108
0
3108
0
0
0
669
0
605
0
3108
0
3108
791
145
3108
3108
0
0
0
666
0
3108
3108
0
0
0
0
3108
3108
0
3108
3108
3108
3108
0
0
0
0
0
0
0
0
3108
0
0
3108
3108
0
792
507
10
3108
929
0
3108
3108
3108
3108
3108
3108
3108
0
3108
3108
0
1194
0
0
0
0
3108
912
3108
979
0
0
626
0
3108
0
3108
3108
0
3108
707
0
0
3108
0
3108
989
3108
402
538
210
0
0
0
0
0
905
620
0
3108
510
3108
115
134
424
267
3108
0
3108
242
812
170
0
3108
3108
1093
0
0
608
3108
781
3108
3108
0
3108
0
3108
3108
3108
3108
0
3108
345
0
646
0
0
942
0
0
0
113
286
8
0
0
107
0
0
0
3108
0
0
0
531
3108
0
0
3108
273
0
0
3108
0
3108
0
0
3108
448
0
598
3108
546
0
522
0
0
3108
0
1194
0
0
3108
8
0
3108
3108
0
224
3108
292
0
1009
0
0
0
3108
3108
0
3108
0
0
0
0
3108
3108
3108
0
3108
0
72
668
0
0
0
1067
377
0
0
478
3108
0
0
3108
184
4
941
0
3108
0
0
0
0
0
3108
576
0
0
0
447
638
0
3108
1189
6
3108
0
3108
572
189
0
495
477
3108
0
3108
1080
0
3108
1059
3108
547
0
0
3108
0
3108
3108
0
3108
3108
3108
1139
0
3108
1025
0
3108
566
0
3108
0
0
3108
150
0
0
0
0
0
0
0
0
3108
0
3108
0
3108
3108
883
410
2536
82
194
0
0
0
3108
99
0
598
3108
136
0
0
0
3108
3108
3108
3108
3108
3108
3108
1218
0
3108
3108
0
3108
3108
0
3108
0
3108
3108
3108
0
0
3108
276
0
3108
3108
0
3108
0
702
3108
0
0
0
0
0
0
1139
0
806
586
0
0
1177
863
801
0
86
0
0
2486
0
3108
1005
3108
0
0
0
387
0
603
3108
0
3108
201
3108
0
3108
3108
3108
0
0
11
0
1122
0
3108
0
0
0
0
994
0
0
0
3108
0
3108
3108
3108
0
0
386
0
0
0
621
839
1088
0
0
1070
0
0
104
397
1218
0
1093
0
0
2165
0
697
3108
3108
3108
10
828
0
0
0
869
0
3108
0
0
0
0
0
3108
3108
3108
0
0
1164
3108
0
3108
857
917
516
0
905
3108
3108
0
0
0
3108
754
0
0
0
1017
3108
679
413
991
279
10
0
3108
3108
0
0
0
1045
3108
0
0
0
3108
0
357
0
0
0
108
674
0
0
3108
1126
583
0
371
0
0
3108
1022
3108
46
0
0
3108
261
3108
3108
0
3108
780
0
0
1019
3108
126
784
3108
3108
0
0
2
555
652
0
301
0
352
549
0
391
0
837
340
111
0
0
0
3108
0
3108
0
187
0
792
0
3108
0
0
0
3108
1016
3108
0
674
0
3108
0
1037
0
0
3108
0
612
0
3108
0
608
3108
1147
82
0
3108
666
0
3108
0
3108
472
3108
1177
21
508
3108
0
535
0
3108
0
0
807
3108
3108
3108
0
0
0
3108
0
246
3108
0
0
3108
0
0
0
3108
1091
0
3108
531
103
0
3108
920
703
3108
1149
0
0
2479
0
0
0
0
210
3108
966
0
3108
22
554
0
0
3108
3108
0
0
3108
3108
196
1214
3108
0
3108
811
3108
0
1051
3108
3108
773
0
0
329
0
4
193
467
0
3108
331
0
524
0
489
0
0
0
3108
3108
0
0
826
0
0
0
403
0
766
123
0
0
3108
3108
3108
3108
0
3108
3108
0
3108
604
0
0
0
0
1972
0
3108
451
3108
0
0
482
0
0
0
0
883
3108
0
3108
3108
3108
3108
0
3108
0
0
3108
0
0
3108
0
3108
3108
1201
0
0
3108
0
0
3108
981
3108
798
0
3108
0
3108
0
0
0
3108
0
3108
3108
253
761
3108
3108
6
0
0
1175
0
0
0
249
121
4
135
403
3108
548
3108
0
0
1113
0
8
0
463
0
3108
0
3108
3108
0
86
0
730
0
0
92
3108
0
0
3108
3108
0
0
606
0
0
0
3108
0
3108
333
3108
0
3108
331
0
0
3108
3108
763
383
0
0
10
185
3108
3108
0
0
559
3108
3108
704
0
362
1216
0
0
815
0
843
870
235
3108
0
3108
0
0
0
0
0
0
349
3108
0
3108
0
0
3108
3108
0
3108
0
736
0
8
0
3108
0
3108
0
3108
134
0
3108
0
0
0
1218
0
3108
1020
0
0
0
842
3108
767
0
667
3108
0
988
42
0
3108
3108
3108
184
120
378
690
973
3108
3108
0
0
0
853
613
3108
28
0
0
0
0
3108
0
0
3108
0
3108
3108
3108
785
0
422
0
0
662
600
971
0
0
0
3108
3108
0
177
954
3108
0
0
3108
39
711
0
3108
224
0
0
3108
0
667
0
0
0
0
0
72
0
876
3108
151
98
0
798
3108
0
257
0
1099
3108
1209
670
0
0
853
0
0
0
3108
0
0
0
3108
291
0
257
0
0
310
69
3108
0
0
0
0
3108
0
0
0
190
287
1070
3108
1070
0
848
337
0
3108
3108
0
218
0
640
0
0
1019
0
0
3108
0
0
0
975
139
3108
528
972
0
0
3108
0
3108
0
0
0
3108
0
793
0
3108
0
1011
205
3108
16
3108
749
1007
0
922
0
0
3108
332
0
100
0
675
0
0
0
511
3108
3108
0
3108
0
0
0
0
0
0
3108
0
0
997
0
3108
0
0
0
3108
996
0
0
3108
0
0
0
3108
0
0
3108
3108
0
3108
3108
0
0
0
0
0
0
126
3108
3108
1210
0
3108
0
0
700
3108
1145
4
3108
0
0
0
3108
3108
3108
0
116
0
0
1177
3108
0
0
0
0
3108
1064
0
0
0
73
3108
3108
489
0
6
429
332
0
744
0
0
0
0
3108
0
0
0
0
3108
0
3108
3108
742
0
938
3108
844
0
3108
0
0
932
0
20
3108
3108
3108
3108
0
0
0
3108
489
3108
0
225
3108
0
0
3108
3108
3108
3108
299
0
504
0
3108
0
977
1148
3108
3108
0
0
887
0
3108
3108
3108
14
1127
0
0
917
0
3108
855
3108
0
0
367
3108
13
62
0
0
3108
0
3108
3108
764
0
0
0
3108
294
1212
0
3108
3108
10
3108
0
27
0
0
3108
0
0
3108
0
0
0
3108
720
0
387
3108
39
0
0
519
0
0
3108
2980
0
0
0
0
0
0
616
0
3108
0
2419
0
3108
3108
588
3108
41
776
0
244
0
0
373
0
390
3108
663
3108
8
0
0
3108
1182
0
3108
1069
0
3108
578
3108
0
153
0
0
414
0
0
0
0
0
3108
0
0
204
3108
0
3108
3108
0
379
3108
0
0
0
3108
0
3108
0
0
3108
0
3108
0
0
734
313
0
0
0
3108
3108
3108
982
3108
0
0
0
0
3108
180
0
3108
3108
236
725
0
3108
0
0
3108
0
0
3108
0
3108
3108
0
1074
0
1191
0
0
0
0
1224
0
3108
0
0
3108
3108
524
44
138
0
171
0
273
3108
3108
3108
0
0
3108
1094
0
0
3108
317
0
0
260
1008
375
3108
0
0
396
577
0
3108
0
0
3108
3108
3108
3108
0
0
3108
3108
281
0
0
1099
0
3108
3108
1041
0
0
0
0
0
3108
1170
0
0
218
519
0
0
0
0
1050
0
0
0
0
0
927
0
0
1204
3108
363
0
0
0
3108
3108
539
3108
661
0
0
3108
3108
0
0
136
0
0
1143
0
3108
0
328
0
3108
1118
0
0
3108
0
0
0
3108
3108
0
3108
0
492
0
826
3108
3108
0
980
531
0
0
909
0
3108
175
3108
0
0
0
0
0
436
0
289
997
3108
3108
3108
3108
0
3108
3108
3108
3108
427
3108
810
25
0
9
23
0
645
3108
0
0
3108
0
0
3108
0
0
0
3108
0
0
492
1201
571
0
130
0
352
1096
0
3108
3108
2324
504
0
0
1000
0
114
41
0
3108
0
0
172
3108
3108
0
0
0
3108
0
0
0
3108
3108
0
0
0
3108
0
3108
657
0
814
1186
869
825
0
0
465
3108
0
696
3108
1158
0
0
3108
3108
3108
0
0
0
0
1214
651
3108
1039
0
0
563
904
0
565
3108
0
0
0
3108
0
274
788
0
1004
717
3108
3108
1098
0
3108
3108
3108
810
0
0
10
2401
0
820
0
3108
717
0
0
3108
0
0
3108
3108
3108
3108
159
0
823
3108
0
122
0
3108
0
0
244
0
316
3108
0
3108
0
1083
0
0
3108
3108
0
371
0
0
0
0
1205
0
3108
1180
92
757
216
3108
3108
0
0
0
0
981
0
0
3108
0
0
0
3108
0
3108
3108
726
0
736
1028
0
3108
0
775
0
3108
3108
0
0
3108
3108
3108
3108
0
0
773
785
3108
0
3108
0
0
0
1061
0
0
433
402
0
3108
60
0
0
3108
3108
2849
0
541
2902
0
0
171
0
0
720
509
0
0
3108
0
3108
220
0
0
3108
0
3108
3108
1183
0
3108
772
0
3108
0
0
3108
0
917
3108
0
510
0
0
375
0
0
0
0
3108
0
3108
3108
0
1125
228
3108
559
3108
0
3108
0
899
3108
0
0
3108
0
0
0
0
227
0
0
3108
3108
0
3108
0
0
0
0
194
287
0
0
3108
0
397
0
0
0
0
0
3108
130
3108
3108
0
344
0
0
0
141
3108
3108
3108
2
0
544
0
0
0
0
29
3108
782
3108
1202
0
3108
1155
0
0
0
492
0
435
201
3108
0
808
0
0
0
958
3108
511
650
0
0
3108
0
3108
3108
3108
1193
5
0
3108
0
101
3108
0
0
674
0
294
219
3108
844
635
0
2544
0
0
641
3108
1171
197
3108
0
178
0
3108
876
0
3108
1
1132
0
3108
3108
455
0
0
0
3108
987
0
3108
511
3108
1236
0
3108
311
562
0
830
593
0
0
0
353
0
3108
0
3108
0
329
3108
216
3108
615
0
0
0
975
606
3108
0
0
0
922
0
3108
0
3108
3108
156
3108
3108
3108
3108
829
764
3108
0
0
0
375
0
0
3108
3108
0
0
1039
962
0
0
920
3108
0
8
3108
888
3108
0
0
0
3108
3108
655
0
0
0
3108
0
942
3108
0
904
1181
0
334
0
806
0
362
3108
0
841
0
0
982
0
8
3108
726
576
568
0
0
6
3108
0
3108
0
528
3108
0
3108
0
999
0
0
0
908
3108
530
0
3108
4
766
106
0
0
3108
0
3108
78
68
0
0
0
1072
0
3108
1122
0
3108
0
3108
0
3108
870
0
0
0
1040
0
0
0
3108
495
0
0
456
0
3108
153
838
0
3108
2468
0
0
583
0
3108
0
1173
0
170
3108
3108
0
0
159
3108
3108
3108
3108
3108
0
295
0
0
3108
0
3108
75
3108
3108
3108
3108
0
417
375
0
0
0
0
652
3108
748
0
0
0
3108
0
516
1095
3108
2666
0
3108
0
3108
0
0
3108
337
0
1063
50
327
0
0
0
0
0
3108
3108
0
0
167
0
0
2528
3108
3108
3108
0
6
993
0
0
0
3108
336
3108
3108
0
3108
314
0
3
3108
0
583
100
0
246
0
3108
0
3108
951
0
0
0
658
0
204
3108
3108
3108
0
69
3108
3108
0
3108
3108
0
0
3108
0
0
1080
0
0
3108
3108
4
0
1225
617
365
3108
454
3108
504
0
3108
470
863
0
0
0
0
0
3108
126
0
3108
0
52
129
0
3108
846
0
122
3108
3108
3022
3108
1228
0
0
0
471
3108
3108
1027
1097
3108
0
1126
3108
841
0
0
0
0
1089
197
62
3108
3108
0
719
0
3108
731
0
0
0
0
33
3108
0
3108
1125
0
0
3108
0
3108
0
10
0
0
3108
0
0
0
0
0
0
3108
359
612
3108
0
92
0
3108
0
3108
3108
3108
251
3108
10
0
0
3108
0
3108
3108
0
0
0
0
3108
3108
3108
0
0
463
3108
0
166
0
0
799
0
3108
3108
3108
3108
384
0
1099
3108
1020
3108
0
1178
0
857
0
829
0
3108
1238
3108
3108
377
0
3108
3108
567
0
3108
3108
0
3108
2527
0
3108
416
0
3108
924
0
0
433
1243
0
867
745
785
3108
3108
0
1191
1026
0
3108
0
3108
3108
804
0
0
0
1030
0
3108
3108
3108
2
717
3108
3108
19
855
3108
3108
3108
0
303
3108
602
0
0
518
0
0
3108
54
0
0
244
0
3108
962
3108
0
0
0
3108
0
1952
0
0
0
0
755
0
730
0
772
3108
3108
0
937
595
3108
3108
3108
566
107
3108
885
0
0
947
3108
0
1099
3108
1107
468
998
0
859
3108
260
1071
0
3108
0
1243
142
0
3108
916
567
0
1035
0
0
0
0
3108
3108
1242
0
317
0
0
3108
701
0
3108
966
0
3108
566
0
0
0
700
319
0
1033
1228
3108
0
0
0
750
0
3108
0
3108
296
0
0
1054
974
0
3108
1150
854
0
3108
0
1121
0
1025
0
3108
0
3108
3108
0
8
0
3108
1194
0
0
0
0
1086
3108
0
0
3108
851
0
201
0
0
0
230
122
622
0
11
0
616
0
0
631
0
0
3108
0
0
3108
3108
3108
3108
0
409
3108
0
156
0
0
0
3108
0
259
3108
3108
1179
0
0
3108
3108
452
3108
299
1007
3108
3108
0
3108
0
218
0
3108
0
3108
1243
0
0
326
154
0
0
0
594
0
0
0
1131
0
3108
3108
3108
0
3108
128
0
452
0
3108
3108
0
3108
3108
0
3108
3108
0
710
0
0
0
404
0
3108
3108
3108
0
0
0
3108
0
1104
0
0
521
3108
3108
0
0
3108
318
0
2486
0
0
23
676
3108
0
3108
511
1135
0
0
0
626
0
995
0
3108
0
408
0
3108
531
97
0
0
0
0
0
3108
0
3108
0
0
371
374
0
890
1213
0
0
0
0
0
196
924
254
0
3108
0
0
0
0
0
0
3108
0
0
3108
0
3108
0
0
3108
3108
3108
458
276
785
0
356
0
3108
3108
0
0
4
0
3108
0
0
3108
3108
0
354
0
3108
0
712
3108
3108
334
0
0
588
3108
0
124
0
1210
3108
505
273
0
0
266
0
3108
3108
3108
3108
875
0
0
0
1118
0
3108
0
0
276
3108
0
566
535
0
600
0
0
5
0
3108
0
3108
3108
1046
894
10
0
0
0
3108
3108
0
0
303
0
0
3108
0
0
680
0
0
443
3108
0
193
0
1018
0
998
0
0
0
0
3108
3108
3108
0
0
1225
3108
0
3108
0
3108
3108
703
0
0
0
0
3108
3108
635
6
0
0
0
0
0
595
0
0
3108
591
0
0
202
0
0
0
3108
3108
711
0
0
272
8
648
512
985
777
0
0
700
0
0
108
0
3108
0
3108
816
0
3108
809
0
6
0
3108
1003
0
3108
3108
894
0
0
314
3108
0
0
0
591
0
395
0
0
268
916
0
0
0
3108
3108
0
0
905
0
448
0
0
652
0
3108
3108
0
3108
3108
3108
0
0
0
3108
0
0
3108
0
0
0
3108
0
64
3108
3108
289
3108
5
0
363
0
0
879
0
0
3108
0
0
3108
0
0
3108
3108
3108
0
1050
0
0
1179
0
3108
186
0
3108
0
0
0
3108
3108
345
879
0
0
928
3108
0
0
1082
0
602
0
3108
0
168
3108
874
0
3108
3108
0
0
568
0
3108
0
0
402
3108
536
3108
200
3108
0
3108
0
0
3108
3108
0
0
113
0
1209
0
3108
114
0
3108
3108
203
0
674
0
0
0
3108
0
346
0
3108
3108
3108
972
0
0
3108
3108
0
0
0
958
3108
3108
3108
3108
3108
0
3108
3108
0
337
0
0
835
0
2342
368
0
3108
0
0
3108
3108
0
3108
434
0
3108
319
0
0
3108
0
919
0
353
0
568
3108
3108
3108
0
0
3108
3108
299
0
678
1237
3108
0
0
0
3108
3108
0
0
0
3108
0
3108
3108
0
770
554
0
3108
3108
3108
0
163
3108
1101
923
3108
0
0
0
3108
1187
3108
3108
0
0
462
0
431
1134
3108
3108
3108
0
3108
1141
0
3108
0
4
1142
0
0
3108
0
0
0
0
3108
0
3108
126
1111
1236
235
0
3108
0
3108
0
0
0
0
1241
1087
1057
0
992
0
0
0
0
3108
0
3108
53
0
0
0
126
724
3108
96
3108
3108
3108
521
149
81
3108
0
255
638
8
0
0
0
3108
0
0
3108
3108
0
718
0
3108
3108
0
3108
51
1197
0
0
0
996
0
3108
0
3108
41
629
210
172
107
3108
3108
3108
0
845
1077
0
2790
781
3108
0
3108
1240
0
978
155
0
0
0
1025
1127
3108
948
579
982
0
0
0
3108
3108
0
3108
0
0
3108
3108
3108
0
0
0
0
634
0
0
3108
1195
0
0
2721
0
3108
0
0
3108
3108
0
0
566
214
0
518
3108
538
0
0
353
870
0
0
1030
929
0
257
0
2
0
1151
0
3108
1074
0
0
3108
321
0
565
0
0
3108
0
1013
0
0
0
0
0
3108
0
261
0
156
274
0
3108
365
3108
0
8
278
0
595
3108
3108
56
0
3108
3108
0
346
3108
0
93
3108
558
0
4
441
201
0
96
1232
0
3108
3108
3108
1053
107
3108
0
8
445
0
960
0
0
581
0
0
0
3108
0
0
494
0
3108
3108
0
585
0
524
0
147
618
982
0
0
21
0
643
1050
735
0
3108
0
404
0
3108
786
0
0
0
3108
3108
209
3108
3108
912
3108
3108
0
0
0
0
918
0
949
0
0
3108
1235
706
0
3108
413
0
0
0
0
0
474
0
95
0
3108
0
0
3108
0
0
0
0
0
0
585
0
0
0
3108
249
3108
461
0
0
3108
1022
947
1195
0
0
294
0
3108
3108
0
0
3108
0
3108
3108
0
0
0
0
825
0
0
3108
3108
1124
3108
0
0
0
3108
3108
3108
194
854
0
3108
8
425
0
344
0
3108
8
0
3108
0
35
3108
3108
58
0
1061
0
3108
3108
0
1018
0
0
0
0
0
0
0
3108
0
0
3108
0
75
1016
1078
0
0
0
0
2710
0
0
0
0
0
65
0
0
3108
0
382
0
756
0
2
3108
0
0
3108
461
3108
0
0
385
333
0
3108
0
3108
3108
3108
0
2470
3108
10
0
272
0
3108
1166
0
0
0
0
0
3108
3108
0
3108
3108
0
3108
0
0
876
0
3108
3108
0
0
256
3108
442
279
0
3108
0
0
0
0
3108
693
3108
3108
3108
1211
349
1074
0
3108
1204
3108
0
0
553
3108
0
0
3108
0
3108
3108
3108
1105
0
3108
0
3108
3108
0
0
0
746
3108
494
0
0
0
0
3108
0
0
3108
548
3108
0
0
562
0
0
3108
0
3108
3108
124
0
0
0
10
916
687
123
1105
0
0
921
0
1218
0
0
0
3108
439
3108
3108
3108
0
0
707
1173
451
0
784
125
0
3108
3108
1064
0
1036
0
3108
0
3108
983
1050
0
3108
3108
3108
98
0
0
3108
803
0
0
8
531
0
325
537
0
766
868
0
775
0
679
0
3108
3108
3108
0
260
3108
65
111
3108
3108
0
427
0
1048
0
0
55
3108
838
3108
0
0
416
3108
0
220
3108
0
0
0
613
0
0
0
177
0
813
0
353
0
236
3108
0
3108
783
0
3108
3108
0
0
0
0
474
129
0
3108
0
0
0
6
3108
65
3108
0
3108
0
3108
3108
0
0
3108
3108
0
318
734
3108
0
3108
10
0
0
3108
3108
3108
0
0
0
3108
614
0
0
0
1135
0
0
0
642
0
3108
3108
3108
0
0
0
3108
0
0
330
505
3108
0
3108
3108
3108
0
0
3108
0
3108
361
0
752
0
3108
0
0
874
747
22
0
6
0
0
3108
417
3108
314
3108
0
1041
0
1197
0
3108
0
3108
3108
2
0
290
0
0
3108
0
1048
0
629
10
0
280
383
3108
0
3108
3108
771
724
4
3108
3108
3108
3108
0
3108
3108
0
0
3108
735
3108
0
3108
853
3108
3108
3108
3108
2
0
0
3108
3108
666
0
213
0
539
467
0
3108
3108
0
3108
818
173
0
3108
0
0
0
0
102
0
0
889
736
0
0
0
0
3108
0
0
0
3108
0
0
0
3108
3108
238
391
0
0
3108
0
0
675
474
262
999
0
149
0
0
3108
0
0
584
0
849
470
965
3108
0
940
0
0
441
560
3108
3108
1177
0
0
667
0
134
0
439
0
0
3108
297
0
961
0
0
3108
3108
0
0
0
0
3108
3108
0
0
3108
0
3108
0
0
3108
0
1194
3108
3108
0
3108
0
3108
0
0
414
0
914
0
0
695
594
0
670
273
0
210
3108
3108
742
1060
713
3108
3108
3108
626
203
0
681
0
0
625
0
0
3108
3108
0
0
0
3108
563
848
3108
0
0
0
958
0
0
729
3108
0
724
1196
3108
247
773
159
3108
0
3108
0
3108
329
3108
0
0
3108
687
840
3108
3108
3108
0
0
1189
2
106
3108
0
129
0
2
0
3108
54
373
0
3108
866
3108
3108
504
3108
3108
0
0
3108
1124
0
0
176
392
562
3108
0
0
3108
0
793
573
3108
303
3108
0
3108
71
0
1106
0
824
0
1220
1181
85
468
0
2
0
496
0
3108
0
0
3108
77
908
1033
0
0
0
789
0
3108
0
0
0
0
3108
0
627
0
0
39
0
0
3108
0
0
0
65
0
0
673
0
3108
711
0
952
3030
0
1224
3108
0
153
3108
3108
202
0
0
704
0
3108
3108
0
3108
227
0
0
3108
1234
294
205
0
3108
0
0
417
3108
1
3108
209
3108
452
228
697
0
3108
3108
899
3108
0
0
855
3108
646
0
3108
0
0
0
0
385
0
3108
0
0
738
1221
3108
210
843
477
3108
3108
0
0
3108
947
973
0
3108
3108
466
51
0
3108
3108
0
0
472
0
658
3108
0
3108
3108
392
496
0
0
0
0
3108
0
3108
977
0
1164
3108
1033
2321
3108
128
0
0
693
738
0
0
0
3108
0
0
0
766
3108
0
3108
0
0
971
1154
0
697
322
0
80
1024
3108
0
3108
3108
0
0
0
1017
0
5
0
0
1056
0
0
615
0
3108
3108
423
0
975
0
0
707
0
251
0
3108
847
0
3108
437
0
169
0
389
3108
959
0
0
0
0
0
3108
1180
716
1234
3108
0
553
3108
3108
658
1059
3108
0
6
0
843
1128
670
0
3108
0
0
0
0
141
0
825
3108
0
52
0
61
0
0
0
794
0
3108
243
308
0
0
0
0
0
543
3108
684
3108
0
0
3108
3108
3108
3108
3108
0
504
1210
377
0
0
0
0
0
0
46
667
440
3108
716
0
1115
3108
3108
0
958
0
1099
0
0
0
3108
0
967
3108
3108
0
0
3108
0
47
0
0
0
1159
3108
749
3108
3108
898
0
0
0
0
0
0
0
3108
3108
0
497
0
0
3108
638
0
0
388
0
0
3108
0
0
0
0
0
950
899
0
856
3108
0
3108
846
0
0
0
0
0
0
0
3108
750
0
3108
0
3108
0
3108
3108
0
3108
3108
0
0
3108
871
705
3108
3108
0
3108
0
3108
963
3108
3108
3108
0
0
3108
867
698
1124
0
393
0
3108
0
1168
3108
0
1081
0
0
1154
0
0
3108
1077
0
0
0
3108
3108
3108
1138
3108
1186
0
0
0
3108
167
0
0
0
0
0
205
0
3108
0
0
594
1126
3108
3108
1005
3108
3108
0
0
3108
626
0
10
0
0
3108
3108
3108
3108
3108
705
482
0
3108
998
0
0
3108
987
0
4
226
0
0
875
0
0
3108
488
3108
23
0
769
260
3108
0
1115
910
0
346
3108
0
3108
3108
3108
211
942
0
0
759
3108
3108
1041
0
3108
50
0
430
3108
3108
3108
3108
3108
1182
43
3108
35
0
76
0
0
824
0
0
383
0
3108
3108
3108
3108
738
0
751
0
419
3108
0
3108
0
3108
3108
3108
8
3108
3108
3108
0
0
3108
0
3108
1200
0
3108
248
0
0
3108
0
930
3108
0
0
0
602
0
922
0
0
0
520
0
0
3108
0
3108
0
0
3108
0
3108
465
0
3108
1066
415
0
0
3108
0
0
0
0
733
3108
281
0
458
0
0
3108
0
0
3108
3108
0
0
3108
910
0
3108
502
0
3108
2594
0
0
0
0
3108
843
3108
421
0
3108
3108
3108
939
805
0
0
0
448
0
0
3108
0
0
0
781
0
3108
0
789
13
918
0
0
3108
3108
0
0
0
0
596
0
3108
3108
0
3108
3108
1181
0
0
0
0
0
0
0
1234
3108
187
3108
0
0
3108
0
0
0
0
0
930
0
486
0
3108
0
0
753
394
298
3108
1197
0
8
0
0
0
1034
0
0
0
1036
0
3108
197
0
0
0
0
1234
3108
0
6
314
0
0
0
3108
3108
1
3108
0
3108
286
393
1094
3108
3108
0
0
283
3108
3108
1057
0
0
0
695
0
429
3108
0
3108
929
104
3108
0
177
3108
369
0
3108
0
245
0
3108
3108
0
3108
694
3108
842
0
3108
0
334
0
6
0
0
3108
808
0
3108
0
0
0
141
0
124
69
3108
3108
0
579
3108
3108
3108
1217
29
3108
1151
0
0
3108
0
0
3108
958
857
0
0
67
0
483
0
0
771
0
3108
0
3108
475
913
3108
0
3108
3108
3108
0
0
0
154
0
68
3108
0
0
0
3108
382
3108
0
3108
3108
3108
0
201
1231
0
0
0
0
3108
3108
0
3108
0
0
3108
3108
85
574
824
3108
0
0
0
3108
0
3108
0
3108
1008
0
825
3108
0
0
0
0
0
157
0
0
3108
3108
0
203
255
0
55
173
0
553
831
0
371
0
3108
3108
1181
3108
0
3108
3047
0
3108
425
0
0
0
0
3108
0
3108
3108
3108
3108
0
41
3108
0
3108
0
653
0
0
3108
3108
3108
3032
0
0
0
0
3108
3035
1230
3108
102
3108
3108
0
3108
3108
4
362
0
2514
3108
3108
0
908
3108
897
206
0
0
0
2138
0
639
0
0
0
0
0
3108
674
0
3073
1005
0
843
3108
0
3108
0
623
3108
0
0
1182
0
3108
3108
0
994
0
3108
3108
0
552
0
3108
3
3108
0
3108
3108
0
0
3108
0
3108
3108
0
1235
3108
533
0
946
0
3108
10
0
579
3108
0
0
1167
0
758
0
3108
0
0
296
3108
3108
3108
0
0
0
3108
3108
0
3108
0
169
564
3108
0
3108
3108
3108
0
885
0
774
3108
0
3108
370
0
0
410
0
66
3108
0
0
817
0
654
263
0
2396
0
0
0
0
0
0
1022
0
1244
3108
0
0
0
0
0
490
3108
0
0
0
0
375
1098
0
0
206
559
0
0
3108
0
492
0
0
3108
0
0
0
0
0
0
3108
3108
3108
3108
3108
41
3108
0
3108
3108
889
0
1051
0
0
3108
0
3108
68
333
1013
3108
0
0
3108
0
0
0
0
865
0
3108
0
0
0
439
0
3108
0
368
0
0
3108
0
396
807
691
0
3108
0
3108
3108
3108
3108
3108
219
0
543
0
722
0
0
0
3108
3108
0
0
894
0
0
0
3108
3108
0
815
1060
1165
0
3108
3108
3108
1026
3108
0
1098
0
0
0
0
0
3108
3108
0
0
0
3108
3108
37
596
0
750
0
0
0
3
1229
0
0
0
519
0
3108
0
3108
605
3108
3108
3108
110
3108
0
3108
3108
298
0
0
0
0
3108
3108
0
3108
0
0
3108
0
0
3108
2166
3108
3108
0
0
3108
406
3108
0
706
351
3108
3108
0
0
125
0
559
0
316
0
130
0
0
900
156
3108
0
0
0
3108
0
0
3108
0
3108
1220
3108
0
0
3108
0
884
0
3108
1117
170
2874
3108
3108
632
3108
0
3108
494
3108
0
0
3108
3108
1004
3108
3108
13
0
0
0
825
3108
620
3108
1203
0
3108
0
0
519
0
1120
0
0
0
0
3108
0
3108
717
0
1072
0
3108
3108
3108
833
0
0
0
600
3108
866
3108
3108
3108
0
3108
3108
960
0
3108
3108
0
0
3108
556
3108
3108
0
561
0
0
0
1136
0
0
0
0
325
3108
3108
119
668
0
0
1196
3108
949
360
3108
3108
3108
370
916
3108
898
0
171
0
814
0
3108
0
937
403
274
3108
0
0
3108
0
89
333
0
0
0
3108
0
435
0
3108
609
0
3108
3108
3108
3108
0
655
182
4
0
3108
231
0
0
3108
3108
543
0
925
0
0
3108
12
0
0
3108
185
1042
1120
0
831
0
3108
3108
0
0
3108
175
418
1050
0
3108
437
6
536
403
3108
0
300
0
704
447
3108
3108
808
3108
2443
0
3108
0
3108
901
3108
0
813
0
3108
0
200
0
3108
0
0
0
0
3108
3108
0
0
0
3108
3108
0
3108
3108
0
3108
3108
0
3108
0
862
0
0
3108
0
3108
0
473
0
563
120
0
0
1207
751
240
3108
3108
0
0
3108
586
3108
187
0
0
1147
3108
3108
4
3108
2955
268
0
651
3108
6
10
3108
0
3108
3108
0
3108
885
0
0
3108
985
954
269
3108
795
0
3108
0
0
0
3108
1078
3108
0
0
0
3108
718
2947
0
0
233
0
3108
3108
611
2
0
0
3108
244
0
681
3108
3108
47
0
0
0
3108
3108
1143
260
0
34
3108
299
0
0
411
0
91
3108
989
3108
3108
180
3108
0
3108
0
0
409
1214
0
3108
0
0
0
3108
3108
3108
701
3108
3108
286
0
0
0
3108
3108
0
3108
110
507
0
260
562
0
0
127
595
0
0
3108
0
3108
0
0
1126
0
0
3108
3108
3108
0
644
1189
0
3108
0
409
0
3108
0
0
315
173
3108
1017
908
0
3108
3108
3108
0
3108
0
0
0
0
756
0
69
606
0
537
3108
0
36
0
0
3108
830
0
3108
17
3108
3108
3108
497
999
3108
793
0
3108
0
738
0
182
0
1206
0
908
431
0
3108
859
0
0
3108
0
0
0
24
414
0
191
385
3108
3108
0
3108
0
3108
0
0
3108
1035
720
68
0
3108
0
143
3108
0
339
1121
0
0
0
802
1189
0
0
3108
0
3108
0
30
0
1104
0
0
902
0
0
3108
0
3108
0
174
3108
0
3108
6
1047
138
228
0
3108
3108
3108
3108
3108
1154
3108
3108
1107
0
973
0
361
382
1189
1170
3108
0
3108
0
0
0
0
3108
3108
3108
0
82
3108
0
971
0
250
0
0
0
0
988
0
3108
0
0
0
3108
0
3108
3108
3108
0
3108
57
154
3108
0
616
0
27
3108
3108
1147
0
0
3108
974
3108
0
0
605
0
0
1137
227
3108
1180
3108
877
3108
3108
0
698
3108
665
0
912
0
0
0
0
1061
3008
142
842
0
3108
0
3108
0
298
0
3108
0
0
0
0
611
0
0
0
3108
0
1057
0
0
0
800
0
0
0
0
125
0
904
69
0
0
3108
0
0
0
0
3108
3108
3108
0
0
195
0
427
0
747
852
208
0
3108
0
0
597
19
3108
0
0
0
0
3108
0
0
706
0
0
3108
3108
0
3108
0
591
0
3108
0
238
0
0
0
3108
0
499
0
3108
0
0
0
0
0
3108
3108
3108
16
3108
3108
3108
0
0
0
3108
0
3108
3108
3108
3108
0
526
3108
0
533
3108
45
0
0
0
3108
3108
0
479
0
272
0
0
3108
0
0
0
3108
1182
90
218
0
3108
0
3108
164
0
3108
3108
0
806
518
0
3108
458
0
995
654
0
10
3108
0
3108
3108
0
639
0
0
0
3108
3108
0
0
3108
947
125
0
332
0
0
578
3108
3108
407
3108
0
0
0
1233
0
0
1003
0
0
286
340
3108
0
309
0
10
0
121
551
0
0
3108
3108
3108
3108
3108
3108
3108
90
0
819
0
3108
3108
3108
3108
0
0
0
1238
0
685
29
306
0
0
0
0
0
301
0
3108
323
0
0
213
230
0
3108
901
0
0
3108
72
0
3108
0
0
0
0
635
0
0
0
0
697
0
936
511
939
3108
0
0
0
3108
0
0
10
0
0
3108
3108
373
0
0
0
0
3108
879
0
533
3108
1143
0
0
1132
0
0
3108
946
0
283
3108
3108
0
567
3108
3108
736
3108
692
287
3108
1240
0
1139
0
0
0
2
2634
3108
68
0
3108
2373
0
1125
0
1239
0
0
987
47
3108
0
0
250
0
0
0
3108
3108
3108
622
0
3108
3108
3108
0
3108
271
0
0
0
418
0
395
0
3108
560
549
268
0
1023
0
525
3108
3108
972
0
649
1064
488
0
0
0
3108
3108
999
8
0
3108
0
3108
120
3108
0
625
876
0
3108
582
0
3108
3108
3108
2858
0
465
0
65
0
3108
3108
0
602
0
3108
639
0
0
0
3108
0
3108
3108
3108
3108
3108
406
3108
3108
3108
0
0
3108
3108
3108
0
0
3108
652
0
3108
3108
0
127
3108
657
3108
472
0
0
0
0
0
647
3108
125
927
3108
1215
402
373
881
0
3108
0
394
0
953
0
3104
0
1117
1191
0
3108
0
0
0
3108
395
964
0
864
3108
0
0
3108
0
0
0
1019
0
0
0
0
950
0
297
3108
3108
3108
0
323
0
1061
1182
667
0
3108
0
0
3108
3108
125
89
0
0
0
0
0
3108
842
730
0
0
1033
3108
3108
0
234
0
0
603
0
0
11
424
0
0
1131
0
0
3108
3108
0
0
409
0
3108
3108
0
0
0
3108
0
0
3108
0
0
476
3108
3108
3108
3108
3108
366
3108
0
0
853
0
3108
549
0
3108
0
3108
0
104
0
3108
1134
885
4
0
0
3108
0
1105
0
0
0
0
0
3108
3108
366
3108
3108
0
0
671
181
0
0
0
3108
3108
3108
905
538
3108
3108
3108
129
3108
3108
0
3108
3108
3108
0
3108
0
0
3108
0
3108
1044
2945
3108
3108
3108
0
0
409
0
0
0
0
0
0
3108
0
3108
0
3108
0
891
0
3108
0
3108
0
0
0
3108
0
3108
0
0
0
639
558
0
0
0
0
3108
3107
515
0
667
446
0
0
0
3108
3108
0
0
560
0
1226
0
0
3108
3108
3108
3108
0
0
3108
0
0
1237
0
0
0
492
0
1006
0
901
3108
0
527
0
3108
18
201
3108
0
1217
3108
3108
1104
0
1206
3108
3108
0
0
703
3108
3108
3108
231
3108
3108
0
0
3108
3108
0
344
0
3108
575
0
0
3108
0
0
3108
3108
0
3108
1191
0
3108
3108
3108
389
0
879
0
0
0
598
0
3108
638
0
3108
0
723
0
3108
173
0
100
58
3108
0
0
3108
827
3108
0
0
0
3108
139
3108
1160
66
4
3108
3108
0
3108
359
0
279
0
1026
3108
0
0
594
3108
0
654
0
946
0
144
512
0
1195
3108
985
0
3108
732
0
0
3108
0
3108
140
3108
3108
3108
0
3108
0
1166
3108
0
397
0
3108
0
0
3108
3108
0
0
0
0
3108
3108
3108
0
423
0
3108
3108
3108
785
3108
1053
0
3108
3108
3108
0
0
0
0
3108
967
0
0
3108
0
0
3108
3108
1038
3108
0
659
0
724
0
3108
686
0
3108
2678
3108
0
0
602
0
3108
164
583
0
0
196
3108
3108
837
0
0
3108
3108
0
3108
0
3108
3108
3108
609
0
3108
0
3108
18
460
3108
0
532
3108
180
3108
0
272
3108
0
0
0
3108
1150
3108
950
0
793
2698
0
0
3108
159
3108
414
3108
3108
3108
3108
0
0
3108
3108
859
0
62
0
3108
1157
0
693
989
0
0
3108
3108
0
0
3108
3108
55
0
3108
3108
3108
3108
511
624
583
1077
4
3108
3108
3108
0
3108
3108
0
0
0
0
3108
0
0
1206
0
698
3108
0
0
3108
323
3108
394
0
0
3108
0
3108
3108
0
379
3108
0
340
0
3108
0
514
480
0
336
1194
71
0
234
0
0
0
449
3108
293
6
308
0
0
0
0
554
646
3108
1015
0
3108
0
0
238
0
0
0
304
0
0
162
3108
0
3108
3108
0
3108
0
71
0
0
3108
456
0
1222
0
544
0
10
0
3108
3108
3108
3108
207
3108
0
358
3108
0
1090
0
924
0
0
938
3108
3108
0
3108
3108
1214
0
0
0
0
0
0
0
445
3108
666
0
131
3108
3108
0
3108
0
0
3108
3108
3108
0
3108
3108
3108
0
914
0
238
0
3108
656
381
367
0
984
3108
1218
3108
0
3108
630
3108
0
0
527
150
0
0
0
3108
117
3108
3108
0
3108
0
0
0
0
0
3108
3108
3108
3108
420
0
3108
3108
0
0
0
3108
989
724
1087
77
0
0
3108
0
3108
0
3108
0
3108
0
0
3108
3108
0
3108
0
0
0
3108
3108
428
0
0
3108
117
0
861
0
3108
336
158
3108
0
161
0
3108
591
3108
0
3108
3108
1024
3108
0
0
980
0
320
0
152
3108
0
3108
674
3108
3108
0
3108
3108
3108
3108
3108
3108
0
0
0
3108
0
3108
0
3108
3108
0
3108
3108
401
3108
501
513
0
148
3108
0
163
3108
3108
3108
940
0
0
0
0
3108
135
0
0
3108
0
3108
0
578
0
3108
713
0
401
0
0
0
0
0
3108
2618
591
3108
0
0
0
643
1150
3108
3108
70
3108
3108
3108
3108
3108
0
203
7
0
302
0
0
125
0
0
3108
0
2
0
3108
997
0
270
38
3108
0
0
0
3108
0
3108
3108
0
466
1007
1014
1020
3108
0
155
736
0
0
0
3108
0
0
0
480
0
3108
0
0
0
3108
3108
3108
0
163
94
899
907
0
978
0
3108
0
965
0
277
0
0
0
3108
761
121
3108
531
3108
1016
921
3108
504
3108
1195
3108
3108
0
3108
6
0
833
0
617
75
200
0
0
235
3108
0
89
3108
3108
0
0
0
0
3108
3108
3108
0
0
0
0
3108
0
0
3108
0
409
292
0
3108
0
0
3108
506
0
677
0
0
3108
0
0
934
0
447
0
0
2
3108
379
0
0
0
0
0
0
236
3108
0
3108
619
3108
0
392
0
0
0
3108
0
23
3108
0
51
547
3108
409
3108
0
0
3108
3108
0
0
3108
0
872
347
0
3108
0
3108
3108
0
0
461
1108
0
196
0
0
0
10
0
1094
0
0
309
0
1196
0
8
0
0
3108
1034
511
0
409
3108
0
0
423
0
915
3108
0
3108
1154
499
1235
1024
0
679
3108
0
0
711
3108
0
3108
0
674
0
0
0
1049
0
393
0
268
0
0
11
0
0
0
0
0
0
0
3108
459
0
850
825
0
0
199
552
0
0
638
3108
0
3108
0
0
0
535
0
0
0
0
3108
591
0
1135
133
2905
3108
3108
0
3108
0
624
0
0
3108
0
0
0
0
0
0
3108
65
1231
3108
0
357
0
0
0
0
0
8
0
2718
0
784
0
1187
0
0
3108
352
3108
0
787
606
0
3108
0
0
791
241
0
0
6
0
0
3108
3108
3108
363
582
0
349
209
0
1136
1183
0
0
3108
760
0
156
3108
706
0
3108
871
722
0
3108
797
0
0
1177
1013
813
3108
0
169
3108
3108
0
0
0
3108
0
779
0
1212
0
3108
3108
0
3108
0
3108
0
0
439
3108
0
3108
0
0
0
693
0
1156
0
0
262
395
0
618
3108
740
3108
283
0
3108
0
915
640
0
3108
3108
3108
3108
3108
791
0
0
0
0
3108
3108
262
0
1052
740
282
0
470
3108
0
0
0
3108
2169
483
983
0
803
0
3108
0
374
0
0
3108
0
3108
0
3108
0
3108
0
3108
0
0
21
0
3108
3108
46
1096
0
0
0
0
44
0
963
158
405
0
508
270
0
3108
3108
0
3108
336
0
877
3108
3108
0
8
475
0
3108
0
10
1216
0
3108
3108
0
2
0
600
0
0
3108
0
772
0
3108
3108
0
1057
0
0
14
0
0
613
3108
3108
147
194
1222
0
0
0
0
3108
878
0
492
0
0
0
909
3108
0
165
0
0
798
1008
3
0
3108
0
1210
28
971
1235
0
3108
0
3108
0
3108
3108
0
2
0
635
299
0
0
3108
3108
3108
0
816
713
0
330
0
0
3108
298
0
0
3108
3108
0
27
330
0
3108
3108
0
0
0
0
0
0
0
702
3108
63
0
0
3108
277
0
0
877
0
0
487
0
3108
3108
3108
3108
0
0
3108
0
3108
3108
0
8
720
0
0
0
0
3108
3108
1163
580
0
3108
238
0
0
312
366
3108
0
3108
759
0
0
777
3108
0
0
502
1115
0
3108
3108
2692
3108
3108
0
922
0
3108
3108
812
126
1114
0
314
766
3108
3108
179
0
3108
659
950
1110
0
0
2688
3108
3108
0
0
410
0
0
71
3108
3108
0
0
464
0
0
413
0
0
3108
815
1154
0
3108
0
0
0
3108
0
0
0
0
3108
15
0
0
682
0
0
3108
1110
0
898
670
0
0
42
0
0
1043
0
1113
3108
1124
0
0
110
588
0
636
3108
856
0
853
0
0
0
0
858
3108
3108
0
0
578
0
0
3108
3108
3108
0
0
16
0
256
0
3108
3108
3108
3108
8
3108
0
3108
0
3108
137
0
3108
0
0
0
581
0
0
3108
0
0
983
983
3108
3108
0
3108
3108
4
903
3108
3108
0
0
355
0
946
1022
0
599
0
0
3108
0
0
3108
744
0
3108
0
285
0
0
3108
0
87
3108
0
3108
0
0
227
2749
3108
374
3108
0
0
0
0
961
1217
0
994
0
3108
0
0
0
0
0
3108
0
0
3108
0
85
0
0
0
1229
0
1026
3108
0
0
3108
3108
0
0
1039
12
0
0
1196
752
3108
0
770
0
364
3108
0
0
339
3108
1025
0
1018
0
0
3108
332
0
3108
807
711
0
0
963
648
0
3108
1234
3108
0
0
57
365
3108
1109
0
3108
3108
54
0
193
3108
89
0
0
0
693
0
3108
3108
3108
0
858
0
0
3108
0
186
0
300
3108
1127
0
0
0
0
0
0
0
377
0
1088
0
0
586
856
0
0
3108
938
0
3108
0
3108
0
46
26
6
0
0
3108
0
0
0
0
32
0
595
0
0
0
0
0
0
3108
267
0
116
738
0
0
440
0
3108
3108
3108
0
0
3108
387
856
0
0
3108
0
0
0
3108
0
0
271
0
910
3108
1216
0
0
1078
0
3108
665
0
0
3108
3108
3108
3108
3108
0
0
232
3108
0
0
3108
0
0
0
865
620
3108
3108
0
3108
3108
3108
0
1190
3108
0
0
3108
0
3108
0
3108
0
1059
0
708
0
3108
0
219
3108
0
0
0
0
3108
0
0
0
3108
3108
0
0
3108
885
0
208
3108
1215
3108
0
511
0
972
684
3108
0
0
0
0
0
0
3108
692
0
1092
440
0
3108
0
0
372
0
0
3108
1218
0
3108
0
0
815
3108
0
0
0
0
0
3108
0
0
3108
3108
0
267
0
3108
0
0
3108
0
0
0
243
0
373
3108
3108
0
3108
3108
0
378
0
16
3108
3108
0
0
0
0
0
0
1171
0
3108
0
3108
0
0
197
0
0
3108
0
0
819
0
0
3108
0
0
3108
3108
562
3108
3108
0
0
0
111
0
3108
0
0
0
188
650
648
3108
0
0
3108
0
0
0
0
0
0
713
0
0
250
0
3108
3108
0
616
0
0
1010
3108
3108
0
0
951
0
0
0
3108
3108
0
1011
3108
0
3108
0
8
1139
0
0
1205
3108
758
3108
0
0
3108
3108
0
994
0
0
0
3108
0
0
0
0
0
0
3108
0
0
0
3108
0
3108
3108
288
0
0
3108
0
0
0
3108
3108
0
470
119
827
0
0
869
3108
91
3108
3108
0
3108
0
897
3108
0
0
0
291
2112
0
1163
0
0
0
115
3108
0
0
850
0
3108
0
3108
0
3108
0
2
0
0
929
0
0
0
3108
590
0
0
0
0
3108
0
3108
3108
717
0
0
10
932
0
0
0
0
727
0
299
3108
0
0
0
0
0
0
0
627
538
1071
387
3108
3108
1130
3108
0
267
400
1046
0
0
29
70
973
0
3108
0
1164
192
3108
0
1070
3108
904
114
0
3108
0
0
672
0
1196
3108
0
0
3108
3108
952
0
599
0
0
75
3108
0
646
0
0
3108
0
3108
0
434
0
3108
0
3108
255
0
0
3108
2472
3108
3108
662
3108
0
0
0
0
2
3108
3108
0
145
0
657
613
655
0
3108
1051
1104
400
0
3108
32
0
0
3108
0
3108
3108
0
0
134
3108
3108
0
698
0
0
3108
0
1237
98
0
1041
271
3108
0
238
3108
0
1124
0
3108
0
3108
3108
3108
1022
0
3108
0
0
3108
344
3108
3108
3108
0
3108
3108
3108
3108
1177
635
0
88
0
762
3108
3108
689
0
3108
1042
0
3108
3108
0
0
8
0
0
3108
3108
3108
0
3108
0
242
0
3108
0
52
0
0
279
1201
0
0
0
3108
579
134
261
3108
2672
0
2857
0
1085
0
3108
3108
3108
3108
10
3108
3108
0
225
101
1225
0
0
3108
1130
0
0
3108
3108
0
0
3108
0
0
3108
997
0
0
404
3108
0
0
0
819
3108
0
0
1156
0
3108
0
319
870
0
1159
39
3108
148
0
3108
3108
0
0
596
0
0
0
3108
3108
0
0
0
647
3108
283
0
3108
0
894
740
3108
3108
3108
3108
3108
174
556
646
0
182
0
3108
0
0
0
0
0
0
3108
0
0
3108
0
1052
3108
1122
0
275
887
3108
150
3108
105
0
3108
3108
1069
3108
0
0
888
3108
3108
3108
0
0
0
0
0
3108
3108
0
3108
0
348
336
891
3108
0
3108
0
0
3108
0
542
0
0
0
3108
3108
3108
3108
0
3108
0
771
3108
839
1224
0
1015
0
704
738
436
0
0
0
469
3108
989
0
3108
237
0
576
0
534
975
3108
3108
0
687
3108
0
0
745
0
1056
0
921
3108
0
920
0
461
481
0
0
0
34
3108
973
0
3108
3108
3108
0
0
0
331
0
3108
56
0
946
0
0
834
3108
0
252
118
0
747
0
0
0
3108
3108
3108
215
3108
3108
0
0
3108
0
3108
3108
3108
3108
0
361
0
0
3108
3108
0
3108
3108
3108
0
0
1098
0
3108
0
0
3108
0
3108
1101
364
1063
0
1211
0
526
0
0
3108
589
110
0
3108
3108
3108
3108
3108
3108
1041
882
3108
3108
934
0
385
649
3108
3108
0
160
0
0
0
0
3108
3108
0
3108
3108
3108
3108
1078
0
0
968
0
3108
0
3108
3108
1005
0
0
993
0
3108
0
0
3108
0
380
0
3108
3108
0
0
293
3108
0
0
3108
3108
0
0
3108
3108
0
3108
3108
0
0
0
3108
3108
0
3108
1231
0
3108
310
3108
0
0
0
3108
225
978
0
0
187
0
3108
720
1097
1187
695
0
3108
0
3108
0
0
2996
551
105
0
3108
91
3108
3108
1220
3108
0
860
0
0
1242
0
0
0
0
0
192
0
1175
659
0
96
756
0
3108
0
0
397
0
0
343
3108
0
3108
429
0
1117
473
3108
1208
3108
3108
239
0
22
3108
0
3108
1226
3108
0
3108
0
3108
0
313
0
3108
3108
3108
3108
1083
3108
0
236
0
654
0
0
3108
262
1067
0
3108
0
0
3108
0
0
0
0
3108
0
1077
0
0
3108
3108
0
0
0
3108
3108
497
0
566
3108
0
488
3108
3108
157
0
3108
3108
960
0
3108
0
0
1004
3108
3108
0
0
0
584
1208
0
3108
3108
0
0
0
0
0
3108
0
771
0
0
353
1092
0
654
0
3108
0
3108
0
759
0
3108
3108
0
0
758
0
3108
3108
1014
0
227
0
0
3108
3108
632
1213
0
0
0
3108
162
3108
27
0
0
0
3108
0
0
0
1039
3108
0
32
0
0
3108
0
0
3108
0
3108
3108
0
3108
816
0
0
0
716
636
3108
0
0
3108
0
496
0
3108
0
0
0
568
0
3108
3108
1091
0
1052
52
0
0
0
622
0
0
3108
3108
930
0
0
0
0
3108
0
0
0
0
0
1033
714
0
0
0
872
0
0
0
0
397
0
0
3108
0
3108
0
3108
0
0
0
3108
0
966
0
0
0
0
935
3108
3108
0
0
3108
3108
0
0
0
455
3108
3108
0
3108
1027
337
0
6
0
3108
3108
771
0
0
115
0
3108
3108
0
1140
3108
1005
0
3108
0
0
3108
0
3108
0
0
0
1053
0
3108
3108
1115
0
0
3108
692
0
0
3108
750
0
0
0
8
47
20
0
0
1203
3108
3108
0
3108
0
0
0
0
0
0
3108
70
766
90
708
0
0
0
0
3108
3108
904
2521
0
627
0
0
10
3108
3108
3108
0
0
0
0
1065
0
0
158
830
0
0
3108
0
816
3108
522
3108
0
3108
0
349
3108
0
1007
0
0
3108
0
381
3108
540
3108
3108
467
0
3108
3108
0
3108
3108
3108
3108
0
3108
0
3108
3108
872
3108
3108
0
0
3108
0
3108
3108
0
470
1002
194
3108
0
1233
3108
3108
0
0
0
3108
4
781
2638
0
0
208
3108
0
0
0
577
3108
0
3108
815
1128
0
3108
3108
3108
795
3108
867
3108
613
3108
0
3108
3108
0
429
883
0
3108
307
0
3108
0
966
135
3108
0
966
1047
434
321
150
3108
1138
0
0
3108
737
0
0
3108
0
0
3108
3108
3108
1182
180
715
0
0
951
165
0
3108
423
0
0
8
2
0
0
968
2623
480
3108
3108
0
3108
3108
0
523
0
428
3108
0
657
0
0
311
58
3108
0
0
3108
0
139
10
3108
0
0
0
3108
0
0
649
0
0
3108
0
0
40
3108
0
0
372
0
3108
0
0
1136
10
3108
0
0
0
0
3108
3108
0
0
0
0
0
3108
1039
3108
0
860
1192
0
399
0
0
0
0
0
0
123
0
0
0
0
0
3108
0
0
440
45
0
0
0
152
0
501
0
3108
1148
0
0
738
0
3108
427
0
52
3108
49
1073
0
3108
0
0
45
3108
0
0
3108
3108
0
3108
3108
197
3108
3108
3108
3108
3108
0
1220
3108
0
1142
0
0
10
0
0
1160
861
581
0
0
3108
876
3108
0
3108
3108
0
0
0
0
3108
3108
0
3108
768
0
0
0
1129
0
0
3108
0
0
3108
0
491
816
0
1103
0
0
200
0
0
0
3108
0
0
0
3108
0
0
454
3108
3108
3108
749
3108
783
0
0
3108
3108
106
314
0
3108
3108
3108
60
1213
0
0
867
3108
0
0
3108
0
3108
0
0
1084
3108
3108
0
137
0
801
3108
0
0
0
0
3108
789
1015
3108
3108
3108
3108
570
0
3108
582
1129
2140
0
432
0
32
2344
0
3108
0
0
0
796
853
0
188
0
0
0
0
0
3108
849
3108
0
686
0
37
0
0
360
3108
3108
3108
1082
3108
1053
469
0
0
3108
3108
0
0
0
1104
0
0
0
0
0
3108
3108
3108
0
2
0
0
0
1053
0
0
434
3108
0
3108
709
3108
0
3108
3108
1119
0
3108
0
0
3108
3108
3108
3108
0
0
134
0
0
0
0
0
0
3108
0
3108
1065
3108
0
3108
3108
0
850
0
0
0
0
565
0
3108
1184
3108
3108
0
3108
3108
0
0
0
967
0
3108
3108
0
0
4
0
0
0
3108
0
0
0
3108
3108
3108
3108
592
0
1114
1113
0
880
0
2055
452
0
3108
0
0
0
0
0
955
0
796
3108
3108
2
3108
449
0
3108
147
236
0
0
884
0
1141
3108
342
815
3108
1111
3108
3108
3108
0
93
3108
0
3108
0
3108
3108
3108
0
3108
3108
3108
730
1135
324
0
3108
3108
1186
1056
0
0
287
0
3108
6
3108
0
3108
0
3108
430
3108
230
0
0
0
352
700
1014
0
3108
0
3108
0
0
1182
3108
3108
6
0
0
0
680
0
0
3108
76
837
3108
3108
3108
0
3108
3108
3108
3108
0
0
0
0
3108
0
782
0
3108
358
317
57
3108
0
3108
0
0
3108
1226
0
613
3108
3108
3108
3108
3108
0
406
0
0
0
3108
3108
275
0
593
3108
458
3108
0
858
916
0
76
3108
0
3108
3108
0
0
868
561
3108
0
3108
0
0
50
3108
0
443
0
357
0
0
1155
3108
3108
0
0
0
0
3108
3108
0
3108
0
455
3108
0
0
3108
0
0
0
0
354
0
888
0
3108
867
188
765
1134
689
518
3108
3108
0
3108
0
3108
532
0
0
3108
608
0
0
17
396
0
395
2
0
3108
0
0
456
0
3108
1111
3108
0
0
3108
106
0
3108
174
855
0
0
3108
3108
0
0
3108
0
3108
278
0
3108
3108
3108
1087
3108
3108
0
0
0
0
0
622
0
3108
0
1093
0
3108
0
0
3108
737
0
0
0
931
0
3108
242
3108
0
3108
0
575
3108
0
1221
3108
3108
1051
0
612
3108
0
1032
0
360
0
0
0
292
0
3108
3108
6
0
0
3108
0
1059
623
3108
0
3108
3108
892
3108
3108
175
3108
1197
0
224
0
54
884
299
3108
3108
0
1037
0
0
0
3108
0
3108
0
0
3108
6
65
3108
0
0
0
0
1067
0
3108
0
484
79
0
0
3108
892
0
3108
0
0
3108
8
0
3108
947
0
0
334
3108
3108
0
0
0
916
0
929
3108
3108
0
3108
0
0
0
3108
884
0
0
3108
0
0
0
2536
3108
1211
0
0
0
3108
0
773
0
901
390
302
0
0
2349
0
3108
0
0
161
3108
3108
0
948
3108
3108
737
0
0
709
0
0
3108
0
3108
3108
3108
3108
0
3108
0
0
3108
0
0
0
0
0
0
0
0
3108
830
0
254
743
940
1055
759
0
392
713
0
0
0
3108
1079
3108
3108
3108
77
0
0
0
3108
3108
452
3108
0
0
0
0
1100
0
3108
0
3108
878
3108
2
0
6
355
0
0
0
3108
572
0
845
0
781
3108
788
462
710
3108
3108
1156
0
372
0
0
217
0
662
3108
3108
1238
211
0
3108
0
0
3108
55
3108
3108
591
3108
557
0
1096
1212
1118
0
3108
3108
3108
0
2728
0
0
0
0
488
237
0
0
3108
0
3108
187
0
0
0
3108
0
3108
0
3108
105
3108
3108
3108
0
3108
0
3108
6
0
3108
3108
3108
3108
0
0
0
0
0
0
206
92
180
0
0
0
0
0
3108
3108
0
377
1131
0
0
3108
3108
0
3108
0
0
399
3108
68
3108
360
0
31
0
0
3108
0
3108
1068
0
844
429
0
1074
3108
0
922
0
866
667
3108
0
0
0
620
527
1076
498
0
0
0
3108
1193
0
3108
3108
3108
0
3108
0
617
3108
0
0
0
0
177
1011
0
3108
1051
0
483
3108
515
0
0
0
3108
0
3108
3108
1121
0
3108
8
0
0
201
0
0
3108
3108
116
3108
3108
2619
0
527
0
753
3108
0
3108
1062
806
3108
3108
0
1006
3108
83
0
697
226
0
543
0
799
203
783
0
292
0
3108
125
303
0
3108
0
3108
781
879
0
0
0
1168
3108
0
3108
0
0
3108
0
0
850
3108
0
3108
3108
0
0
0
3108
672
3108
3108
786
0
1179
0
3108
0
0
0
0
0
3108
0
3108
0
0
0
3108
3108
447
0
0
0
3108
3108
0
3108
3108
636
3108
3108
0
3108
3108
0
0
3108
488
0
3108
3108
0
0
950
0
3108
3108
349
0
0
3108
0
8
0
3108
405
1004
0
863
0
1123
3108
0
0
1190
3108
0
3108
848
3108
0
0
0
705
3108
0
0
3108
680
2976
3108
3108
0
3108
0
3108
0
0
0
0
3108
0
10
273
