0
0
435123
0
9696
0
225828
0
30472
20926
0
6138
221057
0
221057
221057
4
221057
0
0
0
0
221057
221057
221057
0
221057
1655
22261
0
18386
0
0
0
0
0
217813
0
12715
0
0
0
0
0
217813
15124
24570
25749
0
217813
0
0
1985
0
0
217813
217813
217813
2413
10640
22783
17286
197964
6572
0
3939
217813
0
217813
0
0
6582
0
217813
95
12152
0
217813
0
0
217813
0
23757
217813
0
19751
0
0
0
0
217813
0
0
0
0
32268
0
217813
0
217813
19097
8002
0
13892
2548
217813
10565
0
0
0
217813
18260
0
217813
0
23073
0
217610
3417
3935
217610
0
0
0
10272
217610
217610
0
217610
0
217610
23388
0
31590
217610
0
217610
217610
3613
0
32586
217610
217610
0
9483
0
217610
217610
217610
217610
217610
217610
22764
0
0
22157
0
0
9206
10266
23313
0
217610
0
0
20977
29831
217610
0
20345
217610
12145
0
0
217610
0
22227
0
0
26852
0
0
7426
217610
0
3201
0
561
0
0
0
1700
0
217610
2678
26817
0
217610
12825
28330
17152
0
13531
0
0
217610
10406
7500
0
217610
0
0
0
217610
21492
217610
1528
0
19990
0
0
217610
0
0
217610
217610
217610
0
0
20050
0
20449
0
15940
217610
217610
191
27211
0
217610
20622
217610
0
217610
19008
217610
7343
0
0
0
217610
14264
7026
320
0
0
10840
0
217610
217610
0
32528
217610
9418
0
7455
0
0
26587
0
0
198649
198649
7249
398
0
12694
15235
20865
8
0
6
6
198649
198649
198649
198649
198649
0
0
18373
0
13398
198649
0
0
198649
0
198649
0
0
0
198649
12518
26900
198649
0
0
198649
198649
0
0
0
0
0
0
0
349
0
198649
0
198649
198649
198649
0
0
0
198649
0
0
23491
198649
0
30442
198649
26152
0
198649
14448
0
0
198649
0
198649
0
29034
198649
0
7726
0
5039
0
26451
0
7700
198649
0
0
198649
198649
13783
17651
0
0
0
0
22616
0
0
198649
0
0
0
198649
198649
198649
26958
0
198649
198649
198649
198649
0
28186
0
29557
198649
0
0
0
0
198649
0
12876
1470
0
11276
198649
198649
198649
198649
22097
29307
0
0
198649
198649
198649
0
10230
0
5569
198649
198649
198649
31014
0
0
0
0
0
0
0
198649
0
0
198649
0
23977
198649
0
0
0
0
0
17535
198649
4
0
0
0
0
0
198649
198649
198649
198649
14641
0
198649
0
198649
21342
198649
0
0
198649
198649
0
0
0
1615
198649
24871
24266
13129
0
0
198649
0
0
14314
6
11090
198649
0
0
198649
24226
0
198649
0
0
9754
198649
0
0
198649
198649
198649
193665
6257
198649
0
14982
14123
9065
0
0
0
12164
0
198649
0
0
198649
198649
0
0
2370
198649
0
10939
0
13304
6341
198649
198649
8387
0
0
21570
198649
198649
198649
0
198649
198649
0
198649
198649
0
17307
30599
198649
0
15771
0
0
0
12
6670
0
0
0
0
0
15075
0
8
0
5676
26488
17358
0
14028
0
22923
30970
198649
198649
0
0
198649
0
198649
11468
0
0
198649
0
198649
21417
0
0
0
0
10712
198649
0
0
0
198649
9384
198649
0
0
11496
12
6479
27468
17259
26747
198649
0
198649
198649
29309
198649
0
198649
198649
198649
0
198649
16970
13296
0
198649
0
0
198649
198649
27990
19544
198649
0
198649
8311
18598
198649
0
198649
0
0
198649
198649
27265
28236
0
0
0
20047
30685
198649
11803
0
26745
0
0
6098
0
0
0
0
0
198649
21935
25182
198649
198649
0
0
10270
198649
198649
198649
0
0
198649
5158
198649
0
32334
198649
198649
198649
0
28027
0
198649
0
0
198649
198649
198649
0
0
0
198649
0
5729
0
0
198649
11935
0
0
198649
0
0
0
0
0
7750
0
0
198649
0
198649
198649
12270
0
0
14523
0
198649
198649
198649
0
0
0
30979
15903
198649
198649
0
198649
0
0
198649
13130
0
198649
198649
198649
0
198649
198649
0
0
18107
6372
0
198649
0
198649
14944
198649
12504
198649
0
0
29806
198649
198649
8122
0
198649
8
4005
21268
0
0
5264
198649
0
25124
198649
0
198649
0
198649
0
0
198649
28554
198649
0
198649
198649
0
198649
198649
198649
0
198649
18093
198649
198649
198649
8495
6074
1773
19612
198649
198649
15913
0
198649
198649
198649
198649
198649
198649
0
0
198649
6
198649
1747
29876
0
198649
198649
198649
4
20431
9865
0
0
0
0
0
0
198649
0
198649
0
14899
198649
198649
198649
0
0
0
198649
198649
24458
31007
198649
6878
198649
198649
198649
0
10
0
198649
12031
28185
198649
0
28616
198649
10829
198649
198649
0
198649
0
0
0
198649
0
0
198649
198649
0
15931
8
28172
198649
198649
31686
198649
0
0
0
0
198649
0
198649
0
0
0
198649
0
196986
198649
198649
0
0
198649
0
198649
10098
4124
5024
14342
16557
0
28748
17682
0
0
2253
198649
0
0
18624
0
198649
198649
198649
198649
198649
0
26288
0
198649
0
198649
0
198649
0
198649
0
0
0
21884
0
16815
198649
28017
198649
198649
16191
198649
0
198649
0
198649
0
198649
198649
22562
198649
198649
0
198649
0
0
0
198649
198649
198649
0
0
198649
10
198649
28453
198649
0
198649
0
198649
0
198649
0
198649
26647
0
67
198649
0
0
198649
198649
0
0
15678
0
198649
198649
0
25010
198649
198649
0
198649
0
198649
198649
922
0
26542
0
198649
0
198649
18103
198649
0
198649
1821
0
0
198649
198649
0
0
198649
12547
198649
0
0
198649
0
198649
0
0
198649
198649
8
198649
0
0
198649
198649
0
198649
198649
0
198649
25592
198649
0
0
198649
198649
198649
198649
198649
198649
198649
0
10
5745
0
198649
0
11419
198649
0
30152
0
30551
0
0
0
12021
198649
3155
198649
4158
31460
14082
198649
0
198649
198649
198649
4075
0
15270
198649
20766
0
198649
198649
32228
0
0
0
198649
0
198649
198649
0
4
198649
0
0
0
0
0
5590
0
10
198649
0
0
198649
0
9611
198649
438
0
198649
198649
198649
0
0
198649
198649
0
10
10
7226
198649
198649
0
0
0
0
8286
198649
0
0
0
198649
0
0
198649
29382
198649
28860
10
198649
0
11491
0
0
0
198649
198649
0
198649
198649
198649
198649
198649
198649
198649
198649
0
30818
10
17583
198649
198649
0
20725
166
198649
23938
198649
15487
190
0
198649
198649
0
0
198649
198649
0
198649
198649
198649
8
198649
198649
198649
198649
198649
198649
2613
0
6
198649
25466
198649
0
198649
198649
198649
198649
198649
0
198649
5655
2345
0
198649
0
0
0
21513
28265
198649
198649
0
0
0
10
15203
0
14086
2290
19833
0
10
0
198649
198649
198649
0
198649
21491
0
198649
0
198649
0
198649
198649
10
0
198649
0
0
198649
0
0
0
198649
2
198649
0
198649
0
0
198649
10
0
198649
198649
198649
0
198649
12669
198649
0
7578
895
198649
198649
0
29779
198649
0
0
0
198649
0
0
198649
10
0
198649
20
198649
0
0
198649
0
198649
0
24431
0
198649
198649
198649
198649
17034
198649
198649
0
198649
198649
0
198649
4551
198649
0
198649
13018
0
198649
198649
7107
198649
0
198649
20122
0
0
0
0
4840
0
198649
0
198649
198649
198649
198649
2
6852
198649
0
198649
0
198649
198649
0
198649
198649
198649
0
198649
198649
198649
0
5835
198649
198649
0
198649
198649
198649
198649
198649
0
0
198649
13784
0
0
0
5659
4821
0
0
10
0
0
2
198649
0
4
26570
0
23489
198649
198649
0
198649
0
198649
0
198649
0
0
0
198649
198649
2
0
0
198649
22425
198649
0
27580
198649
0
198649
0
198649
198649
198649
198649
9845
0
198649
17670
198649
0
198649
198649
12580
0
20523
0
0
0
198649
0
10447
198649
0
31851
0
0
198649
8
198649
0
0
21483
198649
0
0
424
198649
0
4439
198649
0
0
0
0
198649
0
198649
198649
5545
0
32419
25698
198649
0
0
0
9942
198649
198649
0
198649
198649
198649
198649
198649
198649
29939
0
198649
0
198649
198649
3172
0
198649
29680
198649
198649
15999
0
3297
0
4
0
198649
23993
198649
0
0
198649
0
0
0
14840
198649
0
22130
198649
0
198649
14
0
198649
198649
198649
198649
0
198649
6041
198649
198649
0
198649
198649
198649
198649
24679
198649
198649
198649
198649
198649
203748
0
198647
0
0
198647
0
198647
198647
0
198647
0
24795
198647
0
198647
0
198647
0
198647
198647
0
0
0
0
198647
16043
0
0
0
198647
0
0
0
198647
198647
198647
0
198647
198647
0
0
0
0
198647
198647
198647
198647
3323
198647
0
0
198647
0
0
1485
198647
198647
198647
4561
198647
198647
198647
13095
0
198647
198647
21290
198647
198647
24484
27825
0
198647
198647
198647
198647
0
198647
0
0
198647
198647
0
16940
198647
0
198647
4870
0
198647
198647
198647
0
198647
0
198647
198647
198647
198647
198647
198647
198647
198647
24594
0
198647
12530
0
18454
198647
1434
3814
198647
198647
198647
198647
12233
0
2
12956
0
0
3990
0
198647
0
198647
198647
0
0
0
198647
198647
198647
198647
198647
198647
0
0
198647
198374
198647
8
198647
198647
198647
198647
0
198647
198647
21773
198647
0
0
0
198647
12676
0
198647
0
0
198647
0
0
26400
0
198647
0
198647
198647
198647
198647
0
0
198647
21427
18853
198647
198647
198647
198647
198647
0
198647
0
0
198647
27419
0
0
198647
0
0
30431
198647
198647
0
198647
198647
0
198647
198647
198647
0
198647
198647
0
8224
198647
0
0
24045
0
198647
25490
20
0
0
0
14706
198647
0
0
20799
198647
198647
198647
198647
198647
0
198647
198647
0
198647
198647
12512
0
17864
0
0
198647
0
198647
198647
198647
0
198647
198647
1233
198647
198647
198647
198647
198647
198647
198647
198647
26327
6
198647
198647
0
198647
0
29972
31746
0
198647
16221
0
7817
198647
0
198647
198647
0
198647
0
198647
4
0
198647
198647
198647
198647
198647
0
198647
0
0
0
0
198647
0
198647
198647
198647
198647
0
15102
198647
198647
198647
20726
198647
198647
0
0
23438
198647
198647
198647
29837
0
17004
0
8
29600
0
198647
0
8
198647
198647
0
198647
0
198647
0
0
2
198647
198647
5293
198647
0
0
0
198647
0
198647
198647
198647
198647
198647
10331
6173
198647
0
198647
0
28468
198647
0
198647
198647
198647
198647
198647
0
0
198647
0
198647
0
0
198647
0
31086
0
28693
2
198647
0
20
198647
198647
0
198647
0
198647
198647
198647
198647
10
0
24725
198647
198647
20
198647
0
0
198647
0
198647
15533
0
198647
198647
0
20572
198647
198647
198647
198647
